[ 2014-05-25T00:05:10+08:00 ] ERR: (ThinkException) 非法操作:resources
[ 2014-05-25T00:05:10+08:00 ] ERR: (ThinkException) 非法操作:resources
[ 2014-05-25T00:05:17+08:00 ] ERR: (ThinkException) 非法操作:resources
[ 2014-05-25T00:05:17+08:00 ] ERR: (ThinkException) 非法操作:resources
[ 2014-05-25T00:09:56+08:00 ] ERR: (ThinkException) 非法操作:resources
[ 2014-05-25T00:09:56+08:00 ] ERR: (ThinkException) 非法操作:resources
[ 2014-05-25T00:10:01+08:00 ] ERR: (ThinkException) 非法操作:resources
[ 2014-05-25T00:10:01+08:00 ] ERR: (ThinkException) 非法操作:resources
[ 2014-05-25T00:10:54+08:00 ] ERR: (ThinkException) 非法操作:resources
[ 2014-05-25T00:10:54+08:00 ] ERR: (ThinkException) 非法操作:resources
[ 2014-05-25T00:11:00+08:00 ] ERR: (ThinkException) 非法操作:resources
[ 2014-05-25T00:11:00+08:00 ] ERR: (ThinkException) 非法操作:resources
[ 2014-05-25T00:12:02+08:00 ] ERR: (ThinkException) 非法操作:resources
[ 2014-05-25T00:12:02+08:00 ] ERR: (ThinkException) 非法操作:resources
[ 2014-05-25T00:12:22+08:00 ] ERR: (ThinkException) 非法操作:resources
[ 2014-05-25T00:12:22+08:00 ] ERR: (ThinkException) 非法操作:resources
[ 2014-05-25T00:12:27+08:00 ] ERR: (ThinkException) 非法操作:resources
[ 2014-05-25T00:12:27+08:00 ] ERR: (ThinkException) 非法操作:resources
[ 2014-05-25T00:12:51+08:00 ] ERR: (ThinkException) 非法操作:resources
[ 2014-05-25T00:12:51+08:00 ] ERR: (ThinkException) 非法操作:resources
[ 2014-05-25T00:13:34+08:00 ] ERR: (ThinkException) 非法操作:resources
[ 2014-05-25T00:13:34+08:00 ] ERR: (ThinkException) 非法操作:resources
[ 2014-05-25T00:13:40+08:00 ] ERR: (ThinkException) 非法操作:resources
[ 2014-05-25T00:13:40+08:00 ] ERR: (ThinkException) 非法操作:resources
[ 2014-05-25T00:13:44+08:00 ] ERR: (ThinkException) 非法操作:resources
[ 2014-05-25T00:13:44+08:00 ] ERR: (ThinkException) 非法操作:resources
[ 2014-05-25T00:15:00+08:00 ] ERR: (ThinkException) 非法操作:resources
[ 2014-05-25T00:15:00+08:00 ] ERR: (ThinkException) 非法操作:resources
[ 2014-05-25T00:15:03+08:00 ] ERR: (ThinkException) 非法操作:resources
[ 2014-05-25T00:15:03+08:00 ] ERR: (ThinkException) 非法操作:resources
[ 2014-05-25T00:15:07+08:00 ] ERR: (ThinkException) 非法操作:resources
[ 2014-05-25T00:15:07+08:00 ] ERR: (ThinkException) 非法操作:resources
[ 2014-05-25T00:15:07+08:00 ] ERR: (ThinkException) 非法操作:resources
[ 2014-05-25T00:15:07+08:00 ] ERR: (ThinkException) 非法操作:resources
[ 2014-05-25T00:15:16+08:00 ] ERR: (ThinkException) 非法操作:resources
[ 2014-05-25T00:15:16+08:00 ] ERR: (ThinkException) 非法操作:resources
[ 2014-05-25T00:15:20+08:00 ] ERR: (ThinkException) 非法操作:resources
[ 2014-05-25T00:15:20+08:00 ] ERR: (ThinkException) 非法操作:resources
[ 2014-05-25T10:02:00+08:00 ] ERR: (ThinkException) 非法操作:resources
[ 2014-05-25T10:02:00+08:00 ] ERR: (ThinkException) 非法操作:resources
[ 2014-05-25T12:51:21+08:00 ] ERR: (ThinkException) 非法操作:【谢裕大】太平猴魁一级200克礼盒装 茶道人生系
[ 2014-05-25T12:52:14+08:00 ] ERR: (ThinkException) 非法操作:【谢裕大】太平猴魁一级200克礼盒装 茶道人生系
[ 2014-05-25T12:52:22+08:00 ] ERR: (ThinkException) 非法操作:【谢裕大】太平猴魁一级200克礼盒装 茶道人生系
[ 2014-05-25T14:04:17+08:00 ] ERR: (ThinkException) Model:distict您所请求的方法不存在！
[ 2014-05-25T15:01:10+08:00 ] ERR: (ThinkException) 非法操作:resources
[ 2014-05-25T15:01:10+08:00 ] ERR: (ThinkException) 非法操作:resources
[ 2014-05-25T15:02:28+08:00 ] ERR: (ThinkException) 非法操作:resources
[ 2014-05-25T15:02:28+08:00 ] ERR: (ThinkException) 非法操作:resources
[ 2014-05-25T15:02:52+08:00 ] ERR: (ThinkException) 非法操作:resources
[ 2014-05-25T15:02:52+08:00 ] ERR: (ThinkException) 非法操作:resources
[ 2014-05-25T15:02:57+08:00 ] ERR: (ThinkException) 非法操作:resources
[ 2014-05-25T15:02:57+08:00 ] ERR: (ThinkException) 非法操作:resources
[ 2014-05-25T15:04:59+08:00 ] ERR: (ThinkException) 非法操作:resources
[ 2014-05-25T15:04:59+08:00 ] ERR: (ThinkException) 非法操作:resources
[ 2014-05-25T15:06:56+08:00 ] ERR: (ThinkException) 非法操作:resources
[ 2014-05-25T15:06:56+08:00 ] ERR: (ThinkException) 非法操作:resources
[ 2014-05-25T15:06:57+08:00 ] ERR: (ThinkException) 非法操作:resources
[ 2014-05-25T15:06:57+08:00 ] ERR: (ThinkException) 非法操作:resources
[ 2014-05-25T15:07:21+08:00 ] ERR: (ThinkException) 非法操作:resources
[ 2014-05-25T15:07:21+08:00 ] ERR: (ThinkException) 非法操作:resources
[ 2014-05-25T15:07:22+08:00 ] ERR: (ThinkException) 非法操作:resources
[ 2014-05-25T15:07:22+08:00 ] ERR: (ThinkException) 非法操作:resources
[ 2014-05-25T15:07:22+08:00 ] ERR: (ThinkException) 非法操作:resources
[ 2014-05-25T15:07:22+08:00 ] ERR: (ThinkException) 非法操作:resources
[ 2014-05-25T15:08:36+08:00 ] ERR: (ThinkException) 非法操作:resources
[ 2014-05-25T15:08:36+08:00 ] ERR: (ThinkException) 非法操作:resources
[ 2014-05-25T15:09:41+08:00 ] ERR: (ThinkException) 非法操作:resources
[ 2014-05-25T15:09:41+08:00 ] ERR: (ThinkException) 非法操作:resources
[ 2014-05-25T15:09:59+08:00 ] ERR: (ThinkException) 非法操作:resources
[ 2014-05-25T15:09:59+08:00 ] ERR: (ThinkException) 非法操作:resources
[ 2014-05-25T15:10:19+08:00 ] ERR: (ThinkException) 非法操作:resources
[ 2014-05-25T15:10:19+08:00 ] ERR: (ThinkException) 非法操作:resources
[ 2014-05-25T15:10:41+08:00 ] ERR: (ThinkException) 非法操作:resources
[ 2014-05-25T15:10:41+08:00 ] ERR: (ThinkException) 非法操作:resources
[ 2014-05-25T16:43:40+08:00 ] ERR: (ThinkException) 非法操作:resources
[ 2014-05-25T16:43:40+08:00 ] ERR: (ThinkException) 非法操作:resources
[ 2014-05-25T16:43:45+08:00 ] ERR: (ThinkException) 非法操作:resources
[ 2014-05-25T16:43:45+08:00 ] ERR: (ThinkException) 非法操作:resources
[ 2014-05-25T16:43:50+08:00 ] ERR: (ThinkException) 非法操作:resources
[ 2014-05-25T16:43:50+08:00 ] ERR: (ThinkException) 非法操作:resources
[ 2014-05-25T16:43:55+08:00 ] ERR: (ThinkException) 非法操作:resources
[ 2014-05-25T16:43:55+08:00 ] ERR: (ThinkException) 非法操作:resources
[ 2014-05-25T16:44:00+08:00 ] ERR: (ThinkException) 非法操作:resources
[ 2014-05-25T16:44:00+08:00 ] ERR: (ThinkException) 非法操作:resources
[ 2014-05-25T16:44:06+08:00 ] ERR: (ThinkException) 非法操作:resources
[ 2014-05-25T16:44:06+08:00 ] ERR: (ThinkException) 非法操作:resources
[ 2014-05-25T16:44:11+08:00 ] ERR: (ThinkException) 非法操作:resources
[ 2014-05-25T16:44:11+08:00 ] ERR: (ThinkException) 非法操作:resources
[ 2014-05-25T16:45:17+08:00 ] ERR: (ThinkException) 非法操作:resources
[ 2014-05-25T16:45:17+08:00 ] ERR: (ThinkException) 非法操作:resources
[ 2014-05-25T16:45:22+08:00 ] ERR: (ThinkException) 非法操作:resources
[ 2014-05-25T16:45:22+08:00 ] ERR: (ThinkException) 非法操作:resources
[ 2014-05-25T16:45:27+08:00 ] ERR: (ThinkException) 非法操作:resources
[ 2014-05-25T16:45:27+08:00 ] ERR: (ThinkException) 非法操作:resources
[ 2014-05-25T16:45:32+08:00 ] ERR: (ThinkException) 非法操作:resources
[ 2014-05-25T16:45:32+08:00 ] ERR: (ThinkException) 非法操作:resources
[ 2014-05-25T16:45:37+08:00 ] ERR: (ThinkException) 非法操作:resources
[ 2014-05-25T16:45:37+08:00 ] ERR: (ThinkException) 非法操作:resources
[ 2014-05-25T16:45:42+08:00 ] ERR: (ThinkException) 非法操作:resources
[ 2014-05-25T16:45:42+08:00 ] ERR: (ThinkException) 非法操作:resources
[ 2014-05-25T16:45:48+08:00 ] ERR: (ThinkException) 非法操作:resources
[ 2014-05-25T16:45:48+08:00 ] ERR: (ThinkException) 非法操作:resources
[ 2014-05-25T16:45:53+08:00 ] ERR: (ThinkException) 非法操作:resources
[ 2014-05-25T16:45:53+08:00 ] ERR: (ThinkException) 非法操作:resources
[ 2014-05-25T16:45:58+08:00 ] ERR: (ThinkException) 非法操作:resources
[ 2014-05-25T16:45:58+08:00 ] ERR: (ThinkException) 非法操作:resources
[ 2014-05-25T16:46:03+08:00 ] ERR: (ThinkException) 非法操作:resources
[ 2014-05-25T16:46:03+08:00 ] ERR: (ThinkException) 非法操作:resources
[ 2014-05-25T16:46:06+08:00 ] ERR: (ThinkException) 非法操作:resources
[ 2014-05-25T16:46:06+08:00 ] ERR: (ThinkException) 非法操作:resources
[ 2014-05-25T16:46:11+08:00 ] ERR: (ThinkException) 非法操作:resources
[ 2014-05-25T16:46:11+08:00 ] ERR: (ThinkException) 非法操作:resources
[ 2014-05-25T16:46:16+08:00 ] ERR: (ThinkException) 非法操作:resources
[ 2014-05-25T16:46:16+08:00 ] ERR: (ThinkException) 非法操作:resources
[ 2014-05-25T16:46:21+08:00 ] ERR: (ThinkException) 非法操作:resources
[ 2014-05-25T16:46:21+08:00 ] ERR: (ThinkException) 非法操作:resources
[ 2014-05-25T16:46:27+08:00 ] ERR: (ThinkException) 非法操作:resources
[ 2014-05-25T16:46:27+08:00 ] ERR: (ThinkException) 非法操作:resources
[ 2014-05-25T16:46:32+08:00 ] ERR: (ThinkException) 非法操作:resources
[ 2014-05-25T16:46:32+08:00 ] ERR: (ThinkException) 非法操作:resources
[ 2014-05-25T16:46:37+08:00 ] ERR: (ThinkException) 非法操作:resources
[ 2014-05-25T16:46:37+08:00 ] ERR: (ThinkException) 非法操作:resources
[ 2014-05-25T16:46:40+08:00 ] ERR: (ThinkException) 非法操作:resources
[ 2014-05-25T16:46:40+08:00 ] ERR: (ThinkException) 非法操作:resources
[ 2014-05-25T16:46:45+08:00 ] ERR: (ThinkException) 非法操作:resources
[ 2014-05-25T16:46:45+08:00 ] ERR: (ThinkException) 非法操作:resources
[ 2014-05-25T16:46:50+08:00 ] ERR: (ThinkException) 非法操作:resources
[ 2014-05-25T16:46:50+08:00 ] ERR: (ThinkException) 非法操作:resources
[ 2014-05-25T16:46:53+08:00 ] ERR: (ThinkException) 非法操作:resources
[ 2014-05-25T16:46:53+08:00 ] ERR: (ThinkException) 非法操作:resources
[ 2014-05-25T16:46:58+08:00 ] ERR: (ThinkException) 非法操作:resources
[ 2014-05-25T16:46:58+08:00 ] ERR: (ThinkException) 非法操作:resources
[ 2014-05-25T16:47:04+08:00 ] ERR: (ThinkException) 非法操作:resources
[ 2014-05-25T16:47:04+08:00 ] ERR: (ThinkException) 非法操作:resources
[ 2014-05-25T16:47:09+08:00 ] ERR: (ThinkException) 非法操作:resources
[ 2014-05-25T16:47:09+08:00 ] ERR: (ThinkException) 非法操作:resources
[ 2014-05-25T16:47:14+08:00 ] ERR: (ThinkException) 非法操作:resources
[ 2014-05-25T16:47:14+08:00 ] ERR: (ThinkException) 非法操作:resources
[ 2014-05-25T16:47:19+08:00 ] ERR: (ThinkException) 非法操作:resources
[ 2014-05-25T16:47:19+08:00 ] ERR: (ThinkException) 非法操作:resources
[ 2014-05-25T16:47:24+08:00 ] ERR: (ThinkException) 非法操作:resources
[ 2014-05-25T16:47:24+08:00 ] ERR: (ThinkException) 非法操作:resources
[ 2014-05-25T16:47:29+08:00 ] ERR: (ThinkException) 非法操作:resources
[ 2014-05-25T16:47:29+08:00 ] ERR: (ThinkException) 非法操作:resources
[ 2014-05-25T16:56:44+08:00 ] ERR: (ThinkException) 非法操作:resources
[ 2014-05-25T16:56:44+08:00 ] ERR: (ThinkException) 非法操作:resources
[ 2014-05-25T16:56:58+08:00 ] ERR: (ThinkException) 非法操作:resources
[ 2014-05-25T16:56:58+08:00 ] ERR: (ThinkException) 非法操作:resources
[ 2014-05-25T16:59:27+08:00 ] ERR: (ThinkException) 非法操作:resources
[ 2014-05-25T16:59:27+08:00 ] ERR: (ThinkException) 非法操作:resources
[ 2014-05-25T16:59:32+08:00 ] 127.0.0.1 /teaShop/admin.php/Order/index
INFO: [ app_begin ] --START--
INFO: Run ReadHtmlCache Behavior [ RunTime:0.000628s ]
INFO: [ app_begin ] --END-- [ RunTime:0.000685s ]
SQL: DESCRIBE t_orderview [ RunTime:0.003601s ]
SQL: DESCRIBE t_order [ RunTime:0.002651s ]
SQL: SELECT COUNT(*) AS tp_count FROM `t_orderview` LIMIT 1   [ RunTime:0.000664s ]
SQL: SELECT `pk_Order_Id` FROM `t_order` ORDER BY Order_Time desc  [ RunTime:0.000273s ]
SQL: SELECT * FROM `t_orderview` ORDER BY Order_Time desc LIMIT 0,5   [ RunTime:0.000820s ]
INFO: [ view_template ] --START--
INFO: Run LocationTemplate Behavior [ RunTime:0.000616s ]
INFO: [ view_template ] --END-- [ RunTime:0.000676s ]
INFO: [ view_parse ] --START--
NOTIC: [8] Undefined variable: adminname F:\www\teaShop\Admin\Runtime\Cache\e4c4ef3b34f19af1320786caba9e39c3.php 第 66 行.
INFO: Run ParseTemplate Behavior [ RunTime:0.017221s ]
INFO: [ view_parse ] --END-- [ RunTime:0.017281s ]
INFO: [ view_filter ] --START--
INFO: Run ContentReplace Behavior [ RunTime:0.000585s ]
INFO: Run TokenBuild Behavior [ RunTime:0.000521s ]
INFO: Run WriteHtmlCache Behavior [ RunTime:0.000390s ]
INFO: Run ShowRuntime Behavior [ RunTime:0.000592s ]
INFO: [ view_filter ] --END-- [ RunTime:0.002246s ]
INFO: [ view_end ] --START--
INFO: Run ShowPageTrace Behavior [ RunTime:0.000713s ]
INFO: [ view_end ] --END-- [ RunTime:0.000767s ]

[ 2014-05-25T16:59:32+08:00 ] ERR: (ThinkException) 非法操作:resources
[ 2014-05-25T16:59:32+08:00 ] ERR: (ThinkException) 非法操作:resources
[ 2014-05-25T16:59:37+08:00 ] 127.0.0.1 /teaShop/admin.php/Order/index
INFO: [ app_begin ] --START--
INFO: Run ReadHtmlCache Behavior [ RunTime:0.000583s ]
INFO: [ app_begin ] --END-- [ RunTime:0.000639s ]
SQL: DESCRIBE t_orderview [ RunTime:0.003573s ]
SQL: DESCRIBE t_order [ RunTime:0.003046s ]
SQL: SELECT COUNT(*) AS tp_count FROM `t_orderview` LIMIT 1   [ RunTime:0.000643s ]
SQL: SELECT `pk_Order_Id` FROM `t_order` ORDER BY Order_Time desc  [ RunTime:0.000217s ]
SQL: SELECT * FROM `t_orderview` ORDER BY Order_Time desc LIMIT 0,5   [ RunTime:0.000707s ]
INFO: [ view_template ] --START--
INFO: Run LocationTemplate Behavior [ RunTime:0.000553s ]
INFO: [ view_template ] --END-- [ RunTime:0.000609s ]
INFO: [ view_parse ] --START--
NOTIC: [8] Undefined variable: adminname F:\www\teaShop\Admin\Runtime\Cache\e4c4ef3b34f19af1320786caba9e39c3.php 第 66 行.
INFO: Run ParseTemplate Behavior [ RunTime:0.018554s ]
INFO: [ view_parse ] --END-- [ RunTime:0.018613s ]
INFO: [ view_filter ] --START--
INFO: Run ContentReplace Behavior [ RunTime:0.000574s ]
INFO: Run TokenBuild Behavior [ RunTime:0.000448s ]
INFO: Run WriteHtmlCache Behavior [ RunTime:0.000310s ]
INFO: Run ShowRuntime Behavior [ RunTime:0.000545s ]
INFO: [ view_filter ] --END-- [ RunTime:0.002032s ]
INFO: [ view_end ] --START--
INFO: Run ShowPageTrace Behavior [ RunTime:0.000688s ]
INFO: [ view_end ] --END-- [ RunTime:0.000739s ]

[ 2014-05-25T16:59:37+08:00 ] ERR: (ThinkException) 非法操作:resources
[ 2014-05-25T16:59:37+08:00 ] ERR: (ThinkException) 非法操作:resources
[ 2014-05-25T16:59:37+08:00 ] 127.0.0.1 /teaShop/admin.php/Order/index
INFO: [ app_begin ] --START--
INFO: Run ReadHtmlCache Behavior [ RunTime:0.000551s ]
INFO: [ app_begin ] --END-- [ RunTime:0.000605s ]
SQL: DESCRIBE t_orderview [ RunTime:0.016291s ]
SQL: DESCRIBE t_order [ RunTime:0.003819s ]
SQL: SELECT COUNT(*) AS tp_count FROM `t_orderview` LIMIT 1   [ RunTime:0.000749s ]
SQL: SELECT `pk_Order_Id` FROM `t_order` ORDER BY Order_Time desc  [ RunTime:0.000232s ]
SQL: SELECT * FROM `t_orderview` ORDER BY Order_Time desc LIMIT 0,5   [ RunTime:0.000710s ]
INFO: [ view_template ] --START--
INFO: Run LocationTemplate Behavior [ RunTime:0.001238s ]
INFO: [ view_template ] --END-- [ RunTime:0.001339s ]
INFO: [ view_parse ] --START--
NOTIC: [8] Undefined variable: adminname F:\www\teaShop\Admin\Runtime\Cache\e4c4ef3b34f19af1320786caba9e39c3.php 第 66 行.
INFO: Run ParseTemplate Behavior [ RunTime:0.018943s ]
INFO: [ view_parse ] --END-- [ RunTime:0.019037s ]
INFO: [ view_filter ] --START--
INFO: Run ContentReplace Behavior [ RunTime:0.001220s ]
INFO: Run TokenBuild Behavior [ RunTime:0.000780s ]
INFO: Run WriteHtmlCache Behavior [ RunTime:0.000410s ]
INFO: Run ShowRuntime Behavior [ RunTime:0.000718s ]
INFO: [ view_filter ] --END-- [ RunTime:0.003332s ]
INFO: [ view_end ] --START--
INFO: Run ShowPageTrace Behavior [ RunTime:0.000813s ]
INFO: [ view_end ] --END-- [ RunTime:0.000882s ]

[ 2014-05-25T16:59:37+08:00 ] ERR: (ThinkException) 非法操作:resources
[ 2014-05-25T16:59:37+08:00 ] ERR: (ThinkException) 非法操作:resources
[ 2014-05-25T16:59:42+08:00 ] 127.0.0.1 /teaShop/admin.php/Order/index
INFO: [ app_begin ] --START--
INFO: Run ReadHtmlCache Behavior [ RunTime:0.000741s ]
INFO: [ app_begin ] --END-- [ RunTime:0.000822s ]
SQL: DESCRIBE t_orderview [ RunTime:0.004271s ]
SQL: DESCRIBE t_order [ RunTime:0.002677s ]
SQL: SELECT COUNT(*) AS tp_count FROM `t_orderview` LIMIT 1   [ RunTime:0.000570s ]
SQL: SELECT `pk_Order_Id` FROM `t_order` ORDER BY Order_Time desc  [ RunTime:0.000187s ]
SQL: SELECT * FROM `t_orderview` ORDER BY Order_Time desc LIMIT 0,5   [ RunTime:0.000670s ]
INFO: [ view_template ] --START--
INFO: Run LocationTemplate Behavior [ RunTime:0.000531s ]
INFO: [ view_template ] --END-- [ RunTime:0.000590s ]
INFO: [ view_parse ] --START--
NOTIC: [8] Undefined variable: adminname F:\www\teaShop\Admin\Runtime\Cache\e4c4ef3b34f19af1320786caba9e39c3.php 第 66 行.
INFO: Run ParseTemplate Behavior [ RunTime:0.017263s ]
INFO: [ view_parse ] --END-- [ RunTime:0.017337s ]
INFO: [ view_filter ] --START--
INFO: Run ContentReplace Behavior [ RunTime:0.000778s ]
INFO: Run TokenBuild Behavior [ RunTime:0.000603s ]
INFO: Run WriteHtmlCache Behavior [ RunTime:0.000371s ]
INFO: Run ShowRuntime Behavior [ RunTime:0.000685s ]
INFO: [ view_filter ] --END-- [ RunTime:0.002654s ]
INFO: [ view_end ] --START--
INFO: Run ShowPageTrace Behavior [ RunTime:0.000718s ]
INFO: [ view_end ] --END-- [ RunTime:0.000805s ]

[ 2014-05-25T16:59:42+08:00 ] ERR: (ThinkException) 非法操作:resources
[ 2014-05-25T16:59:42+08:00 ] ERR: (ThinkException) 非法操作:resources
[ 2014-05-25T16:59:42+08:00 ] 127.0.0.1 /teaShop/admin.php/Order/index
INFO: [ app_begin ] --START--
INFO: Run ReadHtmlCache Behavior [ RunTime:0.000595s ]
INFO: [ app_begin ] --END-- [ RunTime:0.000666s ]
SQL: DESCRIBE t_orderview [ RunTime:0.021066s ]
SQL: DESCRIBE t_order [ RunTime:0.003035s ]
SQL: SELECT COUNT(*) AS tp_count FROM `t_orderview` LIMIT 1   [ RunTime:0.000683s ]
SQL: SELECT `pk_Order_Id` FROM `t_order` ORDER BY Order_Time desc  [ RunTime:0.000273s ]
SQL: SELECT * FROM `t_orderview` ORDER BY Order_Time desc LIMIT 0,5   [ RunTime:0.000858s ]
INFO: [ view_template ] --START--
INFO: Run LocationTemplate Behavior [ RunTime:0.000590s ]
INFO: [ view_template ] --END-- [ RunTime:0.000670s ]
INFO: [ view_parse ] --START--
NOTIC: [8] Undefined variable: adminname F:\www\teaShop\Admin\Runtime\Cache\e4c4ef3b34f19af1320786caba9e39c3.php 第 66 行.
INFO: Run ParseTemplate Behavior [ RunTime:0.021853s ]
INFO: [ view_parse ] --END-- [ RunTime:0.021935s ]
INFO: [ view_filter ] --START--
INFO: Run ContentReplace Behavior [ RunTime:0.000795s ]
INFO: Run TokenBuild Behavior [ RunTime:0.000821s ]
INFO: Run WriteHtmlCache Behavior [ RunTime:0.000565s ]
INFO: Run ShowRuntime Behavior [ RunTime:0.000596s ]
INFO: [ view_filter ] --END-- [ RunTime:0.003036s ]
INFO: [ view_end ] --START--
INFO: Run ShowPageTrace Behavior [ RunTime:0.000812s ]
INFO: [ view_end ] --END-- [ RunTime:0.000875s ]

[ 2014-05-25T16:59:42+08:00 ] 127.0.0.1 /teaShop/admin.php/Order/index
INFO: [ app_begin ] --START--
INFO: Run ReadHtmlCache Behavior [ RunTime:0.000565s ]
INFO: [ app_begin ] --END-- [ RunTime:0.000622s ]
SQL: DESCRIBE t_orderview [ RunTime:0.004361s ]
SQL: DESCRIBE t_order [ RunTime:0.002834s ]
SQL: SELECT COUNT(*) AS tp_count FROM `t_orderview` LIMIT 1   [ RunTime:0.000649s ]
SQL: SELECT `pk_Order_Id` FROM `t_order` ORDER BY Order_Time desc  [ RunTime:0.003431s ]
SQL: SELECT * FROM `t_orderview` ORDER BY Order_Time desc LIMIT 0,5   [ RunTime:0.000917s ]
INFO: [ view_template ] --START--
INFO: Run LocationTemplate Behavior [ RunTime:0.000525s ]
INFO: [ view_template ] --END-- [ RunTime:0.000600s ]
INFO: [ view_parse ] --START--
NOTIC: [8] Undefined variable: adminname F:\www\teaShop\Admin\Runtime\Cache\e4c4ef3b34f19af1320786caba9e39c3.php 第 66 行.
INFO: Run ParseTemplate Behavior [ RunTime:0.019946s ]
INFO: [ view_parse ] --END-- [ RunTime:0.020030s ]
INFO: [ view_filter ] --START--
INFO: Run ContentReplace Behavior [ RunTime:0.000547s ]
INFO: Run TokenBuild Behavior [ RunTime:0.000435s ]
INFO: Run WriteHtmlCache Behavior [ RunTime:0.000306s ]
INFO: Run ShowRuntime Behavior [ RunTime:0.000497s ]
INFO: [ view_filter ] --END-- [ RunTime:0.001936s ]
INFO: [ view_end ] --START--
INFO: Run ShowPageTrace Behavior [ RunTime:0.000622s ]
INFO: [ view_end ] --END-- [ RunTime:0.000673s ]

[ 2014-05-25T16:59:42+08:00 ] ERR: (ThinkException) 非法操作:resources
[ 2014-05-25T16:59:42+08:00 ] ERR: (ThinkException) 非法操作:resources
[ 2014-05-25T16:59:42+08:00 ] ERR: (ThinkException) 非法操作:resources
[ 2014-05-25T16:59:47+08:00 ] 127.0.0.1 /teaShop/admin.php/Order/index
INFO: [ app_begin ] --START--
INFO: Run ReadHtmlCache Behavior [ RunTime:0.000605s ]
INFO: [ app_begin ] --END-- [ RunTime:0.000663s ]
SQL: DESCRIBE t_orderview [ RunTime:0.003634s ]
SQL: DESCRIBE t_order [ RunTime:0.002973s ]
SQL: SELECT COUNT(*) AS tp_count FROM `t_orderview` LIMIT 1   [ RunTime:0.000710s ]
SQL: SELECT `pk_Order_Id` FROM `t_order` ORDER BY Order_Time desc  [ RunTime:0.000219s ]
SQL: SELECT * FROM `t_orderview` ORDER BY Order_Time desc LIMIT 0,5   [ RunTime:0.000722s ]
INFO: [ view_template ] --START--
INFO: Run LocationTemplate Behavior [ RunTime:0.000557s ]
INFO: [ view_template ] --END-- [ RunTime:0.000616s ]
INFO: [ view_parse ] --START--
NOTIC: [8] Undefined variable: adminname F:\www\teaShop\Admin\Runtime\Cache\e4c4ef3b34f19af1320786caba9e39c3.php 第 66 行.
INFO: Run ParseTemplate Behavior [ RunTime:0.017453s ]
INFO: [ view_parse ] --END-- [ RunTime:0.017515s ]
INFO: [ view_filter ] --START--
INFO: Run ContentReplace Behavior [ RunTime:0.000589s ]
INFO: Run TokenBuild Behavior [ RunTime:0.000481s ]
INFO: Run WriteHtmlCache Behavior [ RunTime:0.000352s ]
INFO: Run ShowRuntime Behavior [ RunTime:0.001108s ]
INFO: [ view_filter ] --END-- [ RunTime:0.002698s ]
INFO: [ view_end ] --START--
INFO: Run ShowPageTrace Behavior [ RunTime:0.001208s ]
INFO: [ view_end ] --END-- [ RunTime:0.001273s ]

[ 2014-05-25T16:59:47+08:00 ] 127.0.0.1 /teaShop/admin.php/Order/index
INFO: [ app_begin ] --START--
INFO: Run ReadHtmlCache Behavior [ RunTime:0.000581s ]
INFO: [ app_begin ] --END-- [ RunTime:0.000641s ]
SQL: DESCRIBE t_orderview [ RunTime:0.003936s ]
SQL: DESCRIBE t_order [ RunTime:0.003092s ]
SQL: SELECT COUNT(*) AS tp_count FROM `t_orderview` LIMIT 1   [ RunTime:0.000924s ]
SQL: SELECT `pk_Order_Id` FROM `t_order` ORDER BY Order_Time desc  [ RunTime:0.000393s ]
SQL: SELECT * FROM `t_orderview` ORDER BY Order_Time desc LIMIT 0,5   [ RunTime:0.001119s ]
INFO: [ view_template ] --START--
INFO: Run LocationTemplate Behavior [ RunTime:0.001752s ]
INFO: [ view_template ] --END-- [ RunTime:0.001829s ]
INFO: [ view_parse ] --START--
NOTIC: [8] Undefined variable: adminname F:\www\teaShop\Admin\Runtime\Cache\e4c4ef3b34f19af1320786caba9e39c3.php 第 66 行.
INFO: Run ParseTemplate Behavior [ RunTime:0.031566s ]
INFO: [ view_parse ] --END-- [ RunTime:0.031629s ]
INFO: [ view_filter ] --START--
INFO: Run ContentReplace Behavior [ RunTime:0.000927s ]
INFO: Run TokenBuild Behavior [ RunTime:0.000848s ]
INFO: Run WriteHtmlCache Behavior [ RunTime:0.000487s ]
INFO: Run ShowRuntime Behavior [ RunTime:0.000768s ]
INFO: [ view_filter ] --END-- [ RunTime:0.003289s ]
INFO: [ view_end ] --START--
INFO: Run ShowPageTrace Behavior [ RunTime:0.001031s ]
INFO: [ view_end ] --END-- [ RunTime:0.001125s ]

[ 2014-05-25T16:59:47+08:00 ] ERR: (ThinkException) 非法操作:resources
[ 2014-05-25T16:59:47+08:00 ] ERR: (ThinkException) 非法操作:resources
[ 2014-05-25T16:59:47+08:00 ] 127.0.0.1 /teaShop/admin.php/Order/index
INFO: [ app_begin ] --START--
INFO: Run ReadHtmlCache Behavior [ RunTime:0.000935s ]
INFO: [ app_begin ] --END-- [ RunTime:0.001033s ]
SQL: DESCRIBE t_orderview [ RunTime:0.005295s ]
SQL: DESCRIBE t_order [ RunTime:0.003986s ]
SQL: SELECT COUNT(*) AS tp_count FROM `t_orderview` LIMIT 1   [ RunTime:0.000906s ]
SQL: SELECT `pk_Order_Id` FROM `t_order` ORDER BY Order_Time desc  [ RunTime:0.000347s ]
SQL: SELECT * FROM `t_orderview` ORDER BY Order_Time desc LIMIT 0,5   [ RunTime:0.001192s ]
INFO: [ view_template ] --START--
INFO: Run LocationTemplate Behavior [ RunTime:0.000632s ]
INFO: [ view_template ] --END-- [ RunTime:0.000711s ]
INFO: [ view_parse ] --START--
NOTIC: [8] Undefined variable: adminname F:\www\teaShop\Admin\Runtime\Cache\e4c4ef3b34f19af1320786caba9e39c3.php 第 66 行.
INFO: Run ParseTemplate Behavior [ RunTime:0.022106s ]
INFO: [ view_parse ] --END-- [ RunTime:0.022187s ]
INFO: [ view_filter ] --START--
INFO: Run ContentReplace Behavior [ RunTime:0.000853s ]
INFO: Run TokenBuild Behavior [ RunTime:0.000729s ]
INFO: Run WriteHtmlCache Behavior [ RunTime:0.000508s ]
INFO: Run ShowRuntime Behavior [ RunTime:0.000829s ]
INFO: [ view_filter ] --END-- [ RunTime:0.003192s ]
INFO: [ view_end ] --START--
INFO: Run ShowPageTrace Behavior [ RunTime:0.001053s ]
INFO: [ view_end ] --END-- [ RunTime:0.001151s ]

[ 2014-05-25T16:59:48+08:00 ] 127.0.0.1 /teaShop/admin.php/Order/index
INFO: [ app_begin ] --START--
INFO: Run ReadHtmlCache Behavior [ RunTime:0.000820s ]
INFO: [ app_begin ] --END-- [ RunTime:0.000897s ]
SQL: DESCRIBE t_orderview [ RunTime:0.005253s ]
SQL: DESCRIBE t_order [ RunTime:0.003744s ]
SQL: SELECT COUNT(*) AS tp_count FROM `t_orderview` LIMIT 1   [ RunTime:0.000902s ]
SQL: SELECT `pk_Order_Id` FROM `t_order` ORDER BY Order_Time desc  [ RunTime:0.000417s ]
SQL: SELECT * FROM `t_orderview` ORDER BY Order_Time desc LIMIT 0,5   [ RunTime:0.001569s ]
INFO: [ view_template ] --START--
INFO: Run LocationTemplate Behavior [ RunTime:0.000817s ]
INFO: [ view_template ] --END-- [ RunTime:0.000920s ]
INFO: [ view_parse ] --START--
NOTIC: [8] Undefined variable: adminname F:\www\teaShop\Admin\Runtime\Cache\e4c4ef3b34f19af1320786caba9e39c3.php 第 66 行.
INFO: Run ParseTemplate Behavior [ RunTime:0.027644s ]
INFO: [ view_parse ] --END-- [ RunTime:0.027755s ]
INFO: [ view_filter ] --START--
INFO: Run ContentReplace Behavior [ RunTime:0.000819s ]
INFO: Run TokenBuild Behavior [ RunTime:0.000633s ]
INFO: Run WriteHtmlCache Behavior [ RunTime:0.000443s ]
INFO: Run ShowRuntime Behavior [ RunTime:0.000763s ]
INFO: [ view_filter ] --END-- [ RunTime:0.002901s ]
INFO: [ view_end ] --START--
INFO: Run ShowPageTrace Behavior [ RunTime:0.001028s ]
INFO: [ view_end ] --END-- [ RunTime:0.001128s ]

[ 2014-05-25T16:59:48+08:00 ] ERR: (ThinkException) 非法操作:resources
[ 2014-05-25T16:59:48+08:00 ] ERR: (ThinkException) 非法操作:resources
[ 2014-05-25T16:59:48+08:00 ] ERR: (ThinkException) 非法操作:resources
[ 2014-05-25T16:59:48+08:00 ] ERR: (ThinkException) 非法操作:resources
[ 2014-05-25T16:59:52+08:00 ] 127.0.0.1 /teaShop/admin.php/Order/index
INFO: [ app_begin ] --START--
INFO: Run ReadHtmlCache Behavior [ RunTime:0.000596s ]
INFO: [ app_begin ] --END-- [ RunTime:0.000653s ]
SQL: DESCRIBE t_orderview [ RunTime:0.003843s ]
SQL: DESCRIBE t_order [ RunTime:0.002839s ]
SQL: SELECT COUNT(*) AS tp_count FROM `t_orderview` LIMIT 1   [ RunTime:0.000623s ]
SQL: SELECT `pk_Order_Id` FROM `t_order` ORDER BY Order_Time desc  [ RunTime:0.000251s ]
SQL: SELECT * FROM `t_orderview` ORDER BY Order_Time desc LIMIT 0,5   [ RunTime:0.000918s ]
INFO: [ view_template ] --START--
INFO: Run LocationTemplate Behavior [ RunTime:0.000606s ]
INFO: [ view_template ] --END-- [ RunTime:0.000670s ]
INFO: [ view_parse ] --START--
NOTIC: [8] Undefined variable: adminname F:\www\teaShop\Admin\Runtime\Cache\e4c4ef3b34f19af1320786caba9e39c3.php 第 66 行.
INFO: Run ParseTemplate Behavior [ RunTime:0.018654s ]
INFO: [ view_parse ] --END-- [ RunTime:0.018714s ]
INFO: [ view_filter ] --START--
INFO: Run ContentReplace Behavior [ RunTime:0.000543s ]
INFO: Run TokenBuild Behavior [ RunTime:0.000440s ]
INFO: Run WriteHtmlCache Behavior [ RunTime:0.000305s ]
INFO: Run ShowRuntime Behavior [ RunTime:0.000609s ]
INFO: [ view_filter ] --END-- [ RunTime:0.002066s ]
INFO: [ view_end ] --START--
INFO: Run ShowPageTrace Behavior [ RunTime:0.001015s ]
INFO: [ view_end ] --END-- [ RunTime:0.001101s ]

[ 2014-05-25T16:59:52+08:00 ] 127.0.0.1 /teaShop/admin.php/Order/index
INFO: [ app_begin ] --START--
INFO: Run ReadHtmlCache Behavior [ RunTime:0.001098s ]
INFO: [ app_begin ] --END-- [ RunTime:0.001182s ]
SQL: DESCRIBE t_orderview [ RunTime:0.004299s ]
SQL: DESCRIBE t_order [ RunTime:0.003970s ]
SQL: SELECT COUNT(*) AS tp_count FROM `t_orderview` LIMIT 1   [ RunTime:0.000976s ]
SQL: SELECT `pk_Order_Id` FROM `t_order` ORDER BY Order_Time desc  [ RunTime:0.000282s ]
SQL: SELECT * FROM `t_orderview` ORDER BY Order_Time desc LIMIT 0,5   [ RunTime:0.000861s ]
INFO: [ view_template ] --START--
INFO: Run LocationTemplate Behavior [ RunTime:0.000770s ]
INFO: [ view_template ] --END-- [ RunTime:0.000864s ]
INFO: [ view_parse ] --START--
NOTIC: [8] Undefined variable: adminname F:\www\teaShop\Admin\Runtime\Cache\e4c4ef3b34f19af1320786caba9e39c3.php 第 66 行.
INFO: Run ParseTemplate Behavior [ RunTime:0.032532s ]
INFO: [ view_parse ] --END-- [ RunTime:0.032621s ]
INFO: [ view_filter ] --START--
INFO: Run ContentReplace Behavior [ RunTime:0.000789s ]
INFO: Run TokenBuild Behavior [ RunTime:0.000860s ]
INFO: Run WriteHtmlCache Behavior [ RunTime:0.000613s ]
INFO: Run ShowRuntime Behavior [ RunTime:0.001044s ]
INFO: [ view_filter ] --END-- [ RunTime:0.003662s ]
INFO: [ view_end ] --START--
INFO: Run ShowPageTrace Behavior [ RunTime:0.001099s ]
INFO: [ view_end ] --END-- [ RunTime:0.001182s ]

[ 2014-05-25T16:59:52+08:00 ] ERR: (ThinkException) 非法操作:resources
[ 2014-05-25T16:59:52+08:00 ] ERR: (ThinkException) 非法操作:resources
[ 2014-05-25T16:59:52+08:00 ] 127.0.0.1 /teaShop/admin.php/Order/index
INFO: [ app_begin ] --START--
INFO: Run ReadHtmlCache Behavior [ RunTime:0.000896s ]
INFO: [ app_begin ] --END-- [ RunTime:0.000990s ]
SQL: DESCRIBE t_orderview [ RunTime:0.005203s ]
SQL: DESCRIBE t_order [ RunTime:0.004643s ]
SQL: SELECT COUNT(*) AS tp_count FROM `t_orderview` LIMIT 1   [ RunTime:0.000890s ]
SQL: SELECT `pk_Order_Id` FROM `t_order` ORDER BY Order_Time desc  [ RunTime:0.000247s ]
SQL: SELECT * FROM `t_orderview` ORDER BY Order_Time desc LIMIT 0,5   [ RunTime:0.000922s ]
INFO: [ view_template ] --START--
INFO: Run LocationTemplate Behavior [ RunTime:0.001055s ]
INFO: [ view_template ] --END-- [ RunTime:0.001168s ]
INFO: [ view_parse ] --START--
NOTIC: [8] Undefined variable: adminname F:\www\teaShop\Admin\Runtime\Cache\e4c4ef3b34f19af1320786caba9e39c3.php 第 66 行.
INFO: Run ParseTemplate Behavior [ RunTime:0.024785s ]
INFO: [ view_parse ] --END-- [ RunTime:0.024874s ]
INFO: [ view_filter ] --START--
INFO: Run ContentReplace Behavior [ RunTime:0.000711s ]
INFO: Run TokenBuild Behavior [ RunTime:0.000554s ]
INFO: Run WriteHtmlCache Behavior [ RunTime:0.000417s ]
INFO: Run ShowRuntime Behavior [ RunTime:0.000586s ]
INFO: [ view_filter ] --END-- [ RunTime:0.002432s ]
INFO: [ view_end ] --START--
INFO: Run ShowPageTrace Behavior [ RunTime:0.000871s ]
INFO: [ view_end ] --END-- [ RunTime:0.000965s ]

[ 2014-05-25T16:59:52+08:00 ] ERR: (ThinkException) 非法操作:resources
[ 2014-05-25T16:59:53+08:00 ] ERR: (ThinkException) 非法操作:resources
[ 2014-05-25T16:59:53+08:00 ] ERR: (ThinkException) 非法操作:resources
[ 2014-05-25T16:59:53+08:00 ] 127.0.0.1 /teaShop/admin.php/Order/index
INFO: [ app_begin ] --START--
INFO: Run ReadHtmlCache Behavior [ RunTime:0.000632s ]
INFO: [ app_begin ] --END-- [ RunTime:0.000693s ]
SQL: DESCRIBE t_orderview [ RunTime:0.004069s ]
SQL: DESCRIBE t_order [ RunTime:0.002752s ]
SQL: SELECT COUNT(*) AS tp_count FROM `t_orderview` LIMIT 1   [ RunTime:0.000914s ]
SQL: SELECT `pk_Order_Id` FROM `t_order` ORDER BY Order_Time desc  [ RunTime:0.000367s ]
SQL: SELECT * FROM `t_orderview` ORDER BY Order_Time desc LIMIT 0,5   [ RunTime:0.000855s ]
INFO: [ view_template ] --START--
INFO: Run LocationTemplate Behavior [ RunTime:0.000753s ]
INFO: [ view_template ] --END-- [ RunTime:0.000840s ]
INFO: [ view_parse ] --START--
NOTIC: [8] Undefined variable: adminname F:\www\teaShop\Admin\Runtime\Cache\e4c4ef3b34f19af1320786caba9e39c3.php 第 66 行.
INFO: Run ParseTemplate Behavior [ RunTime:0.024074s ]
INFO: [ view_parse ] --END-- [ RunTime:0.024151s ]
INFO: [ view_filter ] --START--
INFO: Run ContentReplace Behavior [ RunTime:0.000545s ]
INFO: Run TokenBuild Behavior [ RunTime:0.000433s ]
INFO: Run WriteHtmlCache Behavior [ RunTime:0.000298s ]
INFO: Run ShowRuntime Behavior [ RunTime:0.000493s ]
INFO: [ view_filter ] --END-- [ RunTime:0.001914s ]
INFO: [ view_end ] --START--
INFO: Run ShowPageTrace Behavior [ RunTime:0.000619s ]
INFO: [ view_end ] --END-- [ RunTime:0.000669s ]

[ 2014-05-25T16:59:53+08:00 ] 127.0.0.1 /teaShop/admin.php/Order/index
INFO: [ app_begin ] --START--
INFO: Run ReadHtmlCache Behavior [ RunTime:0.000588s ]
INFO: [ app_begin ] --END-- [ RunTime:0.000668s ]
SQL: DESCRIBE t_orderview [ RunTime:0.021105s ]
SQL: DESCRIBE t_order [ RunTime:0.003077s ]
SQL: SELECT COUNT(*) AS tp_count FROM `t_orderview` LIMIT 1   [ RunTime:0.000871s ]
SQL: SELECT `pk_Order_Id` FROM `t_order` ORDER BY Order_Time desc  [ RunTime:0.000309s ]
SQL: SELECT * FROM `t_orderview` ORDER BY Order_Time desc LIMIT 0,5   [ RunTime:0.000865s ]
INFO: [ view_template ] --START--
INFO: Run LocationTemplate Behavior [ RunTime:0.000696s ]
INFO: [ view_template ] --END-- [ RunTime:0.000775s ]
INFO: [ view_parse ] --START--
NOTIC: [8] Undefined variable: adminname F:\www\teaShop\Admin\Runtime\Cache\e4c4ef3b34f19af1320786caba9e39c3.php 第 66 行.
INFO: Run ParseTemplate Behavior [ RunTime:0.021750s ]
INFO: [ view_parse ] --END-- [ RunTime:0.021823s ]
INFO: [ view_filter ] --START--
INFO: Run ContentReplace Behavior [ RunTime:0.000593s ]
INFO: Run TokenBuild Behavior [ RunTime:0.000555s ]
INFO: Run WriteHtmlCache Behavior [ RunTime:0.000386s ]
INFO: Run ShowRuntime Behavior [ RunTime:0.000527s ]
INFO: [ view_filter ] --END-- [ RunTime:0.002242s ]
INFO: [ view_end ] --START--
INFO: Run ShowPageTrace Behavior [ RunTime:0.000674s ]
INFO: [ view_end ] --END-- [ RunTime:0.000729s ]

[ 2014-05-25T16:59:53+08:00 ] ERR: (ThinkException) 非法操作:resources
[ 2014-05-25T16:59:53+08:00 ] ERR: (ThinkException) 非法操作:resources
[ 2014-05-25T16:59:53+08:00 ] ERR: (ThinkException) 非法操作:resources
[ 2014-05-25T16:59:53+08:00 ] ERR: (ThinkException) 非法操作:resources
[ 2014-05-25T16:59:57+08:00 ] 127.0.0.1 /teaShop/admin.php/Order/index
INFO: [ app_begin ] --START--
INFO: Run ReadHtmlCache Behavior [ RunTime:0.000596s ]
INFO: [ app_begin ] --END-- [ RunTime:0.000655s ]
SQL: DESCRIBE t_orderview [ RunTime:0.003498s ]
SQL: DESCRIBE t_order [ RunTime:0.002680s ]
SQL: SELECT COUNT(*) AS tp_count FROM `t_orderview` LIMIT 1   [ RunTime:0.000583s ]
SQL: SELECT `pk_Order_Id` FROM `t_order` ORDER BY Order_Time desc  [ RunTime:0.000195s ]
SQL: SELECT * FROM `t_orderview` ORDER BY Order_Time desc LIMIT 0,5   [ RunTime:0.000750s ]
INFO: [ view_template ] --START--
INFO: Run LocationTemplate Behavior [ RunTime:0.000564s ]
INFO: [ view_template ] --END-- [ RunTime:0.000623s ]
INFO: [ view_parse ] --START--
NOTIC: [8] Undefined variable: adminname F:\www\teaShop\Admin\Runtime\Cache\e4c4ef3b34f19af1320786caba9e39c3.php 第 66 行.
INFO: Run ParseTemplate Behavior [ RunTime:0.017806s ]
INFO: [ view_parse ] --END-- [ RunTime:0.017867s ]
INFO: [ view_filter ] --START--
INFO: Run ContentReplace Behavior [ RunTime:0.000540s ]
INFO: Run TokenBuild Behavior [ RunTime:0.000468s ]
INFO: Run WriteHtmlCache Behavior [ RunTime:0.000301s ]
INFO: Run ShowRuntime Behavior [ RunTime:0.000516s ]
INFO: [ view_filter ] --END-- [ RunTime:0.001978s ]
INFO: [ view_end ] --START--
INFO: Run ShowPageTrace Behavior [ RunTime:0.000624s ]
INFO: [ view_end ] --END-- [ RunTime:0.000674s ]

[ 2014-05-25T16:59:57+08:00 ] 127.0.0.1 /teaShop/admin.php/Order/index
INFO: [ app_begin ] --START--
INFO: Run ReadHtmlCache Behavior [ RunTime:0.000567s ]
INFO: [ app_begin ] --END-- [ RunTime:0.000626s ]
SQL: DESCRIBE t_orderview [ RunTime:0.020461s ]
SQL: DESCRIBE t_order [ RunTime:0.003269s ]
SQL: SELECT COUNT(*) AS tp_count FROM `t_orderview` LIMIT 1   [ RunTime:0.000691s ]
SQL: SELECT `pk_Order_Id` FROM `t_order` ORDER BY Order_Time desc  [ RunTime:0.000394s ]
SQL: SELECT * FROM `t_orderview` ORDER BY Order_Time desc LIMIT 0,5   [ RunTime:0.001024s ]
INFO: [ view_template ] --START--
INFO: Run LocationTemplate Behavior [ RunTime:0.000682s ]
INFO: [ view_template ] --END-- [ RunTime:0.000750s ]
INFO: [ view_parse ] --START--
NOTIC: [8] Undefined variable: adminname F:\www\teaShop\Admin\Runtime\Cache\e4c4ef3b34f19af1320786caba9e39c3.php 第 66 行.
INFO: Run ParseTemplate Behavior [ RunTime:0.019872s ]
INFO: [ view_parse ] --END-- [ RunTime:0.019935s ]
INFO: [ view_filter ] --START--
INFO: Run ContentReplace Behavior [ RunTime:0.000651s ]
INFO: Run TokenBuild Behavior [ RunTime:0.000661s ]
INFO: Run WriteHtmlCache Behavior [ RunTime:0.000343s ]
INFO: Run ShowRuntime Behavior [ RunTime:0.000507s ]
INFO: [ view_filter ] --END-- [ RunTime:0.002361s ]
INFO: [ view_end ] --START--
INFO: Run ShowPageTrace Behavior [ RunTime:0.000619s ]
INFO: [ view_end ] --END-- [ RunTime:0.000669s ]

[ 2014-05-25T16:59:57+08:00 ] ERR: (ThinkException) 非法操作:resources
[ 2014-05-25T16:59:57+08:00 ] ERR: (ThinkException) 非法操作:resources
[ 2014-05-25T16:59:57+08:00 ] 127.0.0.1 /teaShop/admin.php/Order/index
INFO: [ app_begin ] --START--
INFO: Run ReadHtmlCache Behavior [ RunTime:0.000607s ]
INFO: [ app_begin ] --END-- [ RunTime:0.000667s ]
SQL: DESCRIBE t_orderview [ RunTime:0.004268s ]
SQL: DESCRIBE t_order [ RunTime:0.003833s ]
SQL: SELECT COUNT(*) AS tp_count FROM `t_orderview` LIMIT 1   [ RunTime:0.000695s ]
SQL: SELECT `pk_Order_Id` FROM `t_order` ORDER BY Order_Time desc  [ RunTime:0.000265s ]
SQL: SELECT * FROM `t_orderview` ORDER BY Order_Time desc LIMIT 0,5   [ RunTime:0.000864s ]
INFO: [ view_template ] --START--
INFO: Run LocationTemplate Behavior [ RunTime:0.001339s ]
INFO: [ view_template ] --END-- [ RunTime:0.001441s ]
INFO: [ view_parse ] --START--
NOTIC: [8] Undefined variable: adminname F:\www\teaShop\Admin\Runtime\Cache\e4c4ef3b34f19af1320786caba9e39c3.php 第 66 行.
INFO: Run ParseTemplate Behavior [ RunTime:0.024685s ]
INFO: [ view_parse ] --END-- [ RunTime:0.024783s ]
INFO: [ view_filter ] --START--
INFO: Run ContentReplace Behavior [ RunTime:0.001080s ]
INFO: Run TokenBuild Behavior [ RunTime:0.000943s ]
INFO: Run WriteHtmlCache Behavior [ RunTime:0.000951s ]
INFO: Run ShowRuntime Behavior [ RunTime:0.001045s ]
INFO: [ view_filter ] --END-- [ RunTime:0.004342s ]
INFO: [ view_end ] --START--
INFO: Run ShowPageTrace Behavior [ RunTime:0.001202s ]
INFO: [ view_end ] --END-- [ RunTime:0.001300s ]

[ 2014-05-25T16:59:58+08:00 ] ERR: (ThinkException) 非法操作:resources
[ 2014-05-25T16:59:58+08:00 ] ERR: (ThinkException) 非法操作:resources
[ 2014-05-25T16:59:58+08:00 ] 127.0.0.1 /teaShop/admin.php/Order/index
INFO: [ app_begin ] --START--
INFO: Run ReadHtmlCache Behavior [ RunTime:0.001077s ]
INFO: [ app_begin ] --END-- [ RunTime:0.001195s ]
SQL: DESCRIBE t_orderview [ RunTime:0.004398s ]
SQL: DESCRIBE t_order [ RunTime:0.003833s ]
SQL: SELECT COUNT(*) AS tp_count FROM `t_orderview` LIMIT 1   [ RunTime:0.001119s ]
SQL: SELECT `pk_Order_Id` FROM `t_order` ORDER BY Order_Time desc  [ RunTime:0.000544s ]
SQL: SELECT * FROM `t_orderview` ORDER BY Order_Time desc LIMIT 0,5   [ RunTime:0.001457s ]
INFO: [ view_template ] --START--
INFO: Run LocationTemplate Behavior [ RunTime:0.000804s ]
INFO: [ view_template ] --END-- [ RunTime:0.000899s ]
INFO: [ view_parse ] --START--
NOTIC: [8] Undefined variable: adminname F:\www\teaShop\Admin\Runtime\Cache\e4c4ef3b34f19af1320786caba9e39c3.php 第 66 行.
INFO: Run ParseTemplate Behavior [ RunTime:0.020991s ]
INFO: [ view_parse ] --END-- [ RunTime:0.021084s ]
INFO: [ view_filter ] --START--
INFO: Run ContentReplace Behavior [ RunTime:0.000813s ]
INFO: Run TokenBuild Behavior [ RunTime:0.000694s ]
INFO: Run WriteHtmlCache Behavior [ RunTime:0.000510s ]
INFO: Run ShowRuntime Behavior [ RunTime:0.000814s ]
INFO: [ view_filter ] --END-- [ RunTime:0.003081s ]
INFO: [ view_end ] --START--
INFO: Run ShowPageTrace Behavior [ RunTime:0.001035s ]
INFO: [ view_end ] --END-- [ RunTime:0.001121s ]

[ 2014-05-25T16:59:59+08:00 ] ERR: (ThinkException) 非法操作:resources
[ 2014-05-25T16:59:59+08:00 ] ERR: (ThinkException) 非法操作:resources
[ 2014-05-25T16:59:59+08:00 ] 127.0.0.1 /teaShop/admin.php/Order/index
INFO: [ app_begin ] --START--
INFO: Run ReadHtmlCache Behavior [ RunTime:0.000951s ]
INFO: [ app_begin ] --END-- [ RunTime:0.001055s ]
SQL: DESCRIBE t_orderview [ RunTime:0.003830s ]
SQL: DESCRIBE t_order [ RunTime:0.003524s ]
SQL: SELECT COUNT(*) AS tp_count FROM `t_orderview` LIMIT 1   [ RunTime:0.000741s ]
SQL: SELECT `pk_Order_Id` FROM `t_order` ORDER BY Order_Time desc  [ RunTime:0.000278s ]
SQL: SELECT * FROM `t_orderview` ORDER BY Order_Time desc LIMIT 0,5   [ RunTime:0.000981s ]
INFO: [ view_template ] --START--
INFO: Run LocationTemplate Behavior [ RunTime:0.000557s ]
INFO: [ view_template ] --END-- [ RunTime:0.000624s ]
INFO: [ view_parse ] --START--
NOTIC: [8] Undefined variable: adminname F:\www\teaShop\Admin\Runtime\Cache\e4c4ef3b34f19af1320786caba9e39c3.php 第 66 行.
INFO: Run ParseTemplate Behavior [ RunTime:0.021737s ]
INFO: [ view_parse ] --END-- [ RunTime:0.021800s ]
INFO: [ view_filter ] --START--
INFO: Run ContentReplace Behavior [ RunTime:0.000559s ]
INFO: Run TokenBuild Behavior [ RunTime:0.000427s ]
INFO: Run WriteHtmlCache Behavior [ RunTime:0.000298s ]
INFO: Run ShowRuntime Behavior [ RunTime:0.000504s ]
INFO: [ view_filter ] --END-- [ RunTime:0.001944s ]
INFO: [ view_end ] --START--
INFO: Run ShowPageTrace Behavior [ RunTime:0.000645s ]
INFO: [ view_end ] --END-- [ RunTime:0.000699s ]

[ 2014-05-25T16:59:59+08:00 ] ERR: (ThinkException) 非法操作:resources
[ 2014-05-25T16:59:59+08:00 ] 127.0.0.1 /teaShop/admin.php/Order/index
INFO: [ app_begin ] --START--
INFO: Run ReadHtmlCache Behavior [ RunTime:0.000633s ]
INFO: [ app_begin ] --END-- [ RunTime:0.000697s ]
SQL: DESCRIBE t_orderview [ RunTime:0.004666s ]
SQL: DESCRIBE t_order [ RunTime:0.002725s ]
SQL: SELECT COUNT(*) AS tp_count FROM `t_orderview` LIMIT 1   [ RunTime:0.000692s ]
SQL: SELECT `pk_Order_Id` FROM `t_order` ORDER BY Order_Time desc  [ RunTime:0.000232s ]
SQL: SELECT * FROM `t_orderview` ORDER BY Order_Time desc LIMIT 0,5   [ RunTime:0.000761s ]
INFO: [ view_template ] --START--
INFO: Run LocationTemplate Behavior [ RunTime:0.000786s ]
INFO: [ view_template ] --END-- [ RunTime:0.000882s ]
INFO: [ view_parse ] --START--
NOTIC: [8] Undefined variable: adminname F:\www\teaShop\Admin\Runtime\Cache\e4c4ef3b34f19af1320786caba9e39c3.php 第 66 行.
INFO: Run ParseTemplate Behavior [ RunTime:0.018424s ]
INFO: [ view_parse ] --END-- [ RunTime:0.018499s ]
INFO: [ view_filter ] --START--
INFO: Run ContentReplace Behavior [ RunTime:0.000554s ]
INFO: Run TokenBuild Behavior [ RunTime:0.000451s ]
INFO: Run WriteHtmlCache Behavior [ RunTime:0.000301s ]
INFO: Run ShowRuntime Behavior [ RunTime:0.000513s ]
INFO: [ view_filter ] --END-- [ RunTime:0.001976s ]
INFO: [ view_end ] --START--
INFO: Run ShowPageTrace Behavior [ RunTime:0.000656s ]
INFO: [ view_end ] --END-- [ RunTime:0.000712s ]

[ 2014-05-25T16:59:59+08:00 ] ERR: (ThinkException) 非法操作:resources
[ 2014-05-25T17:00:00+08:00 ] 127.0.0.1 /teaShop/admin.php/Order/index
INFO: [ app_begin ] --START--
INFO: Run ReadHtmlCache Behavior [ RunTime:0.000634s ]
INFO: [ app_begin ] --END-- [ RunTime:0.000696s ]
SQL: DESCRIBE t_orderview [ RunTime:0.004478s ]
SQL: DESCRIBE t_order [ RunTime:0.004320s ]
SQL: SELECT COUNT(*) AS tp_count FROM `t_orderview` LIMIT 1   [ RunTime:0.001227s ]
SQL: SELECT `pk_Order_Id` FROM `t_order` ORDER BY Order_Time desc  [ RunTime:0.000409s ]
SQL: SELECT * FROM `t_orderview` ORDER BY Order_Time desc LIMIT 0,5   [ RunTime:0.001276s ]
INFO: [ view_template ] --START--
INFO: Run LocationTemplate Behavior [ RunTime:0.000676s ]
INFO: [ view_template ] --END-- [ RunTime:0.000764s ]
INFO: [ view_parse ] --START--
NOTIC: [8] Undefined variable: adminname F:\www\teaShop\Admin\Runtime\Cache\e4c4ef3b34f19af1320786caba9e39c3.php 第 66 行.
INFO: Run ParseTemplate Behavior [ RunTime:0.028138s ]
INFO: [ view_parse ] --END-- [ RunTime:0.028219s ]
INFO: [ view_filter ] --START--
INFO: Run ContentReplace Behavior [ RunTime:0.000668s ]
INFO: Run TokenBuild Behavior [ RunTime:0.000502s ]
INFO: Run WriteHtmlCache Behavior [ RunTime:0.000334s ]
INFO: Run ShowRuntime Behavior [ RunTime:0.000539s ]
INFO: [ view_filter ] --END-- [ RunTime:0.002231s ]
INFO: [ view_end ] --START--
INFO: Run ShowPageTrace Behavior [ RunTime:0.000962s ]
INFO: [ view_end ] --END-- [ RunTime:0.001049s ]

[ 2014-05-25T17:00:00+08:00 ] ERR: (ThinkException) 非法操作:resources
[ 2014-05-25T17:00:00+08:00 ] ERR: (ThinkException) 非法操作:resources
[ 2014-05-25T17:00:00+08:00 ] ERR: (ThinkException) 非法操作:resources
[ 2014-05-25T17:00:02+08:00 ] 127.0.0.1 /teaShop/admin.php/Order/index
INFO: [ app_begin ] --START--
INFO: Run ReadHtmlCache Behavior [ RunTime:0.000690s ]
INFO: [ app_begin ] --END-- [ RunTime:0.000768s ]
SQL: DESCRIBE t_orderview [ RunTime:0.004061s ]
SQL: DESCRIBE t_order [ RunTime:0.002776s ]
SQL: SELECT COUNT(*) AS tp_count FROM `t_orderview` LIMIT 1   [ RunTime:0.000648s ]
SQL: SELECT `pk_Order_Id` FROM `t_order` ORDER BY Order_Time desc  [ RunTime:0.000266s ]
SQL: SELECT * FROM `t_orderview` ORDER BY Order_Time desc LIMIT 0,5   [ RunTime:0.000995s ]
INFO: [ view_template ] --START--
INFO: Run LocationTemplate Behavior [ RunTime:0.000670s ]
INFO: [ view_template ] --END-- [ RunTime:0.000739s ]
INFO: [ view_parse ] --START--
NOTIC: [8] Undefined variable: adminname F:\www\teaShop\Admin\Runtime\Cache\e4c4ef3b34f19af1320786caba9e39c3.php 第 66 行.
INFO: Run ParseTemplate Behavior [ RunTime:0.020923s ]
INFO: [ view_parse ] --END-- [ RunTime:0.020985s ]
INFO: [ view_filter ] --START--
INFO: Run ContentReplace Behavior [ RunTime:0.000730s ]
INFO: Run TokenBuild Behavior [ RunTime:0.000559s ]
INFO: Run WriteHtmlCache Behavior [ RunTime:0.000431s ]
INFO: Run ShowRuntime Behavior [ RunTime:0.000574s ]
INFO: [ view_filter ] --END-- [ RunTime:0.002455s ]
INFO: [ view_end ] --START--
INFO: Run ShowPageTrace Behavior [ RunTime:0.000636s ]
INFO: [ view_end ] --END-- [ RunTime:0.000686s ]

[ 2014-05-25T17:00:02+08:00 ] 127.0.0.1 /teaShop/admin.php/Order/index
INFO: [ app_begin ] --START--
INFO: Run ReadHtmlCache Behavior [ RunTime:0.000775s ]
INFO: [ app_begin ] --END-- [ RunTime:0.000846s ]
SQL: DESCRIBE t_orderview [ RunTime:0.003697s ]
SQL: DESCRIBE t_order [ RunTime:0.004628s ]
SQL: SELECT COUNT(*) AS tp_count FROM `t_orderview` LIMIT 1   [ RunTime:0.002270s ]
SQL: SELECT `pk_Order_Id` FROM `t_order` ORDER BY Order_Time desc  [ RunTime:0.000346s ]
SQL: SELECT * FROM `t_orderview` ORDER BY Order_Time desc LIMIT 0,5   [ RunTime:0.000928s ]
INFO: [ view_template ] --START--
INFO: Run LocationTemplate Behavior [ RunTime:0.000566s ]
INFO: [ view_template ] --END-- [ RunTime:0.000639s ]
INFO: [ view_parse ] --START--
NOTIC: [8] Undefined variable: adminname F:\www\teaShop\Admin\Runtime\Cache\e4c4ef3b34f19af1320786caba9e39c3.php 第 66 行.
INFO: Run ParseTemplate Behavior [ RunTime:0.037071s ]
INFO: [ view_parse ] --END-- [ RunTime:0.037152s ]
INFO: [ view_filter ] --START--
INFO: Run ContentReplace Behavior [ RunTime:0.000904s ]
INFO: Run TokenBuild Behavior [ RunTime:0.000602s ]
INFO: Run WriteHtmlCache Behavior [ RunTime:0.000421s ]
INFO: Run ShowRuntime Behavior [ RunTime:0.000723s ]
INFO: [ view_filter ] --END-- [ RunTime:0.002875s ]
INFO: [ view_end ] --START--
INFO: Run ShowPageTrace Behavior [ RunTime:0.000890s ]
INFO: [ view_end ] --END-- [ RunTime:0.000967s ]

[ 2014-05-25T17:00:02+08:00 ] ERR: (ThinkException) 非法操作:resources
[ 2014-05-25T17:00:02+08:00 ] ERR: (ThinkException) 非法操作:resources
[ 2014-05-25T17:00:03+08:00 ] 127.0.0.1 /teaShop/admin.php/Order/index
INFO: [ app_begin ] --START--
INFO: Run ReadHtmlCache Behavior [ RunTime:0.000594s ]
INFO: [ app_begin ] --END-- [ RunTime:0.000658s ]
SQL: DESCRIBE t_orderview [ RunTime:0.004804s ]
SQL: DESCRIBE t_order [ RunTime:0.003042s ]
SQL: SELECT COUNT(*) AS tp_count FROM `t_orderview` LIMIT 1   [ RunTime:0.000767s ]
SQL: SELECT `pk_Order_Id` FROM `t_order` ORDER BY Order_Time desc  [ RunTime:0.000246s ]
SQL: SELECT * FROM `t_orderview` ORDER BY Order_Time desc LIMIT 0,5   [ RunTime:0.000935s ]
INFO: [ view_template ] --START--
INFO: Run LocationTemplate Behavior [ RunTime:0.000545s ]
INFO: [ view_template ] --END-- [ RunTime:0.000603s ]
INFO: [ view_parse ] --START--
NOTIC: [8] Undefined variable: adminname F:\www\teaShop\Admin\Runtime\Cache\e4c4ef3b34f19af1320786caba9e39c3.php 第 66 行.
INFO: Run ParseTemplate Behavior [ RunTime:0.024008s ]
INFO: [ view_parse ] --END-- [ RunTime:0.024092s ]
INFO: [ view_filter ] --START--
INFO: Run ContentReplace Behavior [ RunTime:0.000935s ]
INFO: Run TokenBuild Behavior [ RunTime:0.000788s ]
INFO: Run WriteHtmlCache Behavior [ RunTime:0.000605s ]
INFO: Run ShowRuntime Behavior [ RunTime:0.000968s ]
INFO: [ view_filter ] --END-- [ RunTime:0.003621s ]
INFO: [ view_end ] --START--
INFO: Run ShowPageTrace Behavior [ RunTime:0.001139s ]
INFO: [ view_end ] --END-- [ RunTime:0.001238s ]

[ 2014-05-25T17:00:03+08:00 ] 127.0.0.1 /teaShop/admin.php/Order/index
INFO: [ app_begin ] --START--
INFO: Run ReadHtmlCache Behavior [ RunTime:0.000574s ]
INFO: [ app_begin ] --END-- [ RunTime:0.000631s ]
SQL: DESCRIBE t_orderview [ RunTime:0.004977s ]
SQL: DESCRIBE t_order [ RunTime:0.004389s ]
SQL: SELECT COUNT(*) AS tp_count FROM `t_orderview` LIMIT 1   [ RunTime:0.000851s ]
SQL: SELECT `pk_Order_Id` FROM `t_order` ORDER BY Order_Time desc  [ RunTime:0.000308s ]
SQL: SELECT * FROM `t_orderview` ORDER BY Order_Time desc LIMIT 0,5   [ RunTime:0.001016s ]
INFO: [ view_template ] --START--
INFO: Run LocationTemplate Behavior [ RunTime:0.000555s ]
INFO: [ view_template ] --END-- [ RunTime:0.000615s ]
INFO: [ view_parse ] --START--
NOTIC: [8] Undefined variable: adminname F:\www\teaShop\Admin\Runtime\Cache\e4c4ef3b34f19af1320786caba9e39c3.php 第 66 行.
INFO: Run ParseTemplate Behavior [ RunTime:0.026779s ]
INFO: [ view_parse ] --END-- [ RunTime:0.026864s ]
INFO: [ view_filter ] --START--
INFO: Run ContentReplace Behavior [ RunTime:0.000782s ]
INFO: Run TokenBuild Behavior [ RunTime:0.000694s ]
INFO: Run WriteHtmlCache Behavior [ RunTime:0.000498s ]
INFO: Run ShowRuntime Behavior [ RunTime:0.000840s ]
INFO: [ view_filter ] --END-- [ RunTime:0.003120s ]
INFO: [ view_end ] --START--
INFO: Run ShowPageTrace Behavior [ RunTime:0.001023s ]
INFO: [ view_end ] --END-- [ RunTime:0.001225s ]

[ 2014-05-25T17:00:03+08:00 ] ERR: (ThinkException) 非法操作:resources
[ 2014-05-25T17:00:03+08:00 ] ERR: (ThinkException) 非法操作:resources
[ 2014-05-25T17:00:03+08:00 ] 127.0.0.1 /teaShop/admin.php/Order/index
INFO: [ app_begin ] --START--
INFO: Run ReadHtmlCache Behavior [ RunTime:0.000625s ]
INFO: [ app_begin ] --END-- [ RunTime:0.000688s ]
SQL: DESCRIBE t_orderview [ RunTime:0.003923s ]
SQL: DESCRIBE t_order [ RunTime:0.003537s ]
SQL: SELECT COUNT(*) AS tp_count FROM `t_orderview` LIMIT 1   [ RunTime:0.000703s ]
SQL: SELECT `pk_Order_Id` FROM `t_order` ORDER BY Order_Time desc  [ RunTime:0.000265s ]
SQL: SELECT * FROM `t_orderview` ORDER BY Order_Time desc LIMIT 0,5   [ RunTime:0.000949s ]
INFO: [ view_template ] --START--
INFO: Run LocationTemplate Behavior [ RunTime:0.001175s ]
INFO: [ view_template ] --END-- [ RunTime:0.001282s ]
INFO: [ view_parse ] --START--
NOTIC: [8] Undefined variable: adminname F:\www\teaShop\Admin\Runtime\Cache\e4c4ef3b34f19af1320786caba9e39c3.php 第 66 行.
INFO: Run ParseTemplate Behavior [ RunTime:0.024294s ]
INFO: [ view_parse ] --END-- [ RunTime:0.024369s ]
INFO: [ view_filter ] --START--
INFO: Run ContentReplace Behavior [ RunTime:0.000524s ]
INFO: Run TokenBuild Behavior [ RunTime:0.000430s ]
INFO: Run WriteHtmlCache Behavior [ RunTime:0.000309s ]
INFO: Run ShowRuntime Behavior [ RunTime:0.000785s ]
INFO: [ view_filter ] --END-- [ RunTime:0.002234s ]
INFO: [ view_end ] --START--
INFO: Run ShowPageTrace Behavior [ RunTime:0.000840s ]
INFO: [ view_end ] --END-- [ RunTime:0.000913s ]

[ 2014-05-25T17:00:04+08:00 ] 127.0.0.1 /teaShop/admin.php/Order/index
INFO: [ app_begin ] --START--
INFO: Run ReadHtmlCache Behavior [ RunTime:0.000681s ]
INFO: [ app_begin ] --END-- [ RunTime:0.000751s ]
SQL: DESCRIBE t_orderview [ RunTime:0.008752s ]
SQL: DESCRIBE t_order [ RunTime:0.004792s ]
SQL: SELECT COUNT(*) AS tp_count FROM `t_orderview` LIMIT 1   [ RunTime:0.000791s ]
SQL: SELECT `pk_Order_Id` FROM `t_order` ORDER BY Order_Time desc  [ RunTime:0.000325s ]
SQL: SELECT * FROM `t_orderview` ORDER BY Order_Time desc LIMIT 0,5   [ RunTime:0.000902s ]
INFO: [ view_template ] --START--
INFO: Run LocationTemplate Behavior [ RunTime:0.001085s ]
INFO: [ view_template ] --END-- [ RunTime:0.001193s ]
INFO: [ view_parse ] --START--
NOTIC: [8] Undefined variable: adminname F:\www\teaShop\Admin\Runtime\Cache\e4c4ef3b34f19af1320786caba9e39c3.php 第 66 行.
INFO: Run ParseTemplate Behavior [ RunTime:0.024941s ]
INFO: [ view_parse ] --END-- [ RunTime:0.025038s ]
INFO: [ view_filter ] --START--
INFO: Run ContentReplace Behavior [ RunTime:0.001363s ]
INFO: Run TokenBuild Behavior [ RunTime:0.000771s ]
INFO: Run WriteHtmlCache Behavior [ RunTime:0.000546s ]
INFO: Run ShowRuntime Behavior [ RunTime:0.000751s ]
INFO: [ view_filter ] --END-- [ RunTime:0.003718s ]
INFO: [ view_end ] --START--
INFO: Run ShowPageTrace Behavior [ RunTime:0.000981s ]
INFO: [ view_end ] --END-- [ RunTime:0.001061s ]

[ 2014-05-25T17:00:04+08:00 ] ERR: (ThinkException) 非法操作:resources
[ 2014-05-25T17:00:04+08:00 ] ERR: (ThinkException) 非法操作:resources
[ 2014-05-25T17:00:04+08:00 ] 127.0.0.1 /teaShop/admin.php/Order/index
INFO: [ app_begin ] --START--
INFO: Run ReadHtmlCache Behavior [ RunTime:0.000577s ]
INFO: [ app_begin ] --END-- [ RunTime:0.000637s ]
SQL: DESCRIBE t_orderview [ RunTime:0.004927s ]
SQL: DESCRIBE t_order [ RunTime:0.003569s ]
SQL: SELECT COUNT(*) AS tp_count FROM `t_orderview` LIMIT 1   [ RunTime:0.000857s ]
SQL: SELECT `pk_Order_Id` FROM `t_order` ORDER BY Order_Time desc  [ RunTime:0.000256s ]
SQL: SELECT * FROM `t_orderview` ORDER BY Order_Time desc LIMIT 0,5   [ RunTime:0.000801s ]
INFO: [ view_template ] --START--
INFO: Run LocationTemplate Behavior [ RunTime:0.000560s ]
INFO: [ view_template ] --END-- [ RunTime:0.000627s ]
INFO: [ view_parse ] --START--
NOTIC: [8] Undefined variable: adminname F:\www\teaShop\Admin\Runtime\Cache\e4c4ef3b34f19af1320786caba9e39c3.php 第 66 行.
INFO: Run ParseTemplate Behavior [ RunTime:0.025301s ]
INFO: [ view_parse ] --END-- [ RunTime:0.025375s ]
INFO: [ view_filter ] --START--
INFO: Run ContentReplace Behavior [ RunTime:0.000756s ]
INFO: Run TokenBuild Behavior [ RunTime:0.000755s ]
INFO: Run WriteHtmlCache Behavior [ RunTime:0.000521s ]
INFO: Run ShowRuntime Behavior [ RunTime:0.000842s ]
INFO: [ view_filter ] --END-- [ RunTime:0.003141s ]
INFO: [ view_end ] --START--
INFO: Run ShowPageTrace Behavior [ RunTime:0.000830s ]
INFO: [ view_end ] --END-- [ RunTime:0.000901s ]

[ 2014-05-25T17:00:04+08:00 ] ERR: (ThinkException) 非法操作:resources
[ 2014-05-25T17:00:05+08:00 ] ERR: (ThinkException) 非法操作:resources
[ 2014-05-25T17:00:05+08:00 ] 127.0.0.1 /teaShop/admin.php/Order/index
INFO: [ app_begin ] --START--
INFO: Run ReadHtmlCache Behavior [ RunTime:0.000574s ]
INFO: [ app_begin ] --END-- [ RunTime:0.000634s ]
SQL: DESCRIBE t_orderview [ RunTime:0.005852s ]
SQL: DESCRIBE t_order [ RunTime:0.002732s ]
SQL: SELECT COUNT(*) AS tp_count FROM `t_orderview` LIMIT 1   [ RunTime:0.000630s ]
SQL: SELECT `pk_Order_Id` FROM `t_order` ORDER BY Order_Time desc  [ RunTime:0.000245s ]
SQL: SELECT * FROM `t_orderview` ORDER BY Order_Time desc LIMIT 0,5   [ RunTime:0.000766s ]
INFO: [ view_template ] --START--
INFO: Run LocationTemplate Behavior [ RunTime:0.000573s ]
INFO: [ view_template ] --END-- [ RunTime:0.000635s ]
INFO: [ view_parse ] --START--
NOTIC: [8] Undefined variable: adminname F:\www\teaShop\Admin\Runtime\Cache\e4c4ef3b34f19af1320786caba9e39c3.php 第 66 行.
INFO: Run ParseTemplate Behavior [ RunTime:0.019463s ]
INFO: [ view_parse ] --END-- [ RunTime:0.019525s ]
INFO: [ view_filter ] --START--
INFO: Run ContentReplace Behavior [ RunTime:0.000593s ]
INFO: Run TokenBuild Behavior [ RunTime:0.000487s ]
INFO: Run WriteHtmlCache Behavior [ RunTime:0.000333s ]
INFO: Run ShowRuntime Behavior [ RunTime:0.000554s ]
INFO: [ view_filter ] --END-- [ RunTime:0.002189s ]
INFO: [ view_end ] --START--
INFO: Run ShowPageTrace Behavior [ RunTime:0.000943s ]
INFO: [ view_end ] --END-- [ RunTime:0.001052s ]

[ 2014-05-25T17:00:05+08:00 ] ERR: (ThinkException) 非法操作:resources
[ 2014-05-25T17:00:05+08:00 ] ERR: (ThinkException) 非法操作:resources
[ 2014-05-25T17:00:05+08:00 ] ERR: (ThinkException) 非法操作:resources
[ 2014-05-25T17:00:05+08:00 ] 127.0.0.1 /teaShop/admin.php/Order/index
INFO: [ app_begin ] --START--
INFO: Run ReadHtmlCache Behavior [ RunTime:0.000680s ]
INFO: [ app_begin ] --END-- [ RunTime:0.000750s ]
SQL: DESCRIBE t_orderview [ RunTime:0.003750s ]
SQL: DESCRIBE t_order [ RunTime:0.003949s ]
SQL: SELECT COUNT(*) AS tp_count FROM `t_orderview` LIMIT 1   [ RunTime:0.000763s ]
SQL: SELECT `pk_Order_Id` FROM `t_order` ORDER BY Order_Time desc  [ RunTime:0.000308s ]
SQL: SELECT * FROM `t_orderview` ORDER BY Order_Time desc LIMIT 0,5   [ RunTime:0.000885s ]
INFO: [ view_template ] --START--
INFO: Run LocationTemplate Behavior [ RunTime:0.000784s ]
INFO: [ view_template ] --END-- [ RunTime:0.000877s ]
INFO: [ view_parse ] --START--
NOTIC: [8] Undefined variable: adminname F:\www\teaShop\Admin\Runtime\Cache\e4c4ef3b34f19af1320786caba9e39c3.php 第 66 行.
INFO: Run ParseTemplate Behavior [ RunTime:0.019149s ]
INFO: [ view_parse ] --END-- [ RunTime:0.019229s ]
INFO: [ view_filter ] --START--
INFO: Run ContentReplace Behavior [ RunTime:0.000617s ]
INFO: Run TokenBuild Behavior [ RunTime:0.000969s ]
INFO: Run WriteHtmlCache Behavior [ RunTime:0.000375s ]
INFO: Run ShowRuntime Behavior [ RunTime:0.000523s ]
INFO: [ view_filter ] --END-- [ RunTime:0.002655s ]
INFO: [ view_end ] --START--
INFO: Run ShowPageTrace Behavior [ RunTime:0.000906s ]
INFO: [ view_end ] --END-- [ RunTime:0.000983s ]

[ 2014-05-25T17:00:06+08:00 ] 127.0.0.1 /teaShop/admin.php/Order/index
INFO: [ app_begin ] --START--
INFO: Run ReadHtmlCache Behavior [ RunTime:0.000594s ]
INFO: [ app_begin ] --END-- [ RunTime:0.000654s ]
SQL: DESCRIBE t_orderview [ RunTime:0.005165s ]
SQL: DESCRIBE t_order [ RunTime:0.003003s ]
SQL: SELECT COUNT(*) AS tp_count FROM `t_orderview` LIMIT 1   [ RunTime:0.000896s ]
SQL: SELECT `pk_Order_Id` FROM `t_order` ORDER BY Order_Time desc  [ RunTime:0.000299s ]
SQL: SELECT * FROM `t_orderview` ORDER BY Order_Time desc LIMIT 0,5   [ RunTime:0.000923s ]
INFO: [ view_template ] --START--
INFO: Run LocationTemplate Behavior [ RunTime:0.000587s ]
INFO: [ view_template ] --END-- [ RunTime:0.000660s ]
INFO: [ view_parse ] --START--
NOTIC: [8] Undefined variable: adminname F:\www\teaShop\Admin\Runtime\Cache\e4c4ef3b34f19af1320786caba9e39c3.php 第 66 行.
INFO: Run ParseTemplate Behavior [ RunTime:0.018297s ]
INFO: [ view_parse ] --END-- [ RunTime:0.018358s ]
INFO: [ view_filter ] --START--
INFO: Run ContentReplace Behavior [ RunTime:0.000535s ]
INFO: Run TokenBuild Behavior [ RunTime:0.000446s ]
INFO: Run WriteHtmlCache Behavior [ RunTime:0.000717s ]
INFO: Run ShowRuntime Behavior [ RunTime:0.000520s ]
INFO: [ view_filter ] --END-- [ RunTime:0.002386s ]
INFO: [ view_end ] --START--
INFO: Run ShowPageTrace Behavior [ RunTime:0.000816s ]
INFO: [ view_end ] --END-- [ RunTime:0.000882s ]

[ 2014-05-25T17:00:06+08:00 ] ERR: (ThinkException) 非法操作:resources
[ 2014-05-25T17:00:06+08:00 ] ERR: (ThinkException) 非法操作:resources
[ 2014-05-25T17:00:06+08:00 ] ERR: (ThinkException) 非法操作:resources
[ 2014-05-25T17:00:06+08:00 ] ERR: (ThinkException) 非法操作:resources
[ 2014-05-25T17:00:07+08:00 ] 127.0.0.1 /teaShop/admin.php/Order/index
INFO: [ app_begin ] --START--
INFO: Run ReadHtmlCache Behavior [ RunTime:0.000604s ]
INFO: [ app_begin ] --END-- [ RunTime:0.000662s ]
SQL: DESCRIBE t_orderview [ RunTime:0.005291s ]
SQL: DESCRIBE t_order [ RunTime:0.004133s ]
SQL: SELECT COUNT(*) AS tp_count FROM `t_orderview` LIMIT 1   [ RunTime:0.000715s ]
SQL: SELECT `pk_Order_Id` FROM `t_order` ORDER BY Order_Time desc  [ RunTime:0.000257s ]
SQL: SELECT * FROM `t_orderview` ORDER BY Order_Time desc LIMIT 0,5   [ RunTime:0.000820s ]
INFO: [ view_template ] --START--
INFO: Run LocationTemplate Behavior [ RunTime:0.000555s ]
INFO: [ view_template ] --END-- [ RunTime:0.000634s ]
INFO: [ view_parse ] --START--
NOTIC: [8] Undefined variable: adminname F:\www\teaShop\Admin\Runtime\Cache\e4c4ef3b34f19af1320786caba9e39c3.php 第 66 行.
INFO: Run ParseTemplate Behavior [ RunTime:0.024535s ]
INFO: [ view_parse ] --END-- [ RunTime:0.024610s ]
INFO: [ view_filter ] --START--
INFO: Run ContentReplace Behavior [ RunTime:0.000958s ]
INFO: Run TokenBuild Behavior [ RunTime:0.000833s ]
INFO: Run WriteHtmlCache Behavior [ RunTime:0.000620s ]
INFO: Run ShowRuntime Behavior [ RunTime:0.000836s ]
INFO: [ view_filter ] --END-- [ RunTime:0.003524s ]
INFO: [ view_end ] --START--
INFO: Run ShowPageTrace Behavior [ RunTime:0.001017s ]
INFO: [ view_end ] --END-- [ RunTime:0.001107s ]

[ 2014-05-25T17:00:08+08:00 ] 127.0.0.1 /teaShop/admin.php/Order/index
INFO: [ app_begin ] --START--
INFO: Run ReadHtmlCache Behavior [ RunTime:0.000587s ]
INFO: [ app_begin ] --END-- [ RunTime:0.000648s ]
SQL: DESCRIBE t_orderview [ RunTime:0.003731s ]
SQL: DESCRIBE t_order [ RunTime:0.004686s ]
SQL: SELECT COUNT(*) AS tp_count FROM `t_orderview` LIMIT 1   [ RunTime:0.000903s ]
SQL: SELECT `pk_Order_Id` FROM `t_order` ORDER BY Order_Time desc  [ RunTime:0.000431s ]
SQL: SELECT * FROM `t_orderview` ORDER BY Order_Time desc LIMIT 0,5   [ RunTime:0.000973s ]
INFO: [ view_template ] --START--
INFO: Run LocationTemplate Behavior [ RunTime:0.000631s ]
INFO: [ view_template ] --END-- [ RunTime:0.000708s ]
INFO: [ view_parse ] --START--
NOTIC: [8] Undefined variable: adminname F:\www\teaShop\Admin\Runtime\Cache\e4c4ef3b34f19af1320786caba9e39c3.php 第 66 行.
INFO: Run ParseTemplate Behavior [ RunTime:0.021565s ]
INFO: [ view_parse ] --END-- [ RunTime:0.021639s ]
INFO: [ view_filter ] --START--
INFO: Run ContentReplace Behavior [ RunTime:0.000565s ]
INFO: Run TokenBuild Behavior [ RunTime:0.000462s ]
INFO: Run WriteHtmlCache Behavior [ RunTime:0.000317s ]
INFO: Run ShowRuntime Behavior [ RunTime:0.000499s ]
INFO: [ view_filter ] --END-- [ RunTime:0.001999s ]
INFO: [ view_end ] --START--
INFO: Run ShowPageTrace Behavior [ RunTime:0.000662s ]
INFO: [ view_end ] --END-- [ RunTime:0.000719s ]

[ 2014-05-25T17:00:08+08:00 ] ERR: (ThinkException) 非法操作:resources
[ 2014-05-25T17:00:08+08:00 ] ERR: (ThinkException) 非法操作:resources
[ 2014-05-25T17:00:08+08:00 ] ERR: (ThinkException) 非法操作:resources
[ 2014-05-25T17:00:08+08:00 ] ERR: (ThinkException) 非法操作:resources
[ 2014-05-25T17:00:08+08:00 ] 127.0.0.1 /teaShop/admin.php/Order/index
INFO: [ app_begin ] --START--
INFO: Run ReadHtmlCache Behavior [ RunTime:0.000636s ]
INFO: [ app_begin ] --END-- [ RunTime:0.000698s ]
SQL: DESCRIBE t_orderview [ RunTime:0.003991s ]
SQL: DESCRIBE t_order [ RunTime:0.002817s ]
SQL: SELECT COUNT(*) AS tp_count FROM `t_orderview` LIMIT 1   [ RunTime:0.001843s ]
SQL: SELECT `pk_Order_Id` FROM `t_order` ORDER BY Order_Time desc  [ RunTime:0.000656s ]
SQL: SELECT * FROM `t_orderview` ORDER BY Order_Time desc LIMIT 0,5   [ RunTime:0.001522s ]
INFO: [ view_template ] --START--
INFO: Run LocationTemplate Behavior [ RunTime:0.000668s ]
INFO: [ view_template ] --END-- [ RunTime:0.000757s ]
INFO: [ view_parse ] --START--
NOTIC: [8] Undefined variable: adminname F:\www\teaShop\Admin\Runtime\Cache\e4c4ef3b34f19af1320786caba9e39c3.php 第 66 行.
INFO: Run ParseTemplate Behavior [ RunTime:0.020735s ]
INFO: [ view_parse ] --END-- [ RunTime:0.020797s ]
INFO: [ view_filter ] --START--
INFO: Run ContentReplace Behavior [ RunTime:0.000579s ]
INFO: Run TokenBuild Behavior [ RunTime:0.000427s ]
INFO: Run WriteHtmlCache Behavior [ RunTime:0.000323s ]
INFO: Run ShowRuntime Behavior [ RunTime:0.000571s ]
INFO: [ view_filter ] --END-- [ RunTime:0.002077s ]
INFO: [ view_end ] --START--
INFO: Run ShowPageTrace Behavior [ RunTime:0.001051s ]
INFO: [ view_end ] --END-- [ RunTime:0.001149s ]

[ 2014-05-25T17:00:09+08:00 ] ERR: (ThinkException) 非法操作:resources
[ 2014-05-25T17:00:09+08:00 ] ERR: (ThinkException) 非法操作:resources
[ 2014-05-25T17:00:09+08:00 ] 127.0.0.1 /teaShop/admin.php/Order/index
INFO: [ app_begin ] --START--
INFO: Run ReadHtmlCache Behavior [ RunTime:0.000752s ]
INFO: [ app_begin ] --END-- [ RunTime:0.000832s ]
SQL: DESCRIBE t_orderview [ RunTime:0.003961s ]
SQL: DESCRIBE t_order [ RunTime:0.004247s ]
SQL: SELECT COUNT(*) AS tp_count FROM `t_orderview` LIMIT 1   [ RunTime:0.000747s ]
SQL: SELECT `pk_Order_Id` FROM `t_order` ORDER BY Order_Time desc  [ RunTime:0.000360s ]
SQL: SELECT * FROM `t_orderview` ORDER BY Order_Time desc LIMIT 0,5   [ RunTime:0.000972s ]
INFO: [ view_template ] --START--
INFO: Run LocationTemplate Behavior [ RunTime:0.000770s ]
INFO: [ view_template ] --END-- [ RunTime:0.000866s ]
INFO: [ view_parse ] --START--
NOTIC: [8] Undefined variable: adminname F:\www\teaShop\Admin\Runtime\Cache\e4c4ef3b34f19af1320786caba9e39c3.php 第 66 行.
INFO: Run ParseTemplate Behavior [ RunTime:0.020450s ]
INFO: [ view_parse ] --END-- [ RunTime:0.020529s ]
INFO: [ view_filter ] --START--
INFO: Run ContentReplace Behavior [ RunTime:0.000533s ]
INFO: Run TokenBuild Behavior [ RunTime:0.000439s ]
INFO: Run WriteHtmlCache Behavior [ RunTime:0.000319s ]
INFO: Run ShowRuntime Behavior [ RunTime:0.000502s ]
INFO: [ view_filter ] --END-- [ RunTime:0.001962s ]
INFO: [ view_end ] --START--
INFO: Run ShowPageTrace Behavior [ RunTime:0.000772s ]
INFO: [ view_end ] --END-- [ RunTime:0.000842s ]

[ 2014-05-25T17:00:09+08:00 ] ERR: (ThinkException) 非法操作:resources
[ 2014-05-25T17:00:09+08:00 ] ERR: (ThinkException) 非法操作:resources
[ 2014-05-25T17:00:10+08:00 ] 127.0.0.1 /teaShop/admin.php/Order/index
INFO: [ app_begin ] --START--
INFO: Run ReadHtmlCache Behavior [ RunTime:0.000593s ]
INFO: [ app_begin ] --END-- [ RunTime:0.000655s ]
SQL: DESCRIBE t_orderview [ RunTime:0.077878s ]
SQL: DESCRIBE t_order [ RunTime:0.004105s ]
SQL: SELECT COUNT(*) AS tp_count FROM `t_orderview` LIMIT 1   [ RunTime:0.000647s ]
SQL: SELECT `pk_Order_Id` FROM `t_order` ORDER BY Order_Time desc  [ RunTime:0.000249s ]
SQL: SELECT * FROM `t_orderview` ORDER BY Order_Time desc LIMIT 0,5   [ RunTime:0.000821s ]
INFO: [ view_template ] --START--
INFO: Run LocationTemplate Behavior [ RunTime:0.000716s ]
INFO: [ view_template ] --END-- [ RunTime:0.000792s ]
INFO: [ view_parse ] --START--
NOTIC: [8] Undefined variable: adminname F:\www\teaShop\Admin\Runtime\Cache\e4c4ef3b34f19af1320786caba9e39c3.php 第 66 行.
INFO: Run ParseTemplate Behavior [ RunTime:0.019063s ]
INFO: [ view_parse ] --END-- [ RunTime:0.019124s ]
INFO: [ view_filter ] --START--
INFO: Run ContentReplace Behavior [ RunTime:0.000527s ]
INFO: Run TokenBuild Behavior [ RunTime:0.000427s ]
INFO: Run WriteHtmlCache Behavior [ RunTime:0.000302s ]
INFO: Run ShowRuntime Behavior [ RunTime:0.000516s ]
INFO: [ view_filter ] --END-- [ RunTime:0.001928s ]
INFO: [ view_end ] --START--
INFO: Run ShowPageTrace Behavior [ RunTime:0.000684s ]
INFO: [ view_end ] --END-- [ RunTime:0.000741s ]

[ 2014-05-25T17:00:11+08:00 ] ERR: (ThinkException) 非法操作:resources
[ 2014-05-25T17:00:11+08:00 ] ERR: (ThinkException) 非法操作:resources
[ 2014-05-25T17:00:11+08:00 ] 127.0.0.1 /teaShop/admin.php/Order/index
INFO: [ app_begin ] --START--
INFO: Run ReadHtmlCache Behavior [ RunTime:0.000621s ]
INFO: [ app_begin ] --END-- [ RunTime:0.000685s ]
SQL: DESCRIBE t_orderview [ RunTime:0.003951s ]
SQL: DESCRIBE t_order [ RunTime:0.002953s ]
SQL: SELECT COUNT(*) AS tp_count FROM `t_orderview` LIMIT 1   [ RunTime:0.000803s ]
SQL: SELECT `pk_Order_Id` FROM `t_order` ORDER BY Order_Time desc  [ RunTime:0.000243s ]
SQL: SELECT * FROM `t_orderview` ORDER BY Order_Time desc LIMIT 0,5   [ RunTime:0.000805s ]
INFO: [ view_template ] --START--
INFO: Run LocationTemplate Behavior [ RunTime:0.000586s ]
INFO: [ view_template ] --END-- [ RunTime:0.000651s ]
INFO: [ view_parse ] --START--
NOTIC: [8] Undefined variable: adminname F:\www\teaShop\Admin\Runtime\Cache\e4c4ef3b34f19af1320786caba9e39c3.php 第 66 行.
INFO: Run ParseTemplate Behavior [ RunTime:0.021284s ]
INFO: [ view_parse ] --END-- [ RunTime:0.021345s ]
INFO: [ view_filter ] --START--
INFO: Run ContentReplace Behavior [ RunTime:0.000916s ]
INFO: Run TokenBuild Behavior [ RunTime:0.000770s ]
INFO: Run WriteHtmlCache Behavior [ RunTime:0.000339s ]
INFO: Run ShowRuntime Behavior [ RunTime:0.000517s ]
INFO: [ view_filter ] --END-- [ RunTime:0.002909s ]
INFO: [ view_end ] --START--
INFO: Run ShowPageTrace Behavior [ RunTime:0.000991s ]
INFO: [ view_end ] --END-- [ RunTime:0.001076s ]

[ 2014-05-25T17:00:11+08:00 ] ERR: (ThinkException) 非法操作:resources
[ 2014-05-25T17:00:11+08:00 ] ERR: (ThinkException) 非法操作:resources
[ 2014-05-25T17:00:11+08:00 ] 127.0.0.1 /teaShop/admin.php/Order/index
INFO: [ app_begin ] --START--
INFO: Run ReadHtmlCache Behavior [ RunTime:0.000620s ]
INFO: [ app_begin ] --END-- [ RunTime:0.000694s ]
SQL: DESCRIBE t_orderview [ RunTime:0.004826s ]
SQL: DESCRIBE t_order [ RunTime:0.002947s ]
SQL: SELECT COUNT(*) AS tp_count FROM `t_orderview` LIMIT 1   [ RunTime:0.000692s ]
SQL: SELECT `pk_Order_Id` FROM `t_order` ORDER BY Order_Time desc  [ RunTime:0.000328s ]
SQL: SELECT * FROM `t_orderview` ORDER BY Order_Time desc LIMIT 0,5   [ RunTime:0.000831s ]
INFO: [ view_template ] --START--
INFO: Run LocationTemplate Behavior [ RunTime:0.000658s ]
INFO: [ view_template ] --END-- [ RunTime:0.000735s ]
INFO: [ view_parse ] --START--
NOTIC: [8] Undefined variable: adminname F:\www\teaShop\Admin\Runtime\Cache\e4c4ef3b34f19af1320786caba9e39c3.php 第 66 行.
INFO: Run ParseTemplate Behavior [ RunTime:0.021576s ]
INFO: [ view_parse ] --END-- [ RunTime:0.021661s ]
INFO: [ view_filter ] --START--
INFO: Run ContentReplace Behavior [ RunTime:0.000814s ]
INFO: Run TokenBuild Behavior [ RunTime:0.000620s ]
INFO: Run WriteHtmlCache Behavior [ RunTime:0.000355s ]
INFO: Run ShowRuntime Behavior [ RunTime:0.000508s ]
INFO: [ view_filter ] --END-- [ RunTime:0.002489s ]
INFO: [ view_end ] --START--
INFO: Run ShowPageTrace Behavior [ RunTime:0.000660s ]
INFO: [ view_end ] --END-- [ RunTime:0.000714s ]

[ 2014-05-25T17:00:13+08:00 ] ERR: (ThinkException) 非法操作:resources
[ 2014-05-25T17:00:13+08:00 ] 127.0.0.1 /teaShop/admin.php/Order/index
INFO: [ app_begin ] --START--
INFO: Run ReadHtmlCache Behavior [ RunTime:0.000639s ]
INFO: [ app_begin ] --END-- [ RunTime:0.000704s ]
SQL: DESCRIBE t_orderview [ RunTime:0.004613s ]
SQL: DESCRIBE t_order [ RunTime:0.003452s ]
SQL: SELECT COUNT(*) AS tp_count FROM `t_orderview` LIMIT 1   [ RunTime:0.001480s ]
SQL: SELECT `pk_Order_Id` FROM `t_order` ORDER BY Order_Time desc  [ RunTime:0.000271s ]
SQL: SELECT * FROM `t_orderview` ORDER BY Order_Time desc LIMIT 0,5   [ RunTime:0.000834s ]
INFO: [ view_template ] --START--
INFO: Run LocationTemplate Behavior [ RunTime:0.000576s ]
INFO: [ view_template ] --END-- [ RunTime:0.000637s ]
INFO: [ view_parse ] --START--
NOTIC: [8] Undefined variable: adminname F:\www\teaShop\Admin\Runtime\Cache\e4c4ef3b34f19af1320786caba9e39c3.php 第 66 行.
INFO: Run ParseTemplate Behavior [ RunTime:0.020503s ]
INFO: [ view_parse ] --END-- [ RunTime:0.020568s ]
INFO: [ view_filter ] --START--
INFO: Run ContentReplace Behavior [ RunTime:0.000839s ]
INFO: Run TokenBuild Behavior [ RunTime:0.000651s ]
INFO: Run WriteHtmlCache Behavior [ RunTime:0.000457s ]
INFO: Run ShowRuntime Behavior [ RunTime:0.000544s ]
INFO: [ view_filter ] --END-- [ RunTime:0.002727s ]
INFO: [ view_end ] --START--
INFO: Run ShowPageTrace Behavior [ RunTime:0.000688s ]
INFO: [ view_end ] --END-- [ RunTime:0.000745s ]

[ 2014-05-25T17:00:13+08:00 ] ERR: (ThinkException) 非法操作:resources
[ 2014-05-25T17:00:14+08:00 ] 127.0.0.1 /teaShop/admin.php/Order/index
INFO: [ app_begin ] --START--
INFO: Run ReadHtmlCache Behavior [ RunTime:0.000647s ]
INFO: [ app_begin ] --END-- [ RunTime:0.000709s ]
SQL: DESCRIBE t_orderview [ RunTime:0.004277s ]
SQL: DESCRIBE t_order [ RunTime:0.003343s ]
SQL: SELECT COUNT(*) AS tp_count FROM `t_orderview` LIMIT 1   [ RunTime:0.000828s ]
SQL: SELECT `pk_Order_Id` FROM `t_order` ORDER BY Order_Time desc  [ RunTime:0.000312s ]
SQL: SELECT * FROM `t_orderview` ORDER BY Order_Time desc LIMIT 0,5   [ RunTime:0.001075s ]
INFO: [ view_template ] --START--
INFO: Run LocationTemplate Behavior [ RunTime:0.000806s ]
INFO: [ view_template ] --END-- [ RunTime:0.000887s ]
INFO: [ view_parse ] --START--
NOTIC: [8] Undefined variable: adminname F:\www\teaShop\Admin\Runtime\Cache\e4c4ef3b34f19af1320786caba9e39c3.php 第 66 行.
INFO: Run ParseTemplate Behavior [ RunTime:0.022503s ]
INFO: [ view_parse ] --END-- [ RunTime:0.022567s ]
INFO: [ view_filter ] --START--
INFO: Run ContentReplace Behavior [ RunTime:0.000577s ]
INFO: Run TokenBuild Behavior [ RunTime:0.000488s ]
INFO: Run WriteHtmlCache Behavior [ RunTime:0.000313s ]
INFO: Run ShowRuntime Behavior [ RunTime:0.000670s ]
INFO: [ view_filter ] --END-- [ RunTime:0.002224s ]
INFO: [ view_end ] --START--
INFO: Run ShowPageTrace Behavior [ RunTime:0.000971s ]
INFO: [ view_end ] --END-- [ RunTime:0.001061s ]

[ 2014-05-25T17:00:14+08:00 ] ERR: (ThinkException) 非法操作:resources
[ 2014-05-25T17:00:14+08:00 ] ERR: (ThinkException) 非法操作:resources
[ 2014-05-25T17:00:15+08:00 ] 127.0.0.1 /teaShop/admin.php/Order/index
INFO: [ app_begin ] --START--
INFO: Run ReadHtmlCache Behavior [ RunTime:0.000628s ]
INFO: [ app_begin ] --END-- [ RunTime:0.000697s ]
SQL: DESCRIBE t_orderview [ RunTime:0.003601s ]
SQL: DESCRIBE t_order [ RunTime:0.002934s ]
SQL: SELECT COUNT(*) AS tp_count FROM `t_orderview` LIMIT 1   [ RunTime:0.000642s ]
SQL: SELECT `pk_Order_Id` FROM `t_order` ORDER BY Order_Time desc  [ RunTime:0.000230s ]
SQL: SELECT * FROM `t_orderview` ORDER BY Order_Time desc LIMIT 0,5   [ RunTime:0.000856s ]
INFO: [ view_template ] --START--
INFO: Run LocationTemplate Behavior [ RunTime:0.000683s ]
INFO: [ view_template ] --END-- [ RunTime:0.000767s ]
INFO: [ view_parse ] --START--
NOTIC: [8] Undefined variable: adminname F:\www\teaShop\Admin\Runtime\Cache\e4c4ef3b34f19af1320786caba9e39c3.php 第 66 行.
INFO: Run ParseTemplate Behavior [ RunTime:0.031057s ]
INFO: [ view_parse ] --END-- [ RunTime:0.031157s ]
INFO: [ view_filter ] --START--
INFO: Run ContentReplace Behavior [ RunTime:0.000795s ]
INFO: Run TokenBuild Behavior [ RunTime:0.000950s ]
INFO: Run WriteHtmlCache Behavior [ RunTime:0.000463s ]
INFO: Run ShowRuntime Behavior [ RunTime:0.000776s ]
INFO: [ view_filter ] --END-- [ RunTime:0.003244s ]
INFO: [ view_end ] --START--
INFO: Run ShowPageTrace Behavior [ RunTime:0.000977s ]
INFO: [ view_end ] --END-- [ RunTime:0.001067s ]

[ 2014-05-25T17:00:16+08:00 ] ERR: (ThinkException) 非法操作:resources
[ 2014-05-25T17:00:16+08:00 ] ERR: (ThinkException) 非法操作:resources
[ 2014-05-25T17:01:57+08:00 ] ERR: (ThinkException) 非法操作:resources
[ 2014-05-25T17:01:58+08:00 ] ERR: (ThinkException) 非法操作:resources
[ 2014-05-25T17:02:02+08:00 ] 127.0.0.1 /teaShop/admin.php/Order/index
INFO: [ app_begin ] --START--
INFO: Run ReadHtmlCache Behavior [ RunTime:0.000611s ]
INFO: [ app_begin ] --END-- [ RunTime:0.000667s ]
SQL: DESCRIBE t_orderview [ RunTime:0.003478s ]
SQL: DESCRIBE t_order [ RunTime:0.002626s ]
SQL: SELECT COUNT(*) AS tp_count FROM `t_orderview` LIMIT 1   [ RunTime:0.000610s ]
SQL: SELECT `pk_Order_Id` FROM `t_order` ORDER BY Order_Time desc  [ RunTime:0.000235s ]
SQL: SELECT * FROM `t_orderview` ORDER BY Order_Time desc LIMIT 0,5   [ RunTime:0.000686s ]
INFO: [ view_template ] --START--
INFO: Run LocationTemplate Behavior [ RunTime:0.000875s ]
INFO: [ view_template ] --END-- [ RunTime:0.000935s ]
INFO: [ view_parse ] --START--
NOTIC: [8] Undefined variable: adminname F:\www\teaShop\Admin\Runtime\Cache\e4c4ef3b34f19af1320786caba9e39c3.php 第 66 行.
INFO: Run ParseTemplate Behavior [ RunTime:0.017981s ]
INFO: [ view_parse ] --END-- [ RunTime:0.018047s ]
INFO: [ view_filter ] --START--
INFO: Run ContentReplace Behavior [ RunTime:0.000655s ]
INFO: Run TokenBuild Behavior [ RunTime:0.000553s ]
INFO: Run WriteHtmlCache Behavior [ RunTime:0.000392s ]
INFO: Run ShowRuntime Behavior [ RunTime:0.000572s ]
INFO: [ view_filter ] --END-- [ RunTime:0.002329s ]
INFO: [ view_end ] --START--
INFO: Run ShowPageTrace Behavior [ RunTime:0.000776s ]
INFO: [ view_end ] --END-- [ RunTime:0.000830s ]

[ 2014-05-25T17:02:03+08:00 ] ERR: (ThinkException) 非法操作:resources
[ 2014-05-25T17:02:03+08:00 ] ERR: (ThinkException) 非法操作:resources
[ 2014-05-25T17:02:07+08:00 ] 127.0.0.1 /teaShop/admin.php/Order/index
INFO: [ app_begin ] --START--
INFO: Run ReadHtmlCache Behavior [ RunTime:0.000620s ]
INFO: [ app_begin ] --END-- [ RunTime:0.000682s ]
SQL: DESCRIBE t_orderview [ RunTime:0.003536s ]
SQL: DESCRIBE t_order [ RunTime:0.002858s ]
SQL: SELECT COUNT(*) AS tp_count FROM `t_orderview` LIMIT 1   [ RunTime:0.000789s ]
SQL: SELECT `pk_Order_Id` FROM `t_order` ORDER BY Order_Time desc  [ RunTime:0.000252s ]
SQL: SELECT * FROM `t_orderview` ORDER BY Order_Time desc LIMIT 0,5   [ RunTime:0.000793s ]
INFO: [ view_template ] --START--
INFO: Run LocationTemplate Behavior [ RunTime:0.000962s ]
INFO: [ view_template ] --END-- [ RunTime:0.001051s ]
INFO: [ view_parse ] --START--
NOTIC: [8] Undefined variable: adminname F:\www\teaShop\Admin\Runtime\Cache\e4c4ef3b34f19af1320786caba9e39c3.php 第 66 行.
INFO: Run ParseTemplate Behavior [ RunTime:0.018983s ]
INFO: [ view_parse ] --END-- [ RunTime:0.019046s ]
INFO: [ view_filter ] --START--
INFO: Run ContentReplace Behavior [ RunTime:0.000642s ]
INFO: Run TokenBuild Behavior [ RunTime:0.000542s ]
INFO: Run WriteHtmlCache Behavior [ RunTime:0.000377s ]
INFO: Run ShowRuntime Behavior [ RunTime:0.000594s ]
INFO: [ view_filter ] --END-- [ RunTime:0.002310s ]
INFO: [ view_end ] --START--
INFO: Run ShowPageTrace Behavior [ RunTime:0.000740s ]
INFO: [ view_end ] --END-- [ RunTime:0.000794s ]

[ 2014-05-25T17:02:08+08:00 ] 127.0.0.1 /teaShop/admin.php/Order/index
INFO: [ app_begin ] --START--
INFO: Run ReadHtmlCache Behavior [ RunTime:0.000604s ]
INFO: [ app_begin ] --END-- [ RunTime:0.000665s ]
SQL: DESCRIBE t_orderview [ RunTime:0.003842s ]
SQL: DESCRIBE t_order [ RunTime:0.002851s ]
SQL: SELECT COUNT(*) AS tp_count FROM `t_orderview` LIMIT 1   [ RunTime:0.000577s ]
SQL: SELECT `pk_Order_Id` FROM `t_order` ORDER BY Order_Time desc  [ RunTime:0.000192s ]
SQL: SELECT * FROM `t_orderview` ORDER BY Order_Time desc LIMIT 0,5   [ RunTime:0.000740s ]
INFO: [ view_template ] --START--
INFO: Run LocationTemplate Behavior [ RunTime:0.000554s ]
INFO: [ view_template ] --END-- [ RunTime:0.000617s ]
INFO: [ view_parse ] --START--
NOTIC: [8] Undefined variable: adminname F:\www\teaShop\Admin\Runtime\Cache\e4c4ef3b34f19af1320786caba9e39c3.php 第 66 行.
INFO: Run ParseTemplate Behavior [ RunTime:0.018526s ]
INFO: [ view_parse ] --END-- [ RunTime:0.018588s ]
INFO: [ view_filter ] --START--
INFO: Run ContentReplace Behavior [ RunTime:0.000522s ]
INFO: Run TokenBuild Behavior [ RunTime:0.000417s ]
INFO: Run WriteHtmlCache Behavior [ RunTime:0.000297s ]
INFO: Run ShowRuntime Behavior [ RunTime:0.000643s ]
INFO: [ view_filter ] --END-- [ RunTime:0.002061s ]
INFO: [ view_end ] --START--
INFO: Run ShowPageTrace Behavior [ RunTime:0.000730s ]
INFO: [ view_end ] --END-- [ RunTime:0.000803s ]

[ 2014-05-25T17:02:08+08:00 ] ERR: (ThinkException) 非法操作:resources
[ 2014-05-25T17:02:08+08:00 ] ERR: (ThinkException) 非法操作:resources
[ 2014-05-25T17:02:12+08:00 ] 127.0.0.1 /teaShop/admin.php/Order/index
INFO: [ app_begin ] --START--
INFO: Run ReadHtmlCache Behavior [ RunTime:0.000603s ]
INFO: [ app_begin ] --END-- [ RunTime:0.000659s ]
SQL: DESCRIBE t_orderview [ RunTime:0.003509s ]
SQL: DESCRIBE t_order [ RunTime:0.002744s ]
SQL: SELECT COUNT(*) AS tp_count FROM `t_orderview` LIMIT 1   [ RunTime:0.000810s ]
SQL: SELECT `pk_Order_Id` FROM `t_order` ORDER BY Order_Time desc  [ RunTime:0.000364s ]
SQL: SELECT * FROM `t_orderview` ORDER BY Order_Time desc LIMIT 0,5   [ RunTime:0.000822s ]
INFO: [ view_template ] --START--
INFO: Run LocationTemplate Behavior [ RunTime:0.000922s ]
INFO: [ view_template ] --END-- [ RunTime:0.000988s ]
INFO: [ view_parse ] --START--
NOTIC: [8] Undefined variable: adminname F:\www\teaShop\Admin\Runtime\Cache\e4c4ef3b34f19af1320786caba9e39c3.php 第 66 行.
INFO: Run ParseTemplate Behavior [ RunTime:0.017904s ]
INFO: [ view_parse ] --END-- [ RunTime:0.017964s ]
INFO: [ view_filter ] --START--
INFO: Run ContentReplace Behavior [ RunTime:0.000667s ]
INFO: Run TokenBuild Behavior [ RunTime:0.000569s ]
INFO: Run WriteHtmlCache Behavior [ RunTime:0.000407s ]
INFO: Run ShowRuntime Behavior [ RunTime:0.000601s ]
INFO: [ view_filter ] --END-- [ RunTime:0.002395s ]
INFO: [ view_end ] --START--
INFO: Run ShowPageTrace Behavior [ RunTime:0.000766s ]
INFO: [ view_end ] --END-- [ RunTime:0.000816s ]

[ 2014-05-25T17:02:13+08:00 ] 127.0.0.1 /teaShop/admin.php/Order/index
INFO: [ app_begin ] --START--
INFO: Run ReadHtmlCache Behavior [ RunTime:0.000584s ]
INFO: [ app_begin ] --END-- [ RunTime:0.000644s ]
SQL: DESCRIBE t_orderview [ RunTime:0.010999s ]
SQL: DESCRIBE t_order [ RunTime:0.010259s ]
SQL: SELECT COUNT(*) AS tp_count FROM `t_orderview` LIMIT 1   [ RunTime:0.001290s ]
SQL: SELECT `pk_Order_Id` FROM `t_order` ORDER BY Order_Time desc  [ RunTime:0.000960s ]
SQL: SELECT * FROM `t_orderview` ORDER BY Order_Time desc LIMIT 0,5   [ RunTime:0.000828s ]
INFO: [ view_template ] --START--
INFO: Run LocationTemplate Behavior [ RunTime:0.000575s ]
INFO: [ view_template ] --END-- [ RunTime:0.000635s ]
INFO: [ view_parse ] --START--
NOTIC: [8] Undefined variable: adminname F:\www\teaShop\Admin\Runtime\Cache\e4c4ef3b34f19af1320786caba9e39c3.php 第 66 行.
INFO: Run ParseTemplate Behavior [ RunTime:0.019260s ]
INFO: [ view_parse ] --END-- [ RunTime:0.019319s ]
INFO: [ view_filter ] --START--
INFO: Run ContentReplace Behavior [ RunTime:0.000516s ]
INFO: Run TokenBuild Behavior [ RunTime:0.000423s ]
INFO: Run WriteHtmlCache Behavior [ RunTime:0.000295s ]
INFO: Run ShowRuntime Behavior [ RunTime:0.000508s ]
INFO: [ view_filter ] --END-- [ RunTime:0.001889s ]
INFO: [ view_end ] --START--
INFO: Run ShowPageTrace Behavior [ RunTime:0.000611s ]
INFO: [ view_end ] --END-- [ RunTime:0.000662s ]

[ 2014-05-25T17:02:13+08:00 ] ERR: (ThinkException) 非法操作:resources
[ 2014-05-25T17:02:13+08:00 ] ERR: (ThinkException) 非法操作:resources
[ 2014-05-25T17:02:13+08:00 ] 127.0.0.1 /teaShop/admin.php/Order/index
INFO: [ app_begin ] --START--
INFO: Run ReadHtmlCache Behavior [ RunTime:0.000822s ]
INFO: [ app_begin ] --END-- [ RunTime:0.000894s ]
SQL: DESCRIBE t_orderview [ RunTime:0.004221s ]
SQL: DESCRIBE t_order [ RunTime:0.003335s ]
SQL: SELECT COUNT(*) AS tp_count FROM `t_orderview` LIMIT 1   [ RunTime:0.000823s ]
SQL: SELECT `pk_Order_Id` FROM `t_order` ORDER BY Order_Time desc  [ RunTime:0.000255s ]
SQL: SELECT * FROM `t_orderview` ORDER BY Order_Time desc LIMIT 0,5   [ RunTime:0.000927s ]
INFO: [ view_template ] --START--
INFO: Run LocationTemplate Behavior [ RunTime:0.000783s ]
INFO: [ view_template ] --END-- [ RunTime:0.000876s ]
INFO: [ view_parse ] --START--
NOTIC: [8] Undefined variable: adminname F:\www\teaShop\Admin\Runtime\Cache\e4c4ef3b34f19af1320786caba9e39c3.php 第 66 行.
INFO: Run ParseTemplate Behavior [ RunTime:0.023525s ]
INFO: [ view_parse ] --END-- [ RunTime:0.023621s ]
INFO: [ view_filter ] --START--
INFO: Run ContentReplace Behavior [ RunTime:0.000629s ]
INFO: Run TokenBuild Behavior [ RunTime:0.000442s ]
INFO: Run WriteHtmlCache Behavior [ RunTime:0.000307s ]
INFO: Run ShowRuntime Behavior [ RunTime:0.000615s ]
INFO: [ view_filter ] --END-- [ RunTime:0.002174s ]
INFO: [ view_end ] --START--
INFO: Run ShowPageTrace Behavior [ RunTime:0.000667s ]
INFO: [ view_end ] --END-- [ RunTime:0.000719s ]

[ 2014-05-25T17:02:13+08:00 ] ERR: (ThinkException) 非法操作:resources
[ 2014-05-25T17:02:13+08:00 ] ERR: (ThinkException) 非法操作:resources
[ 2014-05-25T17:02:17+08:00 ] 127.0.0.1 /teaShop/admin.php/Order/index
INFO: [ app_begin ] --START--
INFO: Run ReadHtmlCache Behavior [ RunTime:0.000596s ]
INFO: [ app_begin ] --END-- [ RunTime:0.000652s ]
SQL: DESCRIBE t_orderview [ RunTime:0.003384s ]
SQL: DESCRIBE t_order [ RunTime:0.002624s ]
SQL: SELECT COUNT(*) AS tp_count FROM `t_orderview` LIMIT 1   [ RunTime:0.000570s ]
SQL: SELECT `pk_Order_Id` FROM `t_order` ORDER BY Order_Time desc  [ RunTime:0.000281s ]
SQL: SELECT * FROM `t_orderview` ORDER BY Order_Time desc LIMIT 0,5   [ RunTime:0.000865s ]
INFO: [ view_template ] --START--
INFO: Run LocationTemplate Behavior [ RunTime:0.000576s ]
INFO: [ view_template ] --END-- [ RunTime:0.000634s ]
INFO: [ view_parse ] --START--
NOTIC: [8] Undefined variable: adminname F:\www\teaShop\Admin\Runtime\Cache\e4c4ef3b34f19af1320786caba9e39c3.php 第 66 行.
INFO: Run ParseTemplate Behavior [ RunTime:0.017048s ]
INFO: [ view_parse ] --END-- [ RunTime:0.017108s ]
INFO: [ view_filter ] --START--
INFO: Run ContentReplace Behavior [ RunTime:0.000541s ]
INFO: Run TokenBuild Behavior [ RunTime:0.000451s ]
INFO: Run WriteHtmlCache Behavior [ RunTime:0.000314s ]
INFO: Run ShowRuntime Behavior [ RunTime:0.000502s ]
INFO: [ view_filter ] --END-- [ RunTime:0.001956s ]
INFO: [ view_end ] --START--
INFO: Run ShowPageTrace Behavior [ RunTime:0.000633s ]
INFO: [ view_end ] --END-- [ RunTime:0.000683s ]

[ 2014-05-25T17:02:18+08:00 ] 127.0.0.1 /teaShop/admin.php/Order/index
INFO: [ app_begin ] --START--
INFO: Run ReadHtmlCache Behavior [ RunTime:0.000614s ]
INFO: [ app_begin ] --END-- [ RunTime:0.000680s ]
SQL: DESCRIBE t_orderview [ RunTime:0.005065s ]
SQL: DESCRIBE t_order [ RunTime:0.002972s ]
SQL: SELECT COUNT(*) AS tp_count FROM `t_orderview` LIMIT 1   [ RunTime:0.000695s ]
SQL: SELECT `pk_Order_Id` FROM `t_order` ORDER BY Order_Time desc  [ RunTime:0.000465s ]
SQL: SELECT * FROM `t_orderview` ORDER BY Order_Time desc LIMIT 0,5   [ RunTime:0.001029s ]
INFO: [ view_template ] --START--
INFO: Run LocationTemplate Behavior [ RunTime:0.000746s ]
INFO: [ view_template ] --END-- [ RunTime:0.000823s ]
INFO: [ view_parse ] --START--
NOTIC: [8] Undefined variable: adminname F:\www\teaShop\Admin\Runtime\Cache\e4c4ef3b34f19af1320786caba9e39c3.php 第 66 行.
INFO: Run ParseTemplate Behavior [ RunTime:0.018428s ]
INFO: [ view_parse ] --END-- [ RunTime:0.018488s ]
INFO: [ view_filter ] --START--
INFO: Run ContentReplace Behavior [ RunTime:0.000515s ]
INFO: Run TokenBuild Behavior [ RunTime:0.000687s ]
INFO: Run WriteHtmlCache Behavior [ RunTime:0.000386s ]
INFO: Run ShowRuntime Behavior [ RunTime:0.000637s ]
INFO: [ view_filter ] --END-- [ RunTime:0.002423s ]
INFO: [ view_end ] --START--
INFO: Run ShowPageTrace Behavior [ RunTime:0.001022s ]
INFO: [ view_end ] --END-- [ RunTime:0.001110s ]

[ 2014-05-25T17:02:18+08:00 ] ERR: (ThinkException) 非法操作:resources
[ 2014-05-25T17:02:18+08:00 ] ERR: (ThinkException) 非法操作:resources
[ 2014-05-25T17:02:18+08:00 ] ERR: (ThinkException) 非法操作:resources
[ 2014-05-25T17:02:18+08:00 ] 127.0.0.1 /teaShop/admin.php/Order/index
INFO: [ app_begin ] --START--
INFO: Run ReadHtmlCache Behavior [ RunTime:0.000647s ]
INFO: [ app_begin ] --END-- [ RunTime:0.000710s ]
SQL: DESCRIBE t_orderview [ RunTime:0.004807s ]
SQL: DESCRIBE t_order [ RunTime:0.003180s ]
SQL: SELECT COUNT(*) AS tp_count FROM `t_orderview` LIMIT 1   [ RunTime:0.000992s ]
SQL: SELECT `pk_Order_Id` FROM `t_order` ORDER BY Order_Time desc  [ RunTime:0.000290s ]
SQL: SELECT * FROM `t_orderview` ORDER BY Order_Time desc LIMIT 0,5   [ RunTime:0.000844s ]
INFO: [ view_template ] --START--
INFO: Run LocationTemplate Behavior [ RunTime:0.000549s ]
INFO: [ view_template ] --END-- [ RunTime:0.000609s ]
INFO: [ view_parse ] --START--
NOTIC: [8] Undefined variable: adminname F:\www\teaShop\Admin\Runtime\Cache\e4c4ef3b34f19af1320786caba9e39c3.php 第 66 行.
INFO: Run ParseTemplate Behavior [ RunTime:0.019405s ]
INFO: [ view_parse ] --END-- [ RunTime:0.019467s ]
INFO: [ view_filter ] --START--
INFO: Run ContentReplace Behavior [ RunTime:0.000541s ]
INFO: Run TokenBuild Behavior [ RunTime:0.000577s ]
INFO: Run WriteHtmlCache Behavior [ RunTime:0.000455s ]
INFO: Run ShowRuntime Behavior [ RunTime:0.000757s ]
INFO: [ view_filter ] --END-- [ RunTime:0.002576s ]
INFO: [ view_end ] --START--
INFO: Run ShowPageTrace Behavior [ RunTime:0.000897s ]
INFO: [ view_end ] --END-- [ RunTime:0.000973s ]

[ 2014-05-25T17:02:18+08:00 ] ERR: (ThinkException) 非法操作:resources
[ 2014-05-25T17:02:18+08:00 ] ERR: (ThinkException) 非法操作:resources
[ 2014-05-25T17:02:21+08:00 ] ERR: (ThinkException) 非法操作:resources
[ 2014-05-25T17:02:21+08:00 ] ERR: (ThinkException) 非法操作:resources
