[ 2014-04-21T09:29:00+08:00 ] ERR: (ThinkException) 非法操作:index
[ 2014-04-21T09:45:09+08:00 ] ERR: (ThinkException) 非法操作:index
[ 2014-04-21T09:46:03+08:00 ] ERR: (ThinkException) 非法操作:index
[ 2014-04-21T09:46:05+08:00 ] ERR: (ThinkException) 非法操作:index
[ 2014-04-21T09:47:37+08:00 ] ERR: (ThinkException) 非法操作:Index
[ 2014-04-21T09:58:43+08:00 ] ERR: (ThinkException) 非法操作:resources
[ 2014-04-21T09:58:43+08:00 ] ERR: (ThinkException) 非法操作:resources
[ 2014-04-21T09:58:43+08:00 ] ERR: (ThinkException) 非法操作:resources
[ 2014-04-21T09:58:43+08:00 ] ERR: (ThinkException) 非法操作:resources
[ 2014-04-21T09:58:43+08:00 ] ERR: (ThinkException) 非法操作:resources
[ 2014-04-21T09:58:43+08:00 ] ERR: (ThinkException) 非法操作:resources
[ 2014-04-21T09:58:44+08:00 ] ERR: (ThinkException) 非法操作:resources
[ 2014-04-21T09:58:44+08:00 ] ERR: (ThinkException) 非法操作:resources
[ 2014-04-21T09:58:44+08:00 ] ERR: (ThinkException) 非法操作:resources
[ 2014-04-21T09:58:44+08:00 ] ERR: (ThinkException) 非法操作:resources
[ 2014-04-21T10:03:13+08:00 ] ERR: (ThinkException) 非法操作:resources
[ 2014-04-21T10:03:14+08:00 ] ERR: (ThinkException) 非法操作:resources
[ 2014-04-21T10:07:51+08:00 ] ERR: (ThinkException) 非法操作:resources
[ 2014-04-21T10:07:51+08:00 ] ERR: (ThinkException) 非法操作:resources
[ 2014-04-21T14:55:27+08:00 ] ERR: (ThinkException) 非法操作:resources
[ 2014-04-21T14:55:28+08:00 ] ERR: (ThinkException) 非法操作:resources
[ 2014-04-21T15:42:02+08:00 ] ERR: (ThinkException) 非法操作:resources
[ 2014-04-21T15:42:02+08:00 ] ERR: (ThinkException) 非法操作:resources
[ 2014-04-21T15:54:33+08:00 ] ERR: (ThinkException) 非法操作:resources
[ 2014-04-21T15:54:33+08:00 ] ERR: (ThinkException) 非法操作:resources
[ 2014-04-21T15:56:10+08:00 ] ERR: (ThinkException) 非法操作:resources
[ 2014-04-21T15:56:10+08:00 ] ERR: (ThinkException) 非法操作:resources
[ 2014-04-21T15:56:14+08:00 ] ERR: (ThinkException) 非法操作:resources
[ 2014-04-21T15:56:14+08:00 ] ERR: (ThinkException) 非法操作:resources
[ 2014-04-21T15:57:24+08:00 ] ERR: (ThinkException) 非法操作:resources
[ 2014-04-21T15:57:24+08:00 ] ERR: (ThinkException) 非法操作:resources
[ 2014-04-21T15:59:24+08:00 ] ERR: (ThinkException) 非法操作:resources
[ 2014-04-21T15:59:24+08:00 ] ERR: (ThinkException) 非法操作:resources
[ 2014-04-21T16:00:11+08:00 ] ERR: (ThinkException) 非法操作:resources
[ 2014-04-21T16:00:11+08:00 ] ERR: (ThinkException) 非法操作:resources
[ 2014-04-21T16:01:43+08:00 ] ERR: (ThinkException) 非法操作:resources
[ 2014-04-21T16:01:43+08:00 ] ERR: (ThinkException) 非法操作:resources
[ 2014-04-21T16:02:26+08:00 ] ERR: (ThinkException) 非法操作:resources
[ 2014-04-21T16:02:26+08:00 ] ERR: (ThinkException) 非法操作:resources
[ 2014-04-21T16:03:22+08:00 ] ERR: (ThinkException) 无法加载模块:Logni
[ 2014-04-21T16:03:49+08:00 ] ERR: (ThinkException) 无法加载模块:Logni
[ 2014-04-21T16:09:25+08:00 ] ERR: (ThinkException) 非法操作:resources
[ 2014-04-21T16:09:25+08:00 ] ERR: (ThinkException) 非法操作:resources
[ 2014-04-21T16:09:48+08:00 ] ERR: (ThinkException) 非法操作:resources
[ 2014-04-21T16:09:48+08:00 ] ERR: (ThinkException) 非法操作:resources
[ 2014-04-21T16:27:13+08:00 ] ERR: (ThinkException) 非法操作:resources
[ 2014-04-21T16:27:13+08:00 ] ERR: (ThinkException) 非法操作:resources
[ 2014-04-21T16:27:44+08:00 ] ERR: (ThinkException) 非法操作:resources
[ 2014-04-21T16:27:44+08:00 ] ERR: (ThinkException) 非法操作:resources
[ 2014-04-21T17:24:05+08:00 ] ERR: (ThinkException) 非法操作:resources
[ 2014-04-21T17:24:05+08:00 ] ERR: (ThinkException) 非法操作:resources
[ 2014-04-21T17:24:08+08:00 ] ERR: (ThinkException) 非法操作:resources
[ 2014-04-21T17:24:08+08:00 ] ERR: (ThinkException) 非法操作:resources
[ 2014-04-21T17:24:24+08:00 ] ERR: (ThinkException) 非法操作:resources
[ 2014-04-21T17:24:24+08:00 ] ERR: (ThinkException) 非法操作:resources
[ 2014-04-21T17:44:02+08:00 ] ERR: (ThinkException) 非法操作:resources
[ 2014-04-21T17:44:02+08:00 ] ERR: (ThinkException) 非法操作:resources
[ 2014-04-21T17:52:27+08:00 ] ERR: (ThinkException) 非法操作:resources
[ 2014-04-21T17:52:27+08:00 ] ERR: (ThinkException) 非法操作:resources
[ 2014-04-21T17:52:50+08:00 ] ERR: (ThinkException) 非法操作:resources
[ 2014-04-21T17:52:50+08:00 ] ERR: (ThinkException) 非法操作:resources
[ 2014-04-21T17:53:06+08:00 ] ERR: (ThinkException) 非法操作:resources
[ 2014-04-21T17:53:06+08:00 ] ERR: (ThinkException) 非法操作:resources
[ 2014-04-21T17:53:20+08:00 ] ERR: (ThinkException) 非法操作:resources
[ 2014-04-21T17:53:20+08:00 ] ERR: (ThinkException) 非法操作:resources
[ 2014-04-21T17:53:29+08:00 ] ERR: (ThinkException) 非法操作:resources
[ 2014-04-21T17:53:29+08:00 ] ERR: (ThinkException) 非法操作:resources
[ 2014-04-21T17:53:36+08:00 ] ERR: (ThinkException) 非法操作:resources
[ 2014-04-21T17:53:36+08:00 ] ERR: (ThinkException) 非法操作:resources
[ 2014-04-21T17:54:02+08:00 ] ERR: (ThinkException) 非法操作:resources
[ 2014-04-21T17:54:02+08:00 ] ERR: (ThinkException) 非法操作:resources
[ 2014-04-21T17:54:07+08:00 ] ERR: (ThinkException) 非法操作:resources
[ 2014-04-21T17:54:07+08:00 ] ERR: (ThinkException) 非法操作:resources
[ 2014-04-21T17:54:13+08:00 ] ERR: (ThinkException) 非法操作:resources
[ 2014-04-21T17:54:13+08:00 ] ERR: (ThinkException) 非法操作:resources
[ 2014-04-21T18:00:44+08:00 ] ERR: (ThinkException) 非法操作:resources
[ 2014-04-21T18:00:44+08:00 ] ERR: (ThinkException) 非法操作:resources
[ 2014-04-21T18:03:08+08:00 ] ERR: (ThinkException) XML标签语法错误 : name="<{$url}
[ 2014-04-21T18:03:08+08:00 ] ERR: (ThinkException) XML标签语法错误 : name="<{$url}
[ 2014-04-21T18:03:12+08:00 ] ERR: (ThinkException) XML标签语法错误 : name="<{$url}
[ 2014-04-21T18:03:12+08:00 ] ERR: (ThinkException) XML标签语法错误 : name="<{$url}
[ 2014-04-21T18:03:17+08:00 ] ERR: (ThinkException) XML标签语法错误 : name="<{$url}
[ 2014-04-21T18:03:18+08:00 ] ERR: (ThinkException) XML标签语法错误 : name="<{$url}
[ 2014-04-21T18:04:10+08:00 ] ERR: (ThinkException) XML标签语法错误 : name="<{$url}
[ 2014-04-21T18:04:10+08:00 ] ERR: (ThinkException) XML标签语法错误 : name="<{$url}
[ 2014-04-21T18:04:13+08:00 ] ERR: (ThinkException) XML标签语法错误 : name="<{$url}
[ 2014-04-21T18:04:13+08:00 ] ERR: (ThinkException) XML标签语法错误 : name="<{$url}
[ 2014-04-21T18:04:46+08:00 ] ERR: (ThinkException) XML标签语法错误 : name="<{$url}
[ 2014-04-21T18:04:46+08:00 ] ERR: (ThinkException) XML标签语法错误 : name="<{$url}
[ 2014-04-21T18:04:47+08:00 ] ERR: (ThinkException) XML标签语法错误 : name="<{$url}
[ 2014-04-21T18:04:47+08:00 ] ERR: (ThinkException) XML标签语法错误 : name="<{$url}
[ 2014-04-21T18:04:47+08:00 ] ERR: (ThinkException) XML标签语法错误 : name="<{$url}
[ 2014-04-21T18:04:47+08:00 ] ERR: (ThinkException) XML标签语法错误 : name="<{$url}
[ 2014-04-21T18:04:47+08:00 ] ERR: (ThinkException) XML标签语法错误 : name="<{$url}
[ 2014-04-21T18:04:47+08:00 ] ERR: (ThinkException) XML标签语法错误 : name="<{$url}
[ 2014-04-21T18:04:48+08:00 ] ERR: (ThinkException) XML标签语法错误 : name="<{$url}
[ 2014-04-21T18:04:48+08:00 ] ERR: (ThinkException) XML标签语法错误 : name="<{$url}
[ 2014-04-21T18:04:48+08:00 ] ERR: (ThinkException) XML标签语法错误 : name="<{$url}
[ 2014-04-21T18:04:48+08:00 ] ERR: (ThinkException) XML标签语法错误 : name="<{$url}
[ 2014-04-21T18:04:48+08:00 ] ERR: (ThinkException) XML标签语法错误 : name="<{$url}
[ 2014-04-21T18:04:48+08:00 ] ERR: (ThinkException) XML标签语法错误 : name="<{$url}
[ 2014-04-21T18:04:48+08:00 ] ERR: (ThinkException) XML标签语法错误 : name="<{$url}
[ 2014-04-21T18:04:48+08:00 ] ERR: (ThinkException) XML标签语法错误 : name="<{$url}
[ 2014-04-21T18:04:48+08:00 ] ERR: (ThinkException) XML标签语法错误 : name="<{$url}
[ 2014-04-21T18:04:48+08:00 ] ERR: (ThinkException) XML标签语法错误 : name="<{$url}
[ 2014-04-21T18:04:48+08:00 ] ERR: (ThinkException) XML标签语法错误 : name="<{$url}
[ 2014-04-21T18:04:49+08:00 ] ERR: (ThinkException) XML标签语法错误 : name="<{$url}
[ 2014-04-21T18:04:56+08:00 ] ERR: (ThinkException) XML标签语法错误 : name="<{$url}
[ 2014-04-21T18:04:56+08:00 ] ERR: (ThinkException) XML标签语法错误 : name="<{$url}
[ 2014-04-21T18:04:57+08:00 ] ERR: (ThinkException) XML标签语法错误 : name="<{$url}
[ 2014-04-21T18:04:57+08:00 ] ERR: (ThinkException) XML标签语法错误 : name="<{$url}
[ 2014-04-21T18:04:57+08:00 ] ERR: (ThinkException) XML标签语法错误 : name="<{$url}
[ 2014-04-21T18:04:57+08:00 ] ERR: (ThinkException) XML标签语法错误 : name="<{$url}
[ 2014-04-21T18:04:57+08:00 ] ERR: (ThinkException) XML标签语法错误 : name="<{$url}
[ 2014-04-21T18:04:57+08:00 ] ERR: (ThinkException) XML标签语法错误 : name="<{$url}
[ 2014-04-21T18:05:36+08:00 ] ERR: (ThinkException) XML标签语法错误 : name="<{$url}
[ 2014-04-21T18:05:36+08:00 ] ERR: (ThinkException) XML标签语法错误 : name="<{$url}
[ 2014-04-21T21:37:58+08:00 ] ERR: (ThinkException) XML标签语法错误 : name="<{$url}
[ 2014-04-21T21:37:58+08:00 ] ERR: (ThinkException) XML标签语法错误 : name="<{$url}
[ 2014-04-21T21:37:59+08:00 ] ERR: (ThinkException) XML标签语法错误 : name="<{$url}
[ 2014-04-21T21:37:59+08:00 ] ERR: (ThinkException) XML标签语法错误 : name="<{$url}
[ 2014-04-21T21:48:05+08:00 ] ERR: (ThinkException) 非法操作:resources
[ 2014-04-21T21:48:05+08:00 ] ERR: (ThinkException) 非法操作:resources
[ 2014-04-21T21:57:17+08:00 ] ERR: (ThinkException) 非法操作:resources
[ 2014-04-21T21:57:17+08:00 ] ERR: (ThinkException) 非法操作:resources
[ 2014-04-21T21:57:49+08:00 ] ERR: (ThinkException) XML标签语法错误 : name="<{$url}
[ 2014-04-21T21:57:49+08:00 ] ERR: (ThinkException) XML标签语法错误 : name="<{$url}
[ 2014-04-21T21:58:16+08:00 ] ERR: (ThinkException) XML标签语法错误 : name='<{$url}
[ 2014-04-21T21:58:16+08:00 ] ERR: (ThinkException) XML标签语法错误 : name='<{$url}
[ 2014-04-21T21:58:17+08:00 ] ERR: (ThinkException) XML标签语法错误 : name='<{$url}
[ 2014-04-21T21:58:17+08:00 ] ERR: (ThinkException) XML标签语法错误 : name='<{$url}
[ 2014-04-21T22:01:01+08:00 ] ERR: (ThinkException) XML标签语法错误 : name="<{$option}
[ 2014-04-21T22:01:01+08:00 ] ERR: (ThinkException) XML标签语法错误 : name="<{$option}
[ 2014-04-21T22:23:50+08:00 ] ERR: (ThinkException) 非法操作:resources
[ 2014-04-21T22:23:50+08:00 ] ERR: (ThinkException) 非法操作:resources
[ 2014-04-21T22:30:30+08:00 ] ERR: (ThinkException) 无法加载模块:Muser
[ 2014-04-21T22:30:50+08:00 ] ERR: (ThinkException) XML标签语法错误
[ 2014-04-21T22:32:05+08:00 ] ERR: (ThinkException) 非法操作:resources
[ 2014-04-21T22:32:05+08:00 ] ERR: (ThinkException) 非法操作:resources
[ 2014-04-21T22:32:38+08:00 ] ERR: (ThinkException) 非法操作:resources
[ 2014-04-21T22:32:38+08:00 ] ERR: (ThinkException) 非法操作:resources
[ 2014-04-21T22:33:24+08:00 ] ERR: (ThinkException) 非法操作:resources
[ 2014-04-21T22:33:24+08:00 ] ERR: (ThinkException) 非法操作:resources
[ 2014-04-21T22:34:33+08:00 ] ERR: (ThinkException) XML标签语法错误
[ 2014-04-21T22:35:02+08:00 ] ERR: (ThinkException) XML标签语法错误
[ 2014-04-21T22:35:03+08:00 ] ERR: (ThinkException) XML标签语法错误
[ 2014-04-21T22:50:59+08:00 ] ERR: (ThinkException) 非法操作:resources
[ 2014-04-21T22:50:59+08:00 ] ERR: (ThinkException) 非法操作:resources
[ 2014-04-21T23:20:06+08:00 ] ERR: (ThinkException) XML标签语法错误
[ 2014-04-21T23:20:12+08:00 ] ERR: (ThinkException) XML标签语法错误
