[ 2014-04-27T12:10:34+08:00 ] 127.0.0.1 /teaShop/index.php/Reg/checkName?username=a
INFO: [ app_begin ] --START--
INFO: Run ReadHtmlCache Behavior [ RunTime:0.000734s ]
INFO: [ app_begin ] --END-- [ RunTime:0.000793s ]

[ 2014-04-27T12:10:43+08:00 ] 127.0.0.1 /teaShop/index.php/Reg/checkName?username=a
INFO: [ app_begin ] --START--
INFO: Run ReadHtmlCache Behavior [ RunTime:0.000828s ]
INFO: [ app_begin ] --END-- [ RunTime:0.000888s ]

[ 2014-04-27T12:16:29+08:00 ] 127.0.0.1 /teaShop/index.php/Reg/checkName?username=a
INFO: [ app_begin ] --START--
INFO: Run ReadHtmlCache Behavior [ RunTime:0.000873s ]
INFO: [ app_begin ] --END-- [ RunTime:0.000953s ]

[ 2014-04-27T12:16:52+08:00 ] 127.0.0.1 /teaShop/index.php/Reg/checkName?username=a
INFO: [ app_begin ] --START--
INFO: Run ReadHtmlCache Behavior [ RunTime:0.000761s ]
INFO: [ app_begin ] --END-- [ RunTime:0.000823s ]

[ 2014-04-27T12:23:09+08:00 ] 127.0.0.1 /teaShop/index.php/Reg/checkName?username=%E5%BC%A0%E4%B8%89
INFO: [ app_begin ] --START--
INFO: Run ReadHtmlCache Behavior [ RunTime:0.000695s ]
INFO: [ app_begin ] --END-- [ RunTime:0.000753s ]

[ 2014-04-27T12:26:31+08:00 ] 127.0.0.1 /teaShop/index.php/Reg/checkName?username=qin
INFO: [ app_begin ] --START--
INFO: Run ReadHtmlCache Behavior [ RunTime:0.000774s ]
INFO: [ app_begin ] --END-- [ RunTime:0.000852s ]
SQL: DESCRIBE t_admin [ RunTime:0.003791s ]
NOTIC: [8] Undefined variable: adminname F:\www\teaShop\Home\Lib\Action\RegAction.class.php 第 11 行.
SQL: SELECT * FROM `t_admin` WHERE ( `Admin_Name` = null ) LIMIT 1   [ RunTime:0.004427s ]

[ 2014-04-27T12:27:23+08:00 ] 127.0.0.1 /teaShop/index.php/Reg/checkName?username=qin
INFO: [ app_begin ] --START--
INFO: Run ReadHtmlCache Behavior [ RunTime:0.000749s ]
INFO: [ app_begin ] --END-- [ RunTime:0.000813s ]
SQL: DESCRIBE t_admin [ RunTime:0.003784s ]
SQL: SELECT * FROM `t_admin` WHERE ( `Admin_Name` = 'qin' ) LIMIT 1   [ RunTime:0.000343s ]

[ 2014-04-27T12:28:27+08:00 ] 127.0.0.1 /teaShop/index.php/Reg/checkName?username=qin
INFO: [ app_begin ] --START--
INFO: Run ReadHtmlCache Behavior [ RunTime:0.000852s ]
INFO: [ app_begin ] --END-- [ RunTime:0.000929s ]
SQL: DESCRIBE t_user [ RunTime:0.003754s ]
SQL: SELECT * FROM `t_user` WHERE ( `User_Name` = 'qin' ) LIMIT 1   [ RunTime:0.000364s ]

[ 2014-04-27T12:28:34+08:00 ] 127.0.0.1 /teaShop/index.php/Reg/checkName?username=%E5%BC%A0%E4%B8%89
INFO: [ app_begin ] --START--
INFO: Run ReadHtmlCache Behavior [ RunTime:0.000773s ]
INFO: [ app_begin ] --END-- [ RunTime:0.000835s ]
SQL: DESCRIBE t_user [ RunTime:0.003756s ]
SQL: SELECT * FROM `t_user` WHERE ( `User_Name` = '张三' ) LIMIT 1   [ RunTime:0.000365s ]

[ 2014-04-27T12:29:36+08:00 ] 127.0.0.1 /teaShop/index.php/Reg/checkName?username=qin
INFO: [ app_begin ] --START--
INFO: Run ReadHtmlCache Behavior [ RunTime:0.000653s ]
INFO: [ app_begin ] --END-- [ RunTime:0.000710s ]
SQL: DESCRIBE t_user [ RunTime:0.003735s ]
SQL: SELECT COUNT(*) AS tp_count FROM `t_user` WHERE ( `User_Name` = 'qin' ) LIMIT 1   [ RunTime:0.000410s ]

[ 2014-04-27T12:33:12+08:00 ] 127.0.0.1 /teaShop/index.php/Reg/checkName?username=qin
INFO: [ app_begin ] --START--
INFO: Run ReadHtmlCache Behavior [ RunTime:0.000654s ]
INFO: [ app_begin ] --END-- [ RunTime:0.000714s ]
SQL: DESCRIBE t_user [ RunTime:0.003721s ]
SQL: SELECT * FROM `t_user` WHERE ( `User_Name` = 'qin' ) LIMIT 1   [ RunTime:0.000382s ]

[ 2014-04-27T12:33:17+08:00 ] 127.0.0.1 /teaShop/index.php/Reg/checkName?username=
INFO: [ app_begin ] --START--
INFO: Run ReadHtmlCache Behavior [ RunTime:0.000628s ]
INFO: [ app_begin ] --END-- [ RunTime:0.000685s ]
SQL: DESCRIBE t_user [ RunTime:0.003732s ]
SQL: SELECT * FROM `t_user` WHERE ( `User_Name` = '' ) LIMIT 1   [ RunTime:0.000377s ]

[ 2014-04-27T12:33:23+08:00 ] 127.0.0.1 /teaShop/index.php/Reg/checkName?username=%E5%BC%A0%E4%B8%89
INFO: [ app_begin ] --START--
INFO: Run ReadHtmlCache Behavior [ RunTime:0.000758s ]
INFO: [ app_begin ] --END-- [ RunTime:0.000818s ]
SQL: DESCRIBE t_user [ RunTime:0.003604s ]
SQL: SELECT * FROM `t_user` WHERE ( `User_Name` = '张三' ) LIMIT 1   [ RunTime:0.000357s ]

[ 2014-04-27T12:34:12+08:00 ] 127.0.0.1 /teaShop/index.php/Reg/checkName?username=qin
INFO: [ app_begin ] --START--
INFO: Run ReadHtmlCache Behavior [ RunTime:0.000676s ]
INFO: [ app_begin ] --END-- [ RunTime:0.000734s ]
SQL: DESCRIBE t_user [ RunTime:0.003773s ]
SQL: SELECT * FROM `t_user` WHERE ( `User_Name` = 'qin' ) LIMIT 1   [ RunTime:0.000363s ]

[ 2014-04-27T12:34:29+08:00 ] 127.0.0.1 /teaShop/index.php/Reg/checkName?username=qin
INFO: [ app_begin ] --START--
INFO: Run ReadHtmlCache Behavior [ RunTime:0.001037s ]
INFO: [ app_begin ] --END-- [ RunTime:0.001142s ]
SQL: DESCRIBE t_user [ RunTime:0.008244s ]
SQL: SELECT * FROM `t_user` WHERE ( `User_Name` = 'qin' ) LIMIT 1   [ RunTime:0.000609s ]

[ 2014-04-27T12:35:00+08:00 ] 127.0.0.1 /teaShop/index.php/Reg/checkName?username=qin2
INFO: [ app_begin ] --START--
INFO: Run ReadHtmlCache Behavior [ RunTime:0.000755s ]
INFO: [ app_begin ] --END-- [ RunTime:0.000828s ]
SQL: DESCRIBE t_user [ RunTime:0.003833s ]
SQL: SELECT * FROM `t_user` WHERE ( `User_Name` = 'qin2' ) LIMIT 1   [ RunTime:0.000351s ]

[ 2014-04-27T12:35:04+08:00 ] 127.0.0.1 /teaShop/index.php/Reg/checkName?username=qin2
INFO: [ app_begin ] --START--
INFO: Run ReadHtmlCache Behavior [ RunTime:0.000581s ]
INFO: [ app_begin ] --END-- [ RunTime:0.000638s ]
SQL: DESCRIBE t_user [ RunTime:0.004468s ]
SQL: SELECT * FROM `t_user` WHERE ( `User_Name` = 'qin2' ) LIMIT 1   [ RunTime:0.000428s ]

[ 2014-04-27T12:35:13+08:00 ] 127.0.0.1 /teaShop/index.php/Reg/checkName?username=%E5%BC%A0%E4%B8%89
INFO: [ app_begin ] --START--
INFO: Run ReadHtmlCache Behavior [ RunTime:0.000699s ]
INFO: [ app_begin ] --END-- [ RunTime:0.000759s ]
SQL: DESCRIBE t_user [ RunTime:0.003715s ]
SQL: SELECT * FROM `t_user` WHERE ( `User_Name` = '张三' ) LIMIT 1   [ RunTime:0.000360s ]

[ 2014-04-27T12:35:16+08:00 ] 127.0.0.1 /teaShop/index.php/Reg/checkName?username=%E5%BC%A0%E4%B8%891
INFO: [ app_begin ] --START--
INFO: Run ReadHtmlCache Behavior [ RunTime:0.000606s ]
INFO: [ app_begin ] --END-- [ RunTime:0.000661s ]
SQL: DESCRIBE t_user [ RunTime:0.003609s ]
SQL: SELECT * FROM `t_user` WHERE ( `User_Name` = '张三1' ) LIMIT 1   [ RunTime:0.000341s ]

[ 2014-04-27T12:46:56+08:00 ] 127.0.0.1 /teaShop/index.php/Reg/checkName?username=
INFO: [ app_begin ] --START--
INFO: Run ReadHtmlCache Behavior [ RunTime:0.000651s ]
INFO: [ app_begin ] --END-- [ RunTime:0.000710s ]
SQL: DESCRIBE t_user [ RunTime:0.004240s ]
SQL: SELECT * FROM `t_user` WHERE ( `User_Name` = '' ) LIMIT 1   [ RunTime:0.000491s ]

[ 2014-04-27T12:46:59+08:00 ] 127.0.0.1 /teaShop/index.php/Reg/checkName?username=
INFO: [ app_begin ] --START--
INFO: Run ReadHtmlCache Behavior [ RunTime:0.000628s ]
INFO: [ app_begin ] --END-- [ RunTime:0.000685s ]
SQL: DESCRIBE t_user [ RunTime:0.003838s ]
SQL: SELECT * FROM `t_user` WHERE ( `User_Name` = '' ) LIMIT 1   [ RunTime:0.000347s ]

[ 2014-04-27T12:47:04+08:00 ] 127.0.0.1 /teaShop/index.php/Reg/checkName?username=
INFO: [ app_begin ] --START--
INFO: Run ReadHtmlCache Behavior [ RunTime:0.000594s ]
INFO: [ app_begin ] --END-- [ RunTime:0.000652s ]
SQL: DESCRIBE t_user [ RunTime:0.003613s ]
SQL: SELECT * FROM `t_user` WHERE ( `User_Name` = '' ) LIMIT 1   [ RunTime:0.000340s ]

[ 2014-04-27T12:47:11+08:00 ] 127.0.0.1 /teaShop/index.php/Reg/checkName?username=
INFO: [ app_begin ] --START--
INFO: Run ReadHtmlCache Behavior [ RunTime:0.000672s ]
INFO: [ app_begin ] --END-- [ RunTime:0.000733s ]
SQL: DESCRIBE t_user [ RunTime:0.004420s ]
SQL: SELECT * FROM `t_user` WHERE ( `User_Name` = '' ) LIMIT 1   [ RunTime:0.000417s ]

[ 2014-04-27T12:48:12+08:00 ] 127.0.0.1 /teaShop/index.php/Reg/checkName?username=
INFO: [ app_begin ] --START--
INFO: Run ReadHtmlCache Behavior [ RunTime:0.000674s ]
INFO: [ app_begin ] --END-- [ RunTime:0.000734s ]
SQL: DESCRIBE t_user [ RunTime:0.004018s ]
SQL: SELECT * FROM `t_user` WHERE ( `User_Name` = '' ) LIMIT 1   [ RunTime:0.000355s ]

[ 2014-04-27T12:49:48+08:00 ] 127.0.0.1 /teaShop/index.php/Reg/checkName?username=
INFO: [ app_begin ] --START--
INFO: Run ReadHtmlCache Behavior [ RunTime:0.000831s ]
INFO: [ app_begin ] --END-- [ RunTime:0.000895s ]
SQL: DESCRIBE t_user [ RunTime:0.003849s ]
SQL: SELECT * FROM `t_user` WHERE ( `User_Name` = '' ) LIMIT 1   [ RunTime:0.000374s ]

[ 2014-04-27T12:51:13+08:00 ] 127.0.0.1 /teaShop/index.php/Reg/checkName?username=
INFO: [ app_begin ] --START--
INFO: Run ReadHtmlCache Behavior [ RunTime:0.000556s ]
INFO: [ app_begin ] --END-- [ RunTime:0.000613s ]
SQL: DESCRIBE t_user [ RunTime:0.004293s ]
SQL: SELECT * FROM `t_user` WHERE ( `User_Name` = '' ) LIMIT 1   [ RunTime:0.000401s ]

[ 2014-04-27T12:51:22+08:00 ] 127.0.0.1 /teaShop/index.php/Reg/checkName?username=
INFO: [ app_begin ] --START--
INFO: Run ReadHtmlCache Behavior [ RunTime:0.000567s ]
INFO: [ app_begin ] --END-- [ RunTime:0.000623s ]
SQL: DESCRIBE t_user [ RunTime:0.005228s ]
SQL: SELECT * FROM `t_user` WHERE ( `User_Name` = '' ) LIMIT 1   [ RunTime:0.000529s ]

[ 2014-04-27T12:51:57+08:00 ] 127.0.0.1 /teaShop/index.php/Reg/checkName?username=
INFO: [ app_begin ] --START--
INFO: Run ReadHtmlCache Behavior [ RunTime:0.000818s ]
INFO: [ app_begin ] --END-- [ RunTime:0.000880s ]
SQL: DESCRIBE t_user [ RunTime:0.003890s ]
SQL: SELECT * FROM `t_user` WHERE ( `User_Name` = '' ) LIMIT 1   [ RunTime:0.000385s ]

[ 2014-04-27T12:52:22+08:00 ] 127.0.0.1 /teaShop/index.php/Reg/checkName?username=qin
INFO: [ app_begin ] --START--
INFO: Run ReadHtmlCache Behavior [ RunTime:0.000693s ]
INFO: [ app_begin ] --END-- [ RunTime:0.000755s ]
SQL: DESCRIBE t_user [ RunTime:0.003852s ]
SQL: SELECT * FROM `t_user` WHERE ( `User_Name` = 'qin' ) LIMIT 1   [ RunTime:0.000356s ]

[ 2014-04-27T12:52:25+08:00 ] 127.0.0.1 /teaShop/index.php/Reg/checkName?username=qin2
INFO: [ app_begin ] --START--
INFO: Run ReadHtmlCache Behavior [ RunTime:0.000591s ]
INFO: [ app_begin ] --END-- [ RunTime:0.000650s ]
SQL: DESCRIBE t_user [ RunTime:0.003794s ]
SQL: SELECT * FROM `t_user` WHERE ( `User_Name` = 'qin2' ) LIMIT 1   [ RunTime:0.000376s ]

[ 2014-04-27T12:53:04+08:00 ] 127.0.0.1 /teaShop/index.php/Reg/checkName?username=qin2
INFO: [ app_begin ] --START--
INFO: Run ReadHtmlCache Behavior [ RunTime:0.000600s ]
INFO: [ app_begin ] --END-- [ RunTime:0.000655s ]
SQL: DESCRIBE t_user [ RunTime:0.003682s ]
SQL: SELECT * FROM `t_user` WHERE ( `User_Name` = 'qin2' ) LIMIT 1   [ RunTime:0.000370s ]

[ 2014-04-27T13:03:22+08:00 ] 127.0.0.1 /teaShop/index.php/Reg/checkName?username=
INFO: [ app_begin ] --START--
INFO: Run ReadHtmlCache Behavior [ RunTime:0.001213s ]
INFO: [ app_begin ] --END-- [ RunTime:0.001331s ]
SQL: DESCRIBE t_user [ RunTime:0.006179s ]
SQL: SELECT * FROM `t_user` WHERE ( `User_Name` = '' ) LIMIT 1   [ RunTime:0.000564s ]

[ 2014-04-27T13:09:53+08:00 ] 127.0.0.1 /teaShop/index.php/Reg/checkName?username=
INFO: [ app_begin ] --START--
INFO: Run ReadHtmlCache Behavior [ RunTime:0.000693s ]
INFO: [ app_begin ] --END-- [ RunTime:0.000752s ]
SQL: DESCRIBE t_user [ RunTime:0.003606s ]
SQL: SELECT * FROM `t_user` WHERE ( `User_Name` = '' ) LIMIT 1   [ RunTime:0.000424s ]

[ 2014-04-27T13:28:51+08:00 ] 127.0.0.1 /teaShop/index.php/Reg/checkName?username=%E7%90%B4
INFO: [ app_begin ] --START--
INFO: Run ReadHtmlCache Behavior [ RunTime:0.000757s ]
INFO: [ app_begin ] --END-- [ RunTime:0.000820s ]
SQL: DESCRIBE t_user [ RunTime:0.003601s ]
SQL: SELECT * FROM `t_user` WHERE ( `User_Name` = '琴' ) LIMIT 1   [ RunTime:0.000439s ]

[ 2014-04-27T13:30:18+08:00 ] 127.0.0.1 /teaShop/index.php/Reg/checkName?username=%E7%90%B4
INFO: [ app_begin ] --START--
INFO: Run ReadHtmlCache Behavior [ RunTime:0.000638s ]
INFO: [ app_begin ] --END-- [ RunTime:0.000695s ]
SQL: DESCRIBE t_user [ RunTime:0.003898s ]
SQL: SELECT * FROM `t_user` WHERE ( `User_Name` = '琴' ) LIMIT 1   [ RunTime:0.000394s ]

[ 2014-04-27T13:31:21+08:00 ] 127.0.0.1 /teaShop/index.php/Reg/checkName?username=%E7%90%B4
INFO: [ app_begin ] --START--
INFO: Run ReadHtmlCache Behavior [ RunTime:0.000751s ]
INFO: [ app_begin ] --END-- [ RunTime:0.000809s ]
SQL: DESCRIBE t_user [ RunTime:0.003527s ]
SQL: SELECT * FROM `t_user` WHERE ( `User_Name` = '琴' ) LIMIT 1   [ RunTime:0.000394s ]

[ 2014-04-27T13:31:57+08:00 ] 127.0.0.1 /teaShop/index.php/Reg/checkName?username=%E7%90%B4
INFO: [ app_begin ] --START--
INFO: Run ReadHtmlCache Behavior [ RunTime:0.000727s ]
INFO: [ app_begin ] --END-- [ RunTime:0.000785s ]
SQL: DESCRIBE t_user [ RunTime:0.003801s ]
SQL: SELECT * FROM `t_user` WHERE ( `User_Name` = '琴' ) LIMIT 1   [ RunTime:0.000344s ]

[ 2014-04-27T13:32:22+08:00 ] ERR: (ThinkException) 非法操作:白茶10
[ 2014-04-27T13:32:22+08:00 ] ERR: (ThinkException) 非法操作:白茶6
[ 2014-04-27T13:32:22+08:00 ] ERR: (ThinkException) 非法操作:bai1
[ 2014-04-27T13:32:22+08:00 ] ERR: (ThinkException) 非法操作:bai2
[ 2014-04-27T13:40:59+08:00 ] 127.0.0.1 /teaShop/index.php/Reg/checkName?username=%E7%90%B4
INFO: [ app_begin ] --START--
INFO: Run ReadHtmlCache Behavior [ RunTime:0.000671s ]
INFO: [ app_begin ] --END-- [ RunTime:0.000728s ]
SQL: DESCRIBE t_user [ RunTime:0.003798s ]
SQL: SELECT * FROM `t_user` WHERE ( `User_Name` = '琴' ) LIMIT 1   [ RunTime:0.000394s ]

[ 2014-04-27T13:43:08+08:00 ] 127.0.0.1 /teaShop/index.php/Reg/checkName?username=%E7%90%B4
INFO: [ app_begin ] --START--
INFO: Run ReadHtmlCache Behavior [ RunTime:0.000727s ]
INFO: [ app_begin ] --END-- [ RunTime:0.000788s ]
SQL: DESCRIBE t_user [ RunTime:0.004033s ]
SQL: SELECT * FROM `t_user` WHERE ( `User_Name` = '琴' ) LIMIT 1   [ RunTime:0.000412s ]

[ 2014-04-27T13:44:09+08:00 ] 127.0.0.1 /teaShop/index.php/Reg/checkName?username=%E7%90%B4
INFO: [ app_begin ] --START--
INFO: Run ReadHtmlCache Behavior [ RunTime:0.000735s ]
INFO: [ app_begin ] --END-- [ RunTime:0.000795s ]
SQL: DESCRIBE t_user [ RunTime:0.003855s ]
SQL: SELECT * FROM `t_user` WHERE ( `User_Name` = '琴' ) LIMIT 1   [ RunTime:0.000404s ]

[ 2014-04-27T13:45:07+08:00 ] 127.0.0.1 /teaShop/index.php/Reg/checkName?username=%E7%90%B4
INFO: [ app_begin ] --START--
INFO: Run ReadHtmlCache Behavior [ RunTime:0.000658s ]
INFO: [ app_begin ] --END-- [ RunTime:0.000717s ]
SQL: DESCRIBE t_user [ RunTime:0.003865s ]
SQL: SELECT * FROM `t_user` WHERE ( `User_Name` = '琴' ) LIMIT 1   [ RunTime:0.000412s ]

[ 2014-04-27T13:45:27+08:00 ] 127.0.0.1 /teaShop/index.php/Reg/checkName?username=%E7%90%B4
INFO: [ app_begin ] --START--
INFO: Run ReadHtmlCache Behavior [ RunTime:0.000636s ]
INFO: [ app_begin ] --END-- [ RunTime:0.000692s ]
SQL: DESCRIBE t_user [ RunTime:0.003846s ]
SQL: SELECT * FROM `t_user` WHERE ( `User_Name` = '琴' ) LIMIT 1   [ RunTime:0.000560s ]

[ 2014-04-27T13:46:51+08:00 ] 127.0.0.1 /teaShop/index.php/Reg/checkName?username=%E7%90%B4
INFO: [ app_begin ] --START--
INFO: Run ReadHtmlCache Behavior [ RunTime:0.000749s ]
INFO: [ app_begin ] --END-- [ RunTime:0.000810s ]
SQL: DESCRIBE t_user [ RunTime:0.003882s ]
SQL: SELECT * FROM `t_user` WHERE ( `User_Name` = '琴' ) LIMIT 1   [ RunTime:0.000358s ]

[ 2014-04-27T13:47:09+08:00 ] ERR: (ThinkException) 非法操作:白茶10
[ 2014-04-27T13:47:09+08:00 ] ERR: (ThinkException) 非法操作:白茶6
[ 2014-04-27T13:47:09+08:00 ] ERR: (ThinkException) 非法操作:bai1
[ 2014-04-27T13:47:09+08:00 ] ERR: (ThinkException) 非法操作:bai2
[ 2014-04-27T13:49:40+08:00 ] 127.0.0.1 /teaShop/index.php/Reg/checkName?username=%E7%90%B42
INFO: [ app_begin ] --START--
INFO: Run ReadHtmlCache Behavior [ RunTime:0.000616s ]
INFO: [ app_begin ] --END-- [ RunTime:0.000673s ]
SQL: DESCRIBE t_user [ RunTime:0.003772s ]
SQL: SELECT * FROM `t_user` WHERE ( `User_Name` = '琴2' ) LIMIT 1   [ RunTime:0.000386s ]

[ 2014-04-27T13:50:17+08:00 ] ERR: (ThinkException) 非法操作:白茶10
[ 2014-04-27T13:50:17+08:00 ] ERR: (ThinkException) 非法操作:白茶6
[ 2014-04-27T13:50:17+08:00 ] ERR: (ThinkException) 非法操作:bai1
[ 2014-04-27T13:50:17+08:00 ] ERR: (ThinkException) 非法操作:bai2
[ 2014-04-27T13:51:38+08:00 ] 127.0.0.1 /teaShop/index.php/Reg/checkName?username=%E7%90%B43
INFO: [ app_begin ] --START--
INFO: Run ReadHtmlCache Behavior [ RunTime:0.000627s ]
INFO: [ app_begin ] --END-- [ RunTime:0.000684s ]
SQL: DESCRIBE t_user [ RunTime:0.004022s ]
SQL: SELECT * FROM `t_user` WHERE ( `User_Name` = '琴3' ) LIMIT 1   [ RunTime:0.000421s ]

[ 2014-04-27T13:52:10+08:00 ] ERR: (ThinkException) 非法操作:白茶10
[ 2014-04-27T13:52:10+08:00 ] ERR: (ThinkException) 非法操作:白茶6
[ 2014-04-27T13:52:10+08:00 ] ERR: (ThinkException) 非法操作:bai1
[ 2014-04-27T13:52:10+08:00 ] ERR: (ThinkException) 非法操作:bai2
[ 2014-04-27T13:57:53+08:00 ] 127.0.0.1 /teaShop/index.php/Reg/checkName?username=%E7%90%B4
INFO: [ app_begin ] --START--
INFO: Run ReadHtmlCache Behavior [ RunTime:0.000796s ]
INFO: [ app_begin ] --END-- [ RunTime:0.000878s ]
SQL: DESCRIBE t_user [ RunTime:0.003759s ]
SQL: SELECT * FROM `t_user` WHERE ( `User_Name` = '琴' ) LIMIT 1   [ RunTime:0.000406s ]

[ 2014-04-27T13:58:14+08:00 ] ERR: (ThinkException) 非法操作:白茶10
[ 2014-04-27T13:58:14+08:00 ] ERR: (ThinkException) 非法操作:白茶6
[ 2014-04-27T13:58:14+08:00 ] ERR: (ThinkException) 非法操作:bai1
[ 2014-04-27T13:58:14+08:00 ] ERR: (ThinkException) 非法操作:bai2
[ 2014-04-27T14:17:53+08:00 ] 127.0.0.1 /teaShop/index.php/Reg/checkName?username=%E7%90%B4
INFO: [ app_begin ] --START--
INFO: Run ReadHtmlCache Behavior [ RunTime:0.000750s ]
INFO: [ app_begin ] --END-- [ RunTime:0.000811s ]
SQL: DESCRIBE t_user [ RunTime:0.003973s ]
SQL: SELECT * FROM `t_user` WHERE ( `User_Name` = '琴' ) LIMIT 1   [ RunTime:0.000382s ]

[ 2014-04-27T14:17:55+08:00 ] 127.0.0.1 /teaShop/index.php/Reg/checkName?username=%E7%90%B42
INFO: [ app_begin ] --START--
INFO: Run ReadHtmlCache Behavior [ RunTime:0.000653s ]
INFO: [ app_begin ] --END-- [ RunTime:0.000711s ]
SQL: DESCRIBE t_user [ RunTime:0.004073s ]
SQL: SELECT * FROM `t_user` WHERE ( `User_Name` = '琴2' ) LIMIT 1   [ RunTime:0.000363s ]

[ 2014-04-27T14:18:10+08:00 ] ERR: (ThinkException) 非法操作:白茶6
[ 2014-04-27T14:18:10+08:00 ] ERR: (ThinkException) 非法操作:白茶10
[ 2014-04-27T14:18:10+08:00 ] ERR: (ThinkException) 非法操作:bai1
[ 2014-04-27T14:18:10+08:00 ] ERR: (ThinkException) 非法操作:bai2
[ 2014-04-27T14:27:11+08:00 ] ERR: (ThinkException) 非法操作:__ROOT__
[ 2014-04-27T14:27:14+08:00 ] ERR: (ThinkException) 非法操作:__ROOT__
[ 2014-04-27T14:27:17+08:00 ] ERR: (ThinkException) 非法操作:__ROOT__
[ 2014-04-27T14:27:33+08:00 ] ERR: (ThinkException) 非法操作:__ROOT__
[ 2014-04-27T14:27:39+08:00 ] ERR: (ThinkException) 非法操作:__ROOT__
[ 2014-04-27T14:28:14+08:00 ] ERR: (ThinkException) 非法操作:__ROOT__
[ 2014-04-27T14:28:41+08:00 ] ERR: (ThinkException) 非法操作:__ROOT__
[ 2014-04-27T14:31:57+08:00 ] 127.0.0.1 /teaShop/index.php/Reg/checkName?username=%E5%BC%A0%E4%B8%89
INFO: [ app_begin ] --START--
INFO: Run ReadHtmlCache Behavior [ RunTime:0.000596s ]
INFO: [ app_begin ] --END-- [ RunTime:0.000652s ]
SQL: DESCRIBE t_user [ RunTime:0.003723s ]
SQL: SELECT * FROM `t_user` WHERE ( `User_Name` = '张三' ) LIMIT 1   [ RunTime:0.000388s ]

[ 2014-04-27T14:34:44+08:00 ] 127.0.0.1 /teaShop/index.php/Reg/checkName?username=%E5%BC%A0%E4%B8%89
INFO: [ app_begin ] --START--
INFO: Run ReadHtmlCache Behavior [ RunTime:0.000604s ]
INFO: [ app_begin ] --END-- [ RunTime:0.000659s ]
SQL: DESCRIBE t_user [ RunTime:0.003747s ]
SQL: SELECT * FROM `t_user` WHERE ( `User_Name` = '张三' ) LIMIT 1   [ RunTime:0.000403s ]

[ 2014-04-27T14:34:46+08:00 ] 127.0.0.1 /teaShop/index.php/Reg/checkName?username=%E5%BC%A0%E4%B8%892
INFO: [ app_begin ] --START--
INFO: Run ReadHtmlCache Behavior [ RunTime:0.000592s ]
INFO: [ app_begin ] --END-- [ RunTime:0.000648s ]
SQL: DESCRIBE t_user [ RunTime:0.003634s ]
SQL: SELECT * FROM `t_user` WHERE ( `User_Name` = '张三2' ) LIMIT 1   [ RunTime:0.000354s ]

[ 2014-04-27T14:35:49+08:00 ] 127.0.0.1 /teaShop/index.php/Reg/checkName?username=%E7%90%B4
INFO: [ app_begin ] --START--
INFO: Run ReadHtmlCache Behavior [ RunTime:0.000664s ]
INFO: [ app_begin ] --END-- [ RunTime:0.000732s ]
SQL: DESCRIBE t_user [ RunTime:0.003973s ]
SQL: SELECT * FROM `t_user` WHERE ( `User_Name` = '琴' ) LIMIT 1   [ RunTime:0.000385s ]

[ 2014-04-27T14:35:52+08:00 ] 127.0.0.1 /teaShop/index.php/Reg/checkName?username=%E7%90%B42
INFO: [ app_begin ] --START--
INFO: Run ReadHtmlCache Behavior [ RunTime:0.000630s ]
INFO: [ app_begin ] --END-- [ RunTime:0.000698s ]
SQL: DESCRIBE t_user [ RunTime:0.003877s ]
SQL: SELECT * FROM `t_user` WHERE ( `User_Name` = '琴2' ) LIMIT 1   [ RunTime:0.000351s ]

[ 2014-04-27T14:35:56+08:00 ] 127.0.0.1 /teaShop/index.php/Reg/checkName?username=%E7%90%B43
INFO: [ app_begin ] --START--
INFO: Run ReadHtmlCache Behavior [ RunTime:0.000591s ]
INFO: [ app_begin ] --END-- [ RunTime:0.000647s ]
SQL: DESCRIBE t_user [ RunTime:0.003857s ]
SQL: SELECT * FROM `t_user` WHERE ( `User_Name` = '琴3' ) LIMIT 1   [ RunTime:0.000379s ]

[ 2014-04-27T18:49:11+08:00 ] 127.0.0.1 /teaShop/index.php/Reg/checkName?username=%E7%90%B4
INFO: [ app_begin ] --START--
INFO: Run ReadHtmlCache Behavior [ RunTime:0.000652s ]
INFO: [ app_begin ] --END-- [ RunTime:0.000710s ]
SQL: DESCRIBE t_user [ RunTime:0.003929s ]
SQL: SELECT * FROM `t_user` WHERE ( `User_Name` = '琴' ) LIMIT 1   [ RunTime:0.000385s ]

[ 2014-04-27T18:49:13+08:00 ] 127.0.0.1 /teaShop/index.php/Reg/checkName?username=%E7%90%B41
INFO: [ app_begin ] --START--
INFO: Run ReadHtmlCache Behavior [ RunTime:0.000567s ]
INFO: [ app_begin ] --END-- [ RunTime:0.000622s ]
SQL: DESCRIBE t_user [ RunTime:0.003766s ]
SQL: SELECT * FROM `t_user` WHERE ( `User_Name` = '琴1' ) LIMIT 1   [ RunTime:0.000369s ]

[ 2014-04-27T18:49:34+08:00 ] 127.0.0.1 /teaShop/index.php/Reg/checkEmail?email=123%40qq.com
INFO: [ app_begin ] --START--
INFO: Run ReadHtmlCache Behavior [ RunTime:0.000674s ]
INFO: [ app_begin ] --END-- [ RunTime:0.000732s ]
SQL: DESCRIBE t_user [ RunTime:0.003737s ]
SQL: SELECT * FROM `t_user` WHERE ( `User_Email` = '123@qq.com' ) LIMIT 1   [ RunTime:0.000399s ]

[ 2014-04-27T18:49:39+08:00 ] 127.0.0.1 /teaShop/index.php/Reg/checkEmail?email=1234%40qq.com
INFO: [ app_begin ] --START--
INFO: Run ReadHtmlCache Behavior [ RunTime:0.000553s ]
INFO: [ app_begin ] --END-- [ RunTime:0.000609s ]
SQL: DESCRIBE t_user [ RunTime:0.004147s ]
SQL: SELECT * FROM `t_user` WHERE ( `User_Email` = '1234@qq.com' ) LIMIT 1   [ RunTime:0.000356s ]

[ 2014-04-27T18:50:04+08:00 ] 127.0.0.1 /teaShop/index.php/Reg/checkName?username=%E7%90%B41
INFO: [ app_begin ] --START--
INFO: Run ReadHtmlCache Behavior [ RunTime:0.000728s ]
INFO: [ app_begin ] --END-- [ RunTime:0.000787s ]
SQL: DESCRIBE t_user [ RunTime:0.003642s ]
SQL: SELECT * FROM `t_user` WHERE ( `User_Name` = '琴1' ) LIMIT 1   [ RunTime:0.000422s ]

[ 2014-04-27T18:50:05+08:00 ] 127.0.0.1 /teaShop/index.php/Reg/checkEmail?email=1234%40qq.com
INFO: [ app_begin ] --START--
INFO: Run ReadHtmlCache Behavior [ RunTime:0.000551s ]
INFO: [ app_begin ] --END-- [ RunTime:0.000607s ]
SQL: DESCRIBE t_user [ RunTime:0.003820s ]
SQL: SELECT * FROM `t_user` WHERE ( `User_Email` = '1234@qq.com' ) LIMIT 1   [ RunTime:0.000495s ]

[ 2014-04-27T18:50:52+08:00 ] 127.0.0.1 /teaShop/index.php/Reg/checkName?username=%E7%90%B41
INFO: [ app_begin ] --START--
INFO: Run ReadHtmlCache Behavior [ RunTime:0.000593s ]
INFO: [ app_begin ] --END-- [ RunTime:0.000653s ]
SQL: DESCRIBE t_user [ RunTime:0.003586s ]
SQL: SELECT * FROM `t_user` WHERE ( `User_Name` = '琴1' ) LIMIT 1   [ RunTime:0.000353s ]

[ 2014-04-27T18:51:09+08:00 ] 127.0.0.1 /teaShop/index.php/Reg/checkEmail?email=1234%40qq.com
INFO: [ app_begin ] --START--
INFO: Run ReadHtmlCache Behavior [ RunTime:0.000595s ]
INFO: [ app_begin ] --END-- [ RunTime:0.000650s ]
SQL: DESCRIBE t_user [ RunTime:0.003751s ]
SQL: SELECT * FROM `t_user` WHERE ( `User_Email` = '1234@qq.com' ) LIMIT 1   [ RunTime:0.000352s ]

[ 2014-04-27T18:52:26+08:00 ] 127.0.0.1 /teaShop/index.php/Reg/checkName?username=%E6%B5%B7
INFO: [ app_begin ] --START--
INFO: Run ReadHtmlCache Behavior [ RunTime:0.000687s ]
INFO: [ app_begin ] --END-- [ RunTime:0.000746s ]
SQL: DESCRIBE t_user [ RunTime:0.003696s ]
SQL: SELECT * FROM `t_user` WHERE ( `User_Name` = '海' ) LIMIT 1   [ RunTime:0.000496s ]

[ 2014-04-27T18:52:45+08:00 ] 127.0.0.1 /teaShop/index.php/Reg/checkEmail?email=456%40qq.com
INFO: [ app_begin ] --START--
INFO: Run ReadHtmlCache Behavior [ RunTime:0.000646s ]
INFO: [ app_begin ] --END-- [ RunTime:0.000718s ]
SQL: DESCRIBE t_user [ RunTime:0.003748s ]
SQL: SELECT * FROM `t_user` WHERE ( `User_Email` = '456@qq.com' ) LIMIT 1   [ RunTime:0.000359s ]

[ 2014-04-27T18:52:49+08:00 ] ERR: (ThinkException) 非法操作:白茶10
[ 2014-04-27T18:52:49+08:00 ] ERR: (ThinkException) 非法操作:白茶6
[ 2014-04-27T18:52:49+08:00 ] ERR: (ThinkException) 非法操作:bai1
[ 2014-04-27T18:52:49+08:00 ] ERR: (ThinkException) 非法操作:bai2
[ 2014-04-27T20:15:09+08:00 ] 127.0.0.1 /teaShop/index.php/Reg/checkName?username=%E7%90%B43
INFO: [ app_begin ] --START--
INFO: Run ReadHtmlCache Behavior [ RunTime:0.000634s ]
INFO: [ app_begin ] --END-- [ RunTime:0.000691s ]
SQL: DESCRIBE t_user [ RunTime:0.003661s ]
SQL: SELECT * FROM `t_user` WHERE ( `User_Name` = '琴3' ) LIMIT 1   [ RunTime:0.000503s ]

[ 2014-04-27T20:15:28+08:00 ] 127.0.0.1 /teaShop/index.php/Reg/checkEmail?email=789%40qq.com
INFO: [ app_begin ] --START--
INFO: Run ReadHtmlCache Behavior [ RunTime:0.000618s ]
INFO: [ app_begin ] --END-- [ RunTime:0.000675s ]
SQL: DESCRIBE t_user [ RunTime:0.004121s ]
SQL: SELECT * FROM `t_user` WHERE ( `User_Email` = '789@qq.com' ) LIMIT 1   [ RunTime:0.000365s ]

[ 2014-04-27T20:15:33+08:00 ] ERR: (ThinkException) 非法操作:白茶10
[ 2014-04-27T20:15:33+08:00 ] ERR: (ThinkException) 非法操作:白茶6
[ 2014-04-27T20:15:33+08:00 ] ERR: (ThinkException) 非法操作:bai1
[ 2014-04-27T20:15:33+08:00 ] ERR: (ThinkException) 非法操作:bai2
[ 2014-04-27T20:42:59+08:00 ] 127.0.0.1 /teaShop/index.php/Reg/checkName?username=%E7%90%B4
INFO: [ app_begin ] --START--
INFO: Run ReadHtmlCache Behavior [ RunTime:0.000689s ]
INFO: [ app_begin ] --END-- [ RunTime:0.000747s ]
SQL: DESCRIBE t_user [ RunTime:0.003941s ]
SQL: SELECT * FROM `t_user` WHERE ( `User_Name` = '琴' ) LIMIT 1   [ RunTime:0.000398s ]

[ 2014-04-27T20:43:21+08:00 ] 127.0.0.1 /teaShop/index.php/Reg/checkEmail?email=123%40qq.com
INFO: [ app_begin ] --START--
INFO: Run ReadHtmlCache Behavior [ RunTime:0.000733s ]
INFO: [ app_begin ] --END-- [ RunTime:0.000794s ]
SQL: DESCRIBE t_user [ RunTime:0.003542s ]
SQL: SELECT * FROM `t_user` WHERE ( `User_Email` = '123@qq.com' ) LIMIT 1   [ RunTime:0.000340s ]

[ 2014-04-27T20:43:29+08:00 ] ERR: (ThinkException) 非法操作:白茶10
[ 2014-04-27T20:43:29+08:00 ] ERR: (ThinkException) 非法操作:白茶6
[ 2014-04-27T20:43:29+08:00 ] ERR: (ThinkException) 非法操作:bai1
[ 2014-04-27T20:43:29+08:00 ] ERR: (ThinkException) 非法操作:bai2
[ 2014-04-27T20:45:22+08:00 ] 127.0.0.1 /teaShop/index.php/Reg/checkName?username=qin
INFO: [ app_begin ] --START--
INFO: Run ReadHtmlCache Behavior [ RunTime:0.000627s ]
INFO: [ app_begin ] --END-- [ RunTime:0.000689s ]
SQL: DESCRIBE t_user [ RunTime:0.003982s ]
SQL: SELECT * FROM `t_user` WHERE ( `User_Name` = 'qin' ) LIMIT 1   [ RunTime:0.000376s ]

[ 2014-04-27T20:45:35+08:00 ] 127.0.0.1 /teaShop/index.php/Reg/checkEmail?email=456%40qq.com
INFO: [ app_begin ] --START--
INFO: Run ReadHtmlCache Behavior [ RunTime:0.000603s ]
INFO: [ app_begin ] --END-- [ RunTime:0.000659s ]
SQL: DESCRIBE t_user [ RunTime:0.003888s ]
SQL: SELECT * FROM `t_user` WHERE ( `User_Email` = '456@qq.com' ) LIMIT 1   [ RunTime:0.000438s ]

[ 2014-04-27T20:45:39+08:00 ] ERR: (ThinkException) 非法操作:白茶10
[ 2014-04-27T20:45:39+08:00 ] ERR: (ThinkException) 非法操作:白茶6
[ 2014-04-27T20:45:39+08:00 ] ERR: (ThinkException) 非法操作:bai1
[ 2014-04-27T20:45:39+08:00 ] ERR: (ThinkException) 非法操作:bai2
[ 2014-04-27T20:57:19+08:00 ] 127.0.0.1 /teaShop/index.php/Reg/checkCode?code=1111
INFO: [ app_begin ] --START--
INFO: Run ReadHtmlCache Behavior [ RunTime:0.000846s ]
INFO: [ app_begin ] --END-- [ RunTime:0.000932s ]

[ 2014-04-27T20:57:28+08:00 ] 127.0.0.1 /teaShop/index.php/Reg/checkEmail?email=45%40qq.com
INFO: [ app_begin ] --START--
INFO: Run ReadHtmlCache Behavior [ RunTime:0.000707s ]
INFO: [ app_begin ] --END-- [ RunTime:0.000776s ]
SQL: DESCRIBE t_user [ RunTime:0.010383s ]
SQL: SELECT * FROM `t_user` WHERE ( `User_Email` = '45@qq.com' ) LIMIT 1   [ RunTime:0.000488s ]

[ 2014-04-27T20:57:39+08:00 ] 127.0.0.1 /teaShop/index.php/Reg/checkName?username=qinc
INFO: [ app_begin ] --START--
INFO: Run ReadHtmlCache Behavior [ RunTime:0.000557s ]
INFO: [ app_begin ] --END-- [ RunTime:0.000619s ]
SQL: DESCRIBE t_user [ RunTime:0.003664s ]
SQL: SELECT * FROM `t_user` WHERE ( `User_Name` = 'qinc' ) LIMIT 1   [ RunTime:0.000346s ]

[ 2014-04-27T20:57:46+08:00 ] 127.0.0.1 /teaShop/index.php/Reg/checkCode?code=5819
INFO: [ app_begin ] --START--
INFO: Run ReadHtmlCache Behavior [ RunTime:0.000714s ]
INFO: [ app_begin ] --END-- [ RunTime:0.000776s ]

[ 2014-04-27T20:57:50+08:00 ] 127.0.0.1 /teaShop/index.php/Reg/checkName?username=qinc
INFO: [ app_begin ] --START--
INFO: Run ReadHtmlCache Behavior [ RunTime:0.000743s ]
INFO: [ app_begin ] --END-- [ RunTime:0.000809s ]
SQL: DESCRIBE t_user [ RunTime:0.003791s ]
SQL: SELECT * FROM `t_user` WHERE ( `User_Name` = 'qinc' ) LIMIT 1   [ RunTime:0.000362s ]

[ 2014-04-27T20:57:52+08:00 ] 127.0.0.1 /teaShop/index.php/Reg/checkEmail?email=45%40qq.com
INFO: [ app_begin ] --START--
INFO: Run ReadHtmlCache Behavior [ RunTime:0.000560s ]
INFO: [ app_begin ] --END-- [ RunTime:0.000618s ]
SQL: DESCRIBE t_user [ RunTime:0.004371s ]
SQL: SELECT * FROM `t_user` WHERE ( `User_Email` = '45@qq.com' ) LIMIT 1   [ RunTime:0.000351s ]

[ 2014-04-27T20:57:52+08:00 ] 127.0.0.1 /teaShop/index.php/Reg/checkCode?code=5819
INFO: [ app_begin ] --START--
INFO: Run ReadHtmlCache Behavior [ RunTime:0.000620s ]
INFO: [ app_begin ] --END-- [ RunTime:0.000679s ]

[ 2014-04-27T20:57:53+08:00 ] ERR: (ThinkException) 非法操作:白茶10
[ 2014-04-27T20:57:53+08:00 ] ERR: (ThinkException) 非法操作:白茶6
[ 2014-04-27T20:57:53+08:00 ] ERR: (ThinkException) 非法操作:bai1
[ 2014-04-27T20:57:53+08:00 ] ERR: (ThinkException) 非法操作:bai2
[ 2014-04-27T21:07:17+08:00 ] 127.0.0.1 /teaShop/index.php/Reg/checkCode?code=1111
INFO: [ app_begin ] --START--
INFO: Run ReadHtmlCache Behavior [ RunTime:0.000592s ]
INFO: [ app_begin ] --END-- [ RunTime:0.000648s ]

[ 2014-04-27T21:07:19+08:00 ] 127.0.0.1 /teaShop/index.php/Reg/checkCode?code=1111
INFO: [ app_begin ] --START--
INFO: Run ReadHtmlCache Behavior [ RunTime:0.000557s ]
INFO: [ app_begin ] --END-- [ RunTime:0.000611s ]

[ 2014-04-27T21:20:06+08:00 ] ERR: (ThinkException) 非法操作:__Public__
[ 2014-04-27T21:20:06+08:00 ] ERR: (ThinkException) 非法操作:__Public__
[ 2014-04-27T21:20:06+08:00 ] ERR: (ThinkException) 非法操作:__Public__
[ 2014-04-27T21:20:06+08:00 ] ERR: (ThinkException) 非法操作:__Public__
[ 2014-04-27T21:20:06+08:00 ] ERR: (ThinkException) 非法操作:__Public__
[ 2014-04-27T21:20:06+08:00 ] ERR: (ThinkException) 非法操作:__Public__
[ 2014-04-27T21:20:06+08:00 ] ERR: (ThinkException) 非法操作:__Public__
[ 2014-04-27T21:20:06+08:00 ] ERR: (ThinkException) 非法操作:__Public__
[ 2014-04-27T21:20:06+08:00 ] ERR: (ThinkException) 非法操作:__Public__
[ 2014-04-27T21:20:07+08:00 ] ERR: (ThinkException) 非法操作:__Public__
[ 2014-04-27T21:20:07+08:00 ] ERR: (ThinkException) 非法操作:__Public__
[ 2014-04-27T21:20:07+08:00 ] ERR: (ThinkException) 非法操作:__Public__
[ 2014-04-27T21:20:07+08:00 ] ERR: (ThinkException) 非法操作:__Public__
[ 2014-04-27T21:20:07+08:00 ] ERR: (ThinkException) 非法操作:__Public__
[ 2014-04-27T21:20:07+08:00 ] ERR: (ThinkException) 非法操作:__Public__
[ 2014-04-27T21:20:07+08:00 ] ERR: (ThinkException) 非法操作:__Public__
[ 2014-04-27T21:20:07+08:00 ] ERR: (ThinkException) 非法操作:__Public__
[ 2014-04-27T21:20:07+08:00 ] ERR: (ThinkException) 非法操作:__Public__
[ 2014-04-27T21:20:08+08:00 ] ERR: (ThinkException) 非法操作:__Public__
[ 2014-04-27T21:20:08+08:00 ] ERR: (ThinkException) 非法操作:__Public__
[ 2014-04-27T21:20:08+08:00 ] ERR: (ThinkException) 非法操作:__Public__
[ 2014-04-27T21:20:08+08:00 ] ERR: (ThinkException) 非法操作:__Public__
[ 2014-04-27T21:20:08+08:00 ] ERR: (ThinkException) 非法操作:__Public__
[ 2014-04-27T21:20:08+08:00 ] ERR: (ThinkException) 非法操作:__Public__
[ 2014-04-27T21:20:08+08:00 ] ERR: (ThinkException) 非法操作:__Public__
[ 2014-04-27T21:20:08+08:00 ] ERR: (ThinkException) 非法操作:__Public__
[ 2014-04-27T21:20:08+08:00 ] ERR: (ThinkException) 非法操作:__Public__
[ 2014-04-27T21:20:08+08:00 ] ERR: (ThinkException) 非法操作:__Public__
[ 2014-04-27T21:20:08+08:00 ] ERR: (ThinkException) 非法操作:__Public__
[ 2014-04-27T21:20:08+08:00 ] ERR: (ThinkException) 非法操作:__Public__
[ 2014-04-27T21:20:08+08:00 ] ERR: (ThinkException) 非法操作:__Public__
[ 2014-04-27T21:20:08+08:00 ] ERR: (ThinkException) 非法操作:__Public__
[ 2014-04-27T21:20:08+08:00 ] ERR: (ThinkException) 非法操作:__Public__
[ 2014-04-27T21:20:08+08:00 ] ERR: (ThinkException) 非法操作:__Public__
[ 2014-04-27T21:20:08+08:00 ] ERR: (ThinkException) 非法操作:__Public__
[ 2014-04-27T21:20:08+08:00 ] ERR: (ThinkException) 非法操作:__Public__
[ 2014-04-27T21:20:08+08:00 ] ERR: (ThinkException) 非法操作:__Public__
[ 2014-04-27T21:20:09+08:00 ] ERR: (ThinkException) 非法操作:__Public__
[ 2014-04-27T21:20:09+08:00 ] ERR: (ThinkException) 非法操作:__Public__
[ 2014-04-27T21:20:09+08:00 ] ERR: (ThinkException) 非法操作:__Public__
[ 2014-04-27T21:20:09+08:00 ] ERR: (ThinkException) 非法操作:__Public__
[ 2014-04-27T21:20:09+08:00 ] ERR: (ThinkException) 非法操作:__Public__
[ 2014-04-27T21:20:09+08:00 ] ERR: (ThinkException) 非法操作:__Public__
[ 2014-04-27T21:20:09+08:00 ] ERR: (ThinkException) 非法操作:__Public__
[ 2014-04-27T21:20:09+08:00 ] ERR: (ThinkException) 非法操作:__Public__
[ 2014-04-27T21:42:17+08:00 ] ERR: (ThinkException) 非法操作:__Public__
[ 2014-04-27T21:42:17+08:00 ] ERR: (ThinkException) 非法操作:__Public__
[ 2014-04-27T21:42:17+08:00 ] ERR: (ThinkException) 非法操作:__Public__
[ 2014-04-27T21:48:50+08:00 ] ERR: (ThinkException) 无法加载模块:白茶6
[ 2014-04-27T21:48:50+08:00 ] ERR: (ThinkException) 无法加载模块:bai2
[ 2014-04-27T21:48:50+08:00 ] ERR: (ThinkException) 无法加载模块:bai1
[ 2014-04-27T21:48:50+08:00 ] ERR: (ThinkException) 无法加载模块:白茶10
[ 2014-04-27T21:48:50+08:00 ] ERR: (ThinkException) 无法加载模块:白茶6
[ 2014-04-27T21:48:50+08:00 ] ERR: (ThinkException) 无法加载模块:bai2
[ 2014-04-27T21:50:53+08:00 ] ERR: (ThinkException) 无法加载模块:bai2
[ 2014-04-27T21:50:53+08:00 ] ERR: (ThinkException) 无法加载模块:bai1
[ 2014-04-27T21:50:53+08:00 ] ERR: (ThinkException) 无法加载模块:白茶10
[ 2014-04-27T21:50:53+08:00 ] ERR: (ThinkException) 无法加载模块:白茶6
[ 2014-04-27T21:51:13+08:00 ] ERR: (ThinkException) 无法加载模块:bai1
[ 2014-04-27T21:51:13+08:00 ] ERR: (ThinkException) 无法加载模块:bai2
[ 2014-04-27T21:51:13+08:00 ] ERR: (ThinkException) 无法加载模块:白茶6
[ 2014-04-27T21:51:13+08:00 ] ERR: (ThinkException) 无法加载模块:白茶10
[ 2014-04-27T21:51:26+08:00 ] ERR: (ThinkException) 无法加载模块:白茶10
[ 2014-04-27T21:51:26+08:00 ] ERR: (ThinkException) 无法加载模块:bai1
[ 2014-04-27T21:51:26+08:00 ] ERR: (ThinkException) 无法加载模块:白茶6
[ 2014-04-27T21:51:26+08:00 ] ERR: (ThinkException) 无法加载模块:bai2
[ 2014-04-27T21:51:26+08:00 ] ERR: (ThinkException) 无法加载模块:白茶10
[ 2014-04-27T21:51:26+08:00 ] ERR: (ThinkException) 无法加载模块:bai1
[ 2014-04-27T21:51:50+08:00 ] ERR: (ThinkException) 无法加载模块:白茶10
[ 2014-04-27T21:51:50+08:00 ] ERR: (ThinkException) 无法加载模块:白茶6
[ 2014-04-27T21:51:50+08:00 ] ERR: (ThinkException) 无法加载模块:bai2
[ 2014-04-27T21:51:50+08:00 ] ERR: (ThinkException) 无法加载模块:bai1
[ 2014-04-27T21:52:39+08:00 ] ERR: (ThinkException) 无法加载模块:白茶6
[ 2014-04-27T21:52:39+08:00 ] ERR: (ThinkException) 无法加载模块:白茶10
[ 2014-04-27T21:52:39+08:00 ] ERR: (ThinkException) 无法加载模块:bai2
[ 2014-04-27T21:52:39+08:00 ] ERR: (ThinkException) 无法加载模块:bai1
[ 2014-04-27T21:52:55+08:00 ] ERR: (ThinkException) 无法加载模块:白茶6
[ 2014-04-27T21:52:55+08:00 ] ERR: (ThinkException) 无法加载模块:bai1
[ 2014-04-27T21:52:55+08:00 ] ERR: (ThinkException) 无法加载模块:bai2
[ 2014-04-27T21:52:55+08:00 ] ERR: (ThinkException) 无法加载模块:白茶10
[ 2014-04-27T21:54:49+08:00 ] ERR: (ThinkException) 无法加载模块:白茶10
[ 2014-04-27T21:54:49+08:00 ] ERR: (ThinkException) 无法加载模块:bai1
[ 2014-04-27T21:54:49+08:00 ] ERR: (ThinkException) 无法加载模块:白茶6
[ 2014-04-27T21:54:49+08:00 ] ERR: (ThinkException) 无法加载模块:bai2
[ 2014-04-27T21:54:49+08:00 ] ERR: (ThinkException) 无法加载模块:白茶6
[ 2014-04-27T21:54:49+08:00 ] ERR: (ThinkException) 无法加载模块:白茶10
[ 2014-04-27T21:54:49+08:00 ] ERR: (ThinkException) 无法加载模块:bai1
[ 2014-04-27T21:54:53+08:00 ] ERR: (ThinkException) 无法加载模块:白茶10
[ 2014-04-27T21:54:53+08:00 ] ERR: (ThinkException) 无法加载模块:白茶6
[ 2014-04-27T21:54:53+08:00 ] ERR: (ThinkException) 无法加载模块:bai1
[ 2014-04-27T21:54:53+08:00 ] ERR: (ThinkException) 无法加载模块:bai2
[ 2014-04-27T21:54:53+08:00 ] ERR: (ThinkException) 无法加载模块:白茶10
[ 2014-04-27T21:54:53+08:00 ] ERR: (ThinkException) 无法加载模块:白茶6
[ 2014-04-27T21:56:06+08:00 ] ERR: (ThinkException) 无法加载模块:白茶10
[ 2014-04-27T21:56:06+08:00 ] ERR: (ThinkException) 无法加载模块:白茶6
[ 2014-04-27T21:56:06+08:00 ] ERR: (ThinkException) 无法加载模块:bai2
[ 2014-04-27T21:56:06+08:00 ] ERR: (ThinkException) 无法加载模块:bai1
[ 2014-04-27T21:57:24+08:00 ] ERR: (ThinkException) 无法加载模块:bai2
[ 2014-04-27T21:57:24+08:00 ] ERR: (ThinkException) 无法加载模块:白茶6
[ 2014-04-27T21:57:24+08:00 ] ERR: (ThinkException) 无法加载模块:bai1
[ 2014-04-27T21:57:24+08:00 ] ERR: (ThinkException) 无法加载模块:白茶10
[ 2014-04-27T21:57:24+08:00 ] ERR: (ThinkException) 无法加载模块:白茶6
[ 2014-04-27T21:57:24+08:00 ] ERR: (ThinkException) 无法加载模块:bai1
[ 2014-04-27T21:57:24+08:00 ] ERR: (ThinkException) 无法加载模块:bai2
[ 2014-04-27T21:58:49+08:00 ] ERR: (ThinkException) 无法加载模块:白茶10
[ 2014-04-27T21:58:49+08:00 ] ERR: (ThinkException) 无法加载模块:白茶6
[ 2014-04-27T21:58:49+08:00 ] ERR: (ThinkException) 无法加载模块:bai1
[ 2014-04-27T21:58:49+08:00 ] ERR: (ThinkException) 无法加载模块:bai2
[ 2014-04-27T21:59:26+08:00 ] ERR: (ThinkException) 无法加载模块:白茶6
[ 2014-04-27T21:59:26+08:00 ] ERR: (ThinkException) 无法加载模块:bai2
[ 2014-04-27T21:59:26+08:00 ] ERR: (ThinkException) 无法加载模块:白茶10
[ 2014-04-27T21:59:26+08:00 ] ERR: (ThinkException) 无法加载模块:__PUBLIC
[ 2014-04-27T21:59:26+08:00 ] ERR: (ThinkException) 无法加载模块:bai1
[ 2014-04-27T21:59:26+08:00 ] ERR: (ThinkException) 无法加载模块:白茶6
[ 2014-04-27T21:59:26+08:00 ] ERR: (ThinkException) 无法加载模块:白茶10
[ 2014-04-27T21:59:26+08:00 ] ERR: (ThinkException) 无法加载模块:bai2
[ 2014-04-27T21:59:29+08:00 ] ERR: (ThinkException) 无法加载模块:白茶10
[ 2014-04-27T21:59:29+08:00 ] ERR: (ThinkException) 无法加载模块:白茶6
[ 2014-04-27T21:59:29+08:00 ] ERR: (ThinkException) 无法加载模块:__PUBLIC
[ 2014-04-27T21:59:29+08:00 ] ERR: (ThinkException) 无法加载模块:bai2
[ 2014-04-27T21:59:29+08:00 ] ERR: (ThinkException) 无法加载模块:bai1
[ 2014-04-27T21:59:29+08:00 ] ERR: (ThinkException) 无法加载模块:白茶10
[ 2014-04-27T21:59:29+08:00 ] ERR: (ThinkException) 无法加载模块:bai1
[ 2014-04-27T21:59:29+08:00 ] ERR: (ThinkException) 无法加载模块:__PUBLIC
[ 2014-04-27T21:59:29+08:00 ] ERR: (ThinkException) 无法加载模块:白茶6
[ 2014-04-27T21:59:29+08:00 ] ERR: (ThinkException) 无法加载模块:bai2
[ 2014-04-27T21:59:29+08:00 ] ERR: (ThinkException) 无法加载模块:白茶10
[ 2014-04-27T21:59:29+08:00 ] ERR: (ThinkException) 无法加载模块:bai1
[ 2014-04-27T22:00:41+08:00 ] ERR: (ThinkException) 无法加载模块:白茶6
[ 2014-04-27T22:00:41+08:00 ] ERR: (ThinkException) 无法加载模块:bai1
[ 2014-04-27T22:00:41+08:00 ] ERR: (ThinkException) 无法加载模块:白茶10
[ 2014-04-27T22:00:41+08:00 ] ERR: (ThinkException) 无法加载模块:bai2
[ 2014-04-27T22:00:41+08:00 ] ERR: (ThinkException) 无法加载模块:白茶6
[ 2014-04-27T22:00:41+08:00 ] ERR: (ThinkException) 无法加载模块:bai2
[ 2014-04-27T22:00:41+08:00 ] ERR: (ThinkException) 无法加载模块:白茶10
[ 2014-04-27T22:00:41+08:00 ] ERR: (ThinkException) 无法加载模块:bai1
[ 2014-04-27T22:01:15+08:00 ] ERR: (ThinkException) 无法加载模块:bai1
[ 2014-04-27T22:01:15+08:00 ] ERR: (ThinkException) 无法加载模块:白茶10
[ 2014-04-27T22:01:15+08:00 ] ERR: (ThinkException) 无法加载模块:白茶6
[ 2014-04-27T22:01:15+08:00 ] ERR: (ThinkException) 无法加载模块:bai2
[ 2014-04-27T22:01:15+08:00 ] ERR: (ThinkException) 无法加载模块:白茶6
[ 2014-04-27T22:01:15+08:00 ] ERR: (ThinkException) 无法加载模块:bai1
[ 2014-04-27T22:01:15+08:00 ] ERR: (ThinkException) 无法加载模块:白茶10
[ 2014-04-27T22:01:35+08:00 ] ERR: (ThinkException) 无法加载模块:白茶6
[ 2014-04-27T22:01:35+08:00 ] ERR: (ThinkException) 无法加载模块:白茶10
[ 2014-04-27T22:01:35+08:00 ] ERR: (ThinkException) 无法加载模块:bai1
[ 2014-04-27T22:01:35+08:00 ] ERR: (ThinkException) 无法加载模块:bai2
[ 2014-04-27T22:01:36+08:00 ] ERR: (ThinkException) 无法加载模块:bai1
[ 2014-04-27T22:01:36+08:00 ] ERR: (ThinkException) 无法加载模块:bai2
[ 2014-04-27T22:01:36+08:00 ] ERR: (ThinkException) 无法加载模块:白茶6
[ 2014-04-27T22:01:36+08:00 ] ERR: (ThinkException) 无法加载模块:白茶10
[ 2014-04-27T22:01:37+08:00 ] ERR: (ThinkException) 无法加载模块:白茶6
[ 2014-04-27T22:01:37+08:00 ] ERR: (ThinkException) 无法加载模块:bai2
[ 2014-04-27T22:01:37+08:00 ] ERR: (ThinkException) 无法加载模块:bai1
[ 2014-04-27T22:01:37+08:00 ] ERR: (ThinkException) 无法加载模块:白茶10
[ 2014-04-27T22:02:25+08:00 ] ERR: (ThinkException) 无法加载模块:bai2
[ 2014-04-27T22:02:25+08:00 ] ERR: (ThinkException) 无法加载模块:白茶6
[ 2014-04-27T22:02:25+08:00 ] ERR: (ThinkException) 无法加载模块:bai1
[ 2014-04-27T22:02:25+08:00 ] ERR: (ThinkException) 无法加载模块:bai2
[ 2014-04-27T22:02:25+08:00 ] ERR: (ThinkException) 无法加载模块:白茶10
[ 2014-04-27T22:02:27+08:00 ] ERR: (ThinkException) 无法加载模块:bai2
[ 2014-04-27T22:02:27+08:00 ] ERR: (ThinkException) 无法加载模块:白茶10
[ 2014-04-27T22:02:27+08:00 ] ERR: (ThinkException) 无法加载模块:bai1
[ 2014-04-27T22:02:27+08:00 ] ERR: (ThinkException) 无法加载模块:白茶6
[ 2014-04-27T22:02:27+08:00 ] ERR: (ThinkException) 无法加载模块:白茶10
[ 2014-04-27T22:02:27+08:00 ] ERR: (ThinkException) 无法加载模块:bai1
[ 2014-04-27T22:02:27+08:00 ] ERR: (ThinkException) 无法加载模块:bai2
[ 2014-04-27T22:02:27+08:00 ] ERR: (ThinkException) 无法加载模块:白茶6
[ 2014-04-27T22:02:27+08:00 ] ERR: (ThinkException) 无法加载模块:bai2
[ 2014-04-27T22:02:27+08:00 ] ERR: (ThinkException) 无法加载模块:白茶10
[ 2014-04-27T22:02:27+08:00 ] ERR: (ThinkException) 无法加载模块:bai1
[ 2014-04-27T22:02:27+08:00 ] ERR: (ThinkException) 无法加载模块:白茶6
[ 2014-04-27T22:02:42+08:00 ] ERR: (ThinkException) 无法加载模块:白茶6
[ 2014-04-27T22:02:42+08:00 ] ERR: (ThinkException) 无法加载模块:bai1
[ 2014-04-27T22:02:42+08:00 ] ERR: (ThinkException) 无法加载模块:白茶10
[ 2014-04-27T22:02:42+08:00 ] ERR: (ThinkException) 无法加载模块:bai2
[ 2014-04-27T22:03:21+08:00 ] ERR: (ThinkException) 无法加载模块:bai2
[ 2014-04-27T22:03:21+08:00 ] ERR: (ThinkException) 无法加载模块:bai1
[ 2014-04-27T22:03:21+08:00 ] ERR: (ThinkException) 无法加载模块:白茶10
[ 2014-04-27T22:03:21+08:00 ] ERR: (ThinkException) 无法加载模块:白茶6
[ 2014-04-27T22:03:21+08:00 ] ERR: (ThinkException) 无法加载模块:bai2
[ 2014-04-27T22:03:21+08:00 ] ERR: (ThinkException) 无法加载模块:白茶10
[ 2014-04-27T22:03:21+08:00 ] ERR: (ThinkException) 无法加载模块:白茶6
[ 2014-04-27T22:03:21+08:00 ] ERR: (ThinkException) 无法加载模块:bai1
[ 2014-04-27T22:03:23+08:00 ] ERR: (ThinkException) 无法加载模块:白茶10
[ 2014-04-27T22:03:23+08:00 ] ERR: (ThinkException) 无法加载模块:bai1
[ 2014-04-27T22:03:23+08:00 ] ERR: (ThinkException) 无法加载模块:白茶6
[ 2014-04-27T22:03:23+08:00 ] ERR: (ThinkException) 无法加载模块:bai2
[ 2014-04-27T22:03:24+08:00 ] ERR: (ThinkException) 无法加载模块:白茶6
[ 2014-04-27T22:03:24+08:00 ] ERR: (ThinkException) 无法加载模块:bai1
[ 2014-04-27T22:03:24+08:00 ] ERR: (ThinkException) 无法加载模块:bai2
[ 2014-04-27T22:03:24+08:00 ] ERR: (ThinkException) 无法加载模块:白茶10
[ 2014-04-27T22:03:24+08:00 ] ERR: (ThinkException) 无法加载模块:bai2
[ 2014-04-27T22:03:24+08:00 ] ERR: (ThinkException) 无法加载模块:白茶6
[ 2014-04-27T22:03:24+08:00 ] ERR: (ThinkException) 无法加载模块:bai1
[ 2014-04-27T22:03:24+08:00 ] ERR: (ThinkException) 无法加载模块:白茶10
[ 2014-04-27T22:03:24+08:00 ] ERR: (ThinkException) 无法加载模块:白茶6
[ 2014-04-27T22:03:24+08:00 ] ERR: (ThinkException) 无法加载模块:bai1
[ 2014-04-27T22:03:24+08:00 ] ERR: (ThinkException) 无法加载模块:白茶10
[ 2014-04-27T22:03:24+08:00 ] ERR: (ThinkException) 无法加载模块:bai2
[ 2014-04-27T22:03:25+08:00 ] ERR: (ThinkException) 无法加载模块:白茶6
[ 2014-04-27T22:03:25+08:00 ] ERR: (ThinkException) 无法加载模块:bai2
[ 2014-04-27T22:03:25+08:00 ] ERR: (ThinkException) 无法加载模块:白茶10
[ 2014-04-27T22:03:25+08:00 ] ERR: (ThinkException) 无法加载模块:bai1
[ 2014-04-27T22:03:25+08:00 ] ERR: (ThinkException) 无法加载模块:白茶6
[ 2014-04-27T22:03:25+08:00 ] ERR: (ThinkException) 无法加载模块:bai2
[ 2014-04-27T22:03:25+08:00 ] ERR: (ThinkException) 无法加载模块:白茶10
[ 2014-04-27T22:03:25+08:00 ] ERR: (ThinkException) 无法加载模块:bai1
[ 2014-04-27T22:05:43+08:00 ] ERR: (ThinkException) 无法加载模块:白茶10
[ 2014-04-27T22:05:43+08:00 ] ERR: (ThinkException) 无法加载模块:白茶6
[ 2014-04-27T22:05:43+08:00 ] ERR: (ThinkException) 无法加载模块:bai2
[ 2014-04-27T22:05:43+08:00 ] ERR: (ThinkException) 无法加载模块:bai1
[ 2014-04-27T22:06:09+08:00 ] ERR: (ThinkException) 无法加载模块:白茶6
[ 2014-04-27T22:06:09+08:00 ] ERR: (ThinkException) 无法加载模块:白茶10
[ 2014-04-27T22:06:09+08:00 ] ERR: (ThinkException) 无法加载模块:bai2
[ 2014-04-27T22:06:09+08:00 ] ERR: (ThinkException) 无法加载模块:bai1
[ 2014-04-27T22:07:53+08:00 ] ERR: (ThinkException) 无法加载模块:白茶10
[ 2014-04-27T22:07:53+08:00 ] ERR: (ThinkException) 无法加载模块:白茶6
[ 2014-04-27T22:07:53+08:00 ] ERR: (ThinkException) 无法加载模块:bai1
[ 2014-04-27T22:07:53+08:00 ] ERR: (ThinkException) 无法加载模块:bai2
[ 2014-04-27T22:08:18+08:00 ] ERR: (ThinkException) 无法加载模块:白茶6
[ 2014-04-27T22:08:18+08:00 ] ERR: (ThinkException) 无法加载模块:bai1
[ 2014-04-27T22:08:18+08:00 ] ERR: (ThinkException) 无法加载模块:白茶10
[ 2014-04-27T22:08:18+08:00 ] ERR: (ThinkException) 无法加载模块:bai2
[ 2014-04-27T22:08:18+08:00 ] ERR: (ThinkException) 无法加载模块:白茶10
[ 2014-04-27T22:08:18+08:00 ] ERR: (ThinkException) 无法加载模块:bai2
[ 2014-04-27T22:08:18+08:00 ] ERR: (ThinkException) 无法加载模块:bai1
[ 2014-04-27T22:08:18+08:00 ] ERR: (ThinkException) 无法加载模块:白茶6
[ 2014-04-27T22:08:24+08:00 ] ERR: (ThinkException) 无法加载模块:bai2
[ 2014-04-27T22:08:24+08:00 ] ERR: (ThinkException) 无法加载模块:bai1
[ 2014-04-27T22:08:24+08:00 ] ERR: (ThinkException) 无法加载模块:白茶10
[ 2014-04-27T22:08:24+08:00 ] ERR: (ThinkException) 无法加载模块:白茶6
[ 2014-04-27T22:08:34+08:00 ] ERR: (ThinkException) 无法加载模块:白茶6
[ 2014-04-27T22:08:34+08:00 ] ERR: (ThinkException) 无法加载模块:白茶10
[ 2014-04-27T22:08:34+08:00 ] ERR: (ThinkException) 无法加载模块:bai1
[ 2014-04-27T22:08:34+08:00 ] ERR: (ThinkException) 无法加载模块:bai2
[ 2014-04-27T22:08:42+08:00 ] ERR: (ThinkException) 无法加载模块:白茶6
[ 2014-04-27T22:08:42+08:00 ] ERR: (ThinkException) 无法加载模块:bai1
[ 2014-04-27T22:08:42+08:00 ] ERR: (ThinkException) 无法加载模块:白茶10
[ 2014-04-27T22:08:42+08:00 ] ERR: (ThinkException) 无法加载模块:bai2
[ 2014-04-27T22:09:00+08:00 ] ERR: (ThinkException) 无法加载模块:白茶6
[ 2014-04-27T22:09:00+08:00 ] ERR: (ThinkException) 无法加载模块:bai1
[ 2014-04-27T22:09:00+08:00 ] ERR: (ThinkException) 无法加载模块:白茶10
[ 2014-04-27T22:09:00+08:00 ] ERR: (ThinkException) 无法加载模块:bai2
[ 2014-04-27T22:09:12+08:00 ] ERR: (ThinkException) 无法加载模块:白茶6
[ 2014-04-27T22:09:12+08:00 ] ERR: (ThinkException) 无法加载模块:白茶10
[ 2014-04-27T22:09:12+08:00 ] ERR: (ThinkException) 无法加载模块:bai1
[ 2014-04-27T22:09:12+08:00 ] ERR: (ThinkException) 无法加载模块:bai2
[ 2014-04-27T22:09:29+08:00 ] ERR: (ThinkException) 无法加载模块:白茶6
[ 2014-04-27T22:09:29+08:00 ] ERR: (ThinkException) 无法加载模块:白茶10
[ 2014-04-27T22:09:29+08:00 ] ERR: (ThinkException) 无法加载模块:bai1
[ 2014-04-27T22:09:29+08:00 ] ERR: (ThinkException) 无法加载模块:bai2
[ 2014-04-27T22:09:29+08:00 ] ERR: (ThinkException) 无法加载模块:白茶10
[ 2014-04-27T22:09:29+08:00 ] ERR: (ThinkException) 无法加载模块:bai1
[ 2014-04-27T22:09:29+08:00 ] ERR: (ThinkException) 无法加载模块:白茶6
[ 2014-04-27T22:09:29+08:00 ] ERR: (ThinkException) 无法加载模块:bai2
[ 2014-04-27T22:09:50+08:00 ] ERR: (ThinkException) 无法加载模块:白茶6
[ 2014-04-27T22:09:50+08:00 ] ERR: (ThinkException) 无法加载模块:白茶10
[ 2014-04-27T22:09:50+08:00 ] ERR: (ThinkException) 无法加载模块:bai1
[ 2014-04-27T22:09:50+08:00 ] ERR: (ThinkException) 无法加载模块:bai2
[ 2014-04-27T22:10:55+08:00 ] ERR: (ThinkException) 无法加载模块:bai2
[ 2014-04-27T22:10:55+08:00 ] ERR: (ThinkException) 无法加载模块:白茶6
[ 2014-04-27T22:10:55+08:00 ] ERR: (ThinkException) 无法加载模块:bai1
[ 2014-04-27T22:10:55+08:00 ] ERR: (ThinkException) 无法加载模块:白茶10
[ 2014-04-27T22:11:00+08:00 ] ERR: (ThinkException) 无法加载模块:白茶6
[ 2014-04-27T22:11:00+08:00 ] ERR: (ThinkException) 无法加载模块:白茶10
[ 2014-04-27T22:11:00+08:00 ] ERR: (ThinkException) 无法加载模块:bai1
[ 2014-04-27T22:11:00+08:00 ] ERR: (ThinkException) 无法加载模块:bai2
[ 2014-04-27T22:11:44+08:00 ] ERR: (ThinkException) 无法加载模块:白茶6
[ 2014-04-27T22:11:44+08:00 ] ERR: (ThinkException) 无法加载模块:bai2
[ 2014-04-27T22:11:44+08:00 ] ERR: (ThinkException) 无法加载模块:白茶10
[ 2014-04-27T22:11:44+08:00 ] ERR: (ThinkException) 无法加载模块:__PUBLIC
[ 2014-04-27T22:11:44+08:00 ] ERR: (ThinkException) 无法加载模块:bai1
[ 2014-04-27T22:14:47+08:00 ] ERR: (ThinkException) 无法加载模块:__PUBLIC
[ 2014-04-27T22:14:47+08:00 ] ERR: (ThinkException) 无法加载模块:bai1
[ 2014-04-27T22:14:47+08:00 ] ERR: (ThinkException) 无法加载模块:bai2
[ 2014-04-27T22:14:47+08:00 ] ERR: (ThinkException) 无法加载模块:白茶6
[ 2014-04-27T22:14:47+08:00 ] ERR: (ThinkException) 无法加载模块:白茶10
[ 2014-04-27T22:16:52+08:00 ] ERR: (ThinkException) 无法加载模块:bai2
[ 2014-04-27T22:16:52+08:00 ] ERR: (ThinkException) 无法加载模块:bai1
[ 2014-04-27T22:16:52+08:00 ] ERR: (ThinkException) 无法加载模块:白茶10
[ 2014-04-27T22:16:52+08:00 ] ERR: (ThinkException) 无法加载模块:白茶6
[ 2014-04-27T22:16:52+08:00 ] ERR: (ThinkException) 无法加载模块:__PUBLIC
[ 2014-04-27T22:16:52+08:00 ] ERR: (ThinkException) 无法加载模块:白茶10
[ 2014-04-27T22:16:55+08:00 ] ERR: (ThinkException) 无法加载模块:白茶6
[ 2014-04-27T22:16:55+08:00 ] ERR: (ThinkException) 无法加载模块:__PUBLIC
[ 2014-04-27T22:16:55+08:00 ] ERR: (ThinkException) 无法加载模块:bai1
[ 2014-04-27T22:16:55+08:00 ] ERR: (ThinkException) 无法加载模块:白茶10
[ 2014-04-27T22:16:55+08:00 ] ERR: (ThinkException) 无法加载模块:bai2
[ 2014-04-27T22:17:13+08:00 ] ERR: (ThinkException) 无法加载模块:白茶6
[ 2014-04-27T22:17:13+08:00 ] ERR: (ThinkException) 无法加载模块:白茶10
[ 2014-04-27T22:17:13+08:00 ] ERR: (ThinkException) 无法加载模块:__PUBLIC
[ 2014-04-27T22:17:13+08:00 ] ERR: (ThinkException) 无法加载模块:bai2
[ 2014-04-27T22:17:13+08:00 ] ERR: (ThinkException) 无法加载模块:bai1
[ 2014-04-27T22:17:15+08:00 ] ERR: (ThinkException) 无法加载模块:__PUBLIC
[ 2014-04-27T22:17:15+08:00 ] ERR: (ThinkException) 无法加载模块:bai1
[ 2014-04-27T22:17:15+08:00 ] ERR: (ThinkException) 无法加载模块:bai2
[ 2014-04-27T22:17:15+08:00 ] ERR: (ThinkException) 无法加载模块:白茶10
[ 2014-04-27T22:17:15+08:00 ] ERR: (ThinkException) 无法加载模块:白茶6
[ 2014-04-27T22:17:15+08:00 ] ERR: (ThinkException) 无法加载模块:bai1
[ 2014-04-27T22:17:21+08:00 ] ERR: (ThinkException) 无法加载模块:__PUBLIC
[ 2014-04-27T22:17:21+08:00 ] ERR: (ThinkException) 无法加载模块:白茶6
[ 2014-04-27T22:17:21+08:00 ] ERR: (ThinkException) 无法加载模块:白茶10
[ 2014-04-27T22:17:21+08:00 ] ERR: (ThinkException) 无法加载模块:bai1
[ 2014-04-27T22:17:21+08:00 ] ERR: (ThinkException) 无法加载模块:bai2
[ 2014-04-27T22:17:44+08:00 ] ERR: (ThinkException) 无法加载模块:__PUBLIC
[ 2014-04-27T22:17:44+08:00 ] ERR: (ThinkException) 无法加载模块:白茶10
[ 2014-04-27T22:17:44+08:00 ] ERR: (ThinkException) 无法加载模块:白茶6
[ 2014-04-27T22:17:44+08:00 ] ERR: (ThinkException) 无法加载模块:bai1
[ 2014-04-27T22:17:44+08:00 ] ERR: (ThinkException) 无法加载模块:bai2
[ 2014-04-27T22:19:43+08:00 ] ERR: (ThinkException) 无法加载模块:__PUBLIC
[ 2014-04-27T22:19:43+08:00 ] ERR: (ThinkException) 无法加载模块:白茶6
[ 2014-04-27T22:19:43+08:00 ] ERR: (ThinkException) 无法加载模块:白茶10
[ 2014-04-27T22:19:43+08:00 ] ERR: (ThinkException) 无法加载模块:bai2
[ 2014-04-27T22:19:43+08:00 ] ERR: (ThinkException) 无法加载模块:bai1
[ 2014-04-27T22:19:43+08:00 ] ERR: (ThinkException) 无法加载模块:白茶10
[ 2014-04-27T22:19:43+08:00 ] ERR: (ThinkException) 无法加载模块:白茶6
[ 2014-04-27T22:19:43+08:00 ] ERR: (ThinkException) 无法加载模块:bai2
[ 2014-04-27T22:19:43+08:00 ] ERR: (ThinkException) 无法加载模块:bai1
[ 2014-04-27T22:20:16+08:00 ] ERR: (ThinkException) 无法加载模块:bai1
[ 2014-04-27T22:20:16+08:00 ] ERR: (ThinkException) 无法加载模块:__PUBLIC
[ 2014-04-27T22:20:16+08:00 ] ERR: (ThinkException) 无法加载模块:bai2
[ 2014-04-27T22:20:16+08:00 ] ERR: (ThinkException) 无法加载模块:白茶6
[ 2014-04-27T22:20:16+08:00 ] ERR: (ThinkException) 无法加载模块:白茶10
[ 2014-04-27T22:20:16+08:00 ] ERR: (ThinkException) 无法加载模块:白茶10
[ 2014-04-27T22:20:16+08:00 ] ERR: (ThinkException) 无法加载模块:bai1
[ 2014-04-27T22:20:16+08:00 ] ERR: (ThinkException) 无法加载模块:白茶6
[ 2014-04-27T22:20:16+08:00 ] ERR: (ThinkException) 无法加载模块:bai2
