[ 2014-04-25T22:25:41+08:00 ] ERR: (ThinkException) 非法操作:cs
[ 2014-04-25T22:25:41+08:00 ] ERR: (ThinkException) 非法操作:yanzhengma
[ 2014-04-25T22:25:41+08:00 ] ERR: (ThinkException) 非法操作:images
[ 2014-04-25T22:25:41+08:00 ] ERR: (ThinkException) 非法操作:jquery.min
[ 2014-04-25T22:25:41+08:00 ] ERR: (ThinkException) 非法操作:javascript
[ 2014-04-25T22:25:41+08:00 ] ERR: (ThinkException) 非法操作:images
[ 2014-04-25T22:27:42+08:00 ] ERR: (ThinkException) 非法操作:images
[ 2014-04-25T22:27:42+08:00 ] ERR: (ThinkException) 非法操作:images
[ 2014-04-25T22:47:45+08:00 ] ERR: (ThinkException) 非法操作:index
[ 2014-04-25T22:52:09+08:00 ] ERR: (ThinkException) 非法操作:index
[ 2014-04-25T22:53:33+08:00 ] ERR: (ThinkException) 非法操作:index
[ 2014-04-25T22:54:16+08:00 ] ERR: (ThinkException) 非法操作:index
[ 2014-04-25T23:01:27+08:00 ] ERR: (ThinkException) 非法操作:index
[ 2014-04-25T23:03:27+08:00 ] ERR: (ThinkException) 非法操作:__URL__
[ 2014-04-25T23:03:38+08:00 ] ERR: (ThinkException) 非法操作:__URL__
[ 2014-04-25T23:04:48+08:00 ] ERR: (ThinkException) 非法操作:__URL__
[ 2014-04-25T23:22:39+08:00 ] ERR: (ThinkException) 非法操作:__URL__
[ 2014-04-25T23:33:57+08:00 ] ERR: (ThinkException) 非法操作:__URL__
[ 2014-04-25T23:36:02+08:00 ] ERR: (ThinkException) 非法操作:__URL__
[ 2014-04-25T23:40:37+08:00 ] ERR: (ThinkException) 非法操作:__URL__
