[ 2014-05-07T13:29:58+08:00 ] ERR: (ThinkException) 非法操作:白茶6
[ 2014-05-07T13:29:58+08:00 ] ERR: (ThinkException) 非法操作:白茶10
[ 2014-05-07T13:29:58+08:00 ] ERR: (ThinkException) 非法操作:bai1
[ 2014-05-07T13:29:58+08:00 ] ERR: (ThinkException) 非法操作:bai2
[ 2014-05-07T13:34:33+08:00 ] ERR: (ThinkException) 非法操作:bai1
[ 2014-05-07T13:34:33+08:00 ] ERR: (ThinkException) 非法操作:白茶10
[ 2014-05-07T13:34:33+08:00 ] ERR: (ThinkException) 非法操作:白茶6
[ 2014-05-07T13:34:33+08:00 ] ERR: (ThinkException) 非法操作:bai2
[ 2014-05-07T13:35:07+08:00 ] ERR: (ThinkException) 非法操作:bai2
[ 2014-05-07T13:35:07+08:00 ] ERR: (ThinkException) 非法操作:白茶6
[ 2014-05-07T13:35:07+08:00 ] ERR: (ThinkException) 非法操作:bai1
[ 2014-05-07T13:35:07+08:00 ] ERR: (ThinkException) 非法操作:白茶10
[ 2014-05-07T13:35:24+08:00 ] ERR: (ThinkException) 非法操作:白茶6
[ 2014-05-07T13:35:24+08:00 ] ERR: (ThinkException) 非法操作:白茶10
[ 2014-05-07T13:35:24+08:00 ] ERR: (ThinkException) 非法操作:bai1
[ 2014-05-07T13:35:24+08:00 ] ERR: (ThinkException) 非法操作:bai2
[ 2014-05-07T13:35:58+08:00 ] ERR: (ThinkException) 非法操作:白茶6
[ 2014-05-07T13:35:58+08:00 ] ERR: (ThinkException) 非法操作:bai1
[ 2014-05-07T13:35:58+08:00 ] ERR: (ThinkException) 非法操作:白茶10
[ 2014-05-07T13:35:58+08:00 ] ERR: (ThinkException) 非法操作:bai2
[ 2014-05-07T13:36:00+08:00 ] ERR: (ThinkException) 非法操作:白茶6
[ 2014-05-07T13:36:00+08:00 ] ERR: (ThinkException) 非法操作:bai1
[ 2014-05-07T13:36:00+08:00 ] ERR: (ThinkException) 非法操作:bai2
[ 2014-05-07T13:36:00+08:00 ] ERR: (ThinkException) 非法操作:白茶10
[ 2014-05-07T13:36:53+08:00 ] ERR: (ThinkException) 非法操作:白茶10
[ 2014-05-07T13:36:53+08:00 ] ERR: (ThinkException) 非法操作:bai1
[ 2014-05-07T13:36:53+08:00 ] ERR: (ThinkException) 非法操作:白茶6
[ 2014-05-07T13:36:53+08:00 ] ERR: (ThinkException) 非法操作:bai2
[ 2014-05-07T13:36:55+08:00 ] ERR: (ThinkException) 非法操作:白茶6
[ 2014-05-07T13:36:55+08:00 ] ERR: (ThinkException) 非法操作:白茶10
[ 2014-05-07T13:36:55+08:00 ] ERR: (ThinkException) 非法操作:bai1
[ 2014-05-07T13:36:55+08:00 ] ERR: (ThinkException) 非法操作:bai2
[ 2014-05-07T13:36:55+08:00 ] ERR: (ThinkException) 非法操作:白茶6
[ 2014-05-07T13:36:56+08:00 ] ERR: (ThinkException) 非法操作:白茶6
[ 2014-05-07T13:36:56+08:00 ] ERR: (ThinkException) 非法操作:bai1
[ 2014-05-07T13:36:56+08:00 ] ERR: (ThinkException) 非法操作:bai2
[ 2014-05-07T13:36:56+08:00 ] ERR: (ThinkException) 非法操作:白茶10
[ 2014-05-07T13:40:28+08:00 ] ERR: (ThinkException) 非法操作:白茶10
[ 2014-05-07T13:40:28+08:00 ] ERR: (ThinkException) 非法操作:白茶6
[ 2014-05-07T13:40:28+08:00 ] ERR: (ThinkException) 非法操作:bai1
[ 2014-05-07T13:40:28+08:00 ] ERR: (ThinkException) 非法操作:bai2
[ 2014-05-07T13:55:28+08:00 ] ERR: (ThinkException) 非法操作:白茶6
[ 2014-05-07T13:55:28+08:00 ] ERR: (ThinkException) 非法操作:白茶10
[ 2014-05-07T13:55:28+08:00 ] ERR: (ThinkException) 非法操作:bai1
[ 2014-05-07T13:55:28+08:00 ] ERR: (ThinkException) 非法操作:bai2
[ 2014-05-07T13:57:17+08:00 ] ERR: (ThinkException) 非法操作:白茶10
[ 2014-05-07T13:57:17+08:00 ] ERR: (ThinkException) 非法操作:白茶6
[ 2014-05-07T13:57:17+08:00 ] ERR: (ThinkException) 非法操作:bai1
[ 2014-05-07T13:57:17+08:00 ] ERR: (ThinkException) 非法操作:bai2
[ 2014-05-07T13:57:59+08:00 ] ERR: (ThinkException) 非法操作:白茶10
[ 2014-05-07T13:57:59+08:00 ] ERR: (ThinkException) 非法操作:白茶6
[ 2014-05-07T13:57:59+08:00 ] ERR: (ThinkException) 非法操作:bai1
[ 2014-05-07T13:57:59+08:00 ] ERR: (ThinkException) 非法操作:bai2
[ 2014-05-07T14:01:15+08:00 ] ERR: (ThinkException) 非法操作:白茶6
[ 2014-05-07T14:01:15+08:00 ] ERR: (ThinkException) 非法操作:白茶10
[ 2014-05-07T14:01:15+08:00 ] ERR: (ThinkException) 非法操作:bai1
[ 2014-05-07T14:01:15+08:00 ] ERR: (ThinkException) 非法操作:bai2
[ 2014-05-07T14:04:08+08:00 ] ERR: (ThinkException) 非法操作:白茶10
[ 2014-05-07T14:04:08+08:00 ] ERR: (ThinkException) 非法操作:bai1
[ 2014-05-07T14:04:08+08:00 ] ERR: (ThinkException) 非法操作:白茶6
[ 2014-05-07T14:04:08+08:00 ] ERR: (ThinkException) 非法操作:bai2
[ 2014-05-07T14:05:06+08:00 ] ERR: (ThinkException) 非法操作:白茶10
[ 2014-05-07T14:05:06+08:00 ] ERR: (ThinkException) 非法操作:白茶6
[ 2014-05-07T14:05:06+08:00 ] ERR: (ThinkException) 非法操作:bai1
[ 2014-05-07T14:05:06+08:00 ] ERR: (ThinkException) 非法操作:bai2
[ 2014-05-07T14:05:21+08:00 ] ERR: (ThinkException) 非法操作:bai1
[ 2014-05-07T14:05:21+08:00 ] ERR: (ThinkException) 非法操作:白茶10
[ 2014-05-07T14:05:21+08:00 ] ERR: (ThinkException) 非法操作:bai2
[ 2014-05-07T14:05:21+08:00 ] ERR: (ThinkException) 非法操作:白茶6
[ 2014-05-07T14:06:05+08:00 ] ERR: (ThinkException) 非法操作:白茶10
[ 2014-05-07T14:06:05+08:00 ] ERR: (ThinkException) 非法操作:白茶6
[ 2014-05-07T14:06:05+08:00 ] ERR: (ThinkException) 非法操作:bai1
[ 2014-05-07T14:06:05+08:00 ] ERR: (ThinkException) 非法操作:bai2
[ 2014-05-07T14:06:47+08:00 ] ERR: (ThinkException) 非法操作:白茶6
[ 2014-05-07T14:06:47+08:00 ] ERR: (ThinkException) 非法操作:白茶10
[ 2014-05-07T14:06:47+08:00 ] ERR: (ThinkException) 非法操作:bai1
[ 2014-05-07T14:06:47+08:00 ] ERR: (ThinkException) 非法操作:bai2
[ 2014-05-07T14:08:16+08:00 ] ERR: (ThinkException) 非法操作:白茶10
[ 2014-05-07T14:08:16+08:00 ] ERR: (ThinkException) 非法操作:白茶6
[ 2014-05-07T14:08:16+08:00 ] ERR: (ThinkException) 非法操作:bai1
[ 2014-05-07T14:08:16+08:00 ] ERR: (ThinkException) 非法操作:bai2
[ 2014-05-07T14:34:53+08:00 ] ERR: (ThinkException) 非法操作:白茶10
[ 2014-05-07T14:34:53+08:00 ] ERR: (ThinkException) 非法操作:白茶6
[ 2014-05-07T14:34:53+08:00 ] ERR: (ThinkException) 非法操作:bai1
[ 2014-05-07T14:34:53+08:00 ] ERR: (ThinkException) 非法操作:bai2
[ 2014-05-07T14:37:41+08:00 ] ERR: (ThinkException) 非法操作:白茶10
[ 2014-05-07T14:37:41+08:00 ] ERR: (ThinkException) 非法操作:白茶6
[ 2014-05-07T14:37:41+08:00 ] ERR: (ThinkException) 非法操作:bai2
[ 2014-05-07T14:37:41+08:00 ] ERR: (ThinkException) 非法操作:bai1
[ 2014-05-07T14:47:02+08:00 ] ERR: (ThinkException) 非法操作:白茶10
[ 2014-05-07T14:47:02+08:00 ] ERR: (ThinkException) 非法操作:白茶6
[ 2014-05-07T14:47:02+08:00 ] ERR: (ThinkException) 非法操作:bai1
[ 2014-05-07T14:47:02+08:00 ] ERR: (ThinkException) 非法操作:bai2
[ 2014-05-07T14:51:19+08:00 ] ERR: (ThinkException) 非法操作:白茶6
[ 2014-05-07T14:51:19+08:00 ] ERR: (ThinkException) 非法操作:白茶10
[ 2014-05-07T14:59:35+08:00 ] ERR: (ThinkException) 非法操作:白茶10
[ 2014-05-07T14:59:35+08:00 ] ERR: (ThinkException) 非法操作:白茶6
[ 2014-05-07T20:14:13+08:00 ] ERR: (ThinkException) 非法操作:login
[ 2014-05-07T20:14:19+08:00 ] ERR: (ThinkException) 非法操作:login
[ 2014-05-07T20:20:20+08:00 ] ERR: (ThinkException) 非法操作:白茶6
[ 2014-05-07T20:20:20+08:00 ] ERR: (ThinkException) 非法操作:白茶10
[ 2014-05-07T20:20:20+08:00 ] ERR: (ThinkException) 非法操作:白茶6
[ 2014-05-07T20:20:20+08:00 ] ERR: (ThinkException) 非法操作:白茶10
[ 2014-05-07T20:27:07+08:00 ] ERR: (ThinkException) 非法操作:白茶10
[ 2014-05-07T20:27:07+08:00 ] ERR: (ThinkException) 非法操作:白茶6
[ 2014-05-07T20:28:54+08:00 ] ERR: (ThinkException) 非法操作:白茶10
[ 2014-05-07T20:28:54+08:00 ] ERR: (ThinkException) 非法操作:白茶6
[ 2014-05-07T20:28:56+08:00 ] ERR: (ThinkException) 非法操作:白茶6
[ 2014-05-07T20:28:56+08:00 ] ERR: (ThinkException) 非法操作:白茶10
[ 2014-05-07T20:33:01+08:00 ] ERR: (ThinkException) 非法操作:白茶6
[ 2014-05-07T20:33:01+08:00 ] ERR: (ThinkException) 非法操作:白茶10
[ 2014-05-07T20:33:17+08:00 ] ERR: (ThinkException) 非法操作:白茶10
[ 2014-05-07T20:33:17+08:00 ] ERR: (ThinkException) 非法操作:白茶6
[ 2014-05-07T20:33:39+08:00 ] ERR: (ThinkException) 非法操作:白茶10
[ 2014-05-07T20:33:39+08:00 ] ERR: (ThinkException) 非法操作:白茶6
[ 2014-05-07T20:35:01+08:00 ] ERR: (ThinkException) 非法操作:白茶10
[ 2014-05-07T20:35:01+08:00 ] ERR: (ThinkException) 非法操作:白茶6
[ 2014-05-07T20:35:57+08:00 ] ERR: (ThinkException) 非法操作:白茶10
[ 2014-05-07T20:35:57+08:00 ] ERR: (ThinkException) 非法操作:白茶6
[ 2014-05-07T20:36:17+08:00 ] ERR: (ThinkException) 非法操作:白茶10
[ 2014-05-07T20:36:17+08:00 ] ERR: (ThinkException) 非法操作:白茶6
[ 2014-05-07T20:38:18+08:00 ] ERR: (ThinkException) 非法操作:白茶6
[ 2014-05-07T20:38:18+08:00 ] ERR: (ThinkException) 非法操作:白茶10
[ 2014-05-07T20:38:32+08:00 ] ERR: (ThinkException) 非法操作:白茶10
[ 2014-05-07T20:38:32+08:00 ] ERR: (ThinkException) 非法操作:白茶6
[ 2014-05-07T20:38:32+08:00 ] ERR: (ThinkException) 非法操作:白茶6
[ 2014-05-07T20:38:32+08:00 ] ERR: (ThinkException) 非法操作:白茶10
[ 2014-05-07T20:38:51+08:00 ] ERR: (ThinkException) 非法操作:白茶10
[ 2014-05-07T20:38:51+08:00 ] ERR: (ThinkException) 非法操作:白茶6
[ 2014-05-07T20:39:46+08:00 ] ERR: (ThinkException) 非法操作:白茶10
[ 2014-05-07T20:39:46+08:00 ] ERR: (ThinkException) 非法操作:白茶6
[ 2014-05-07T20:40:02+08:00 ] ERR: (ThinkException) 非法操作:白茶6
[ 2014-05-07T20:40:02+08:00 ] ERR: (ThinkException) 非法操作:白茶10
[ 2014-05-07T20:40:02+08:00 ] ERR: (ThinkException) 非法操作:白茶6
[ 2014-05-07T20:40:15+08:00 ] ERR: (ThinkException) 非法操作:白茶10
[ 2014-05-07T20:40:15+08:00 ] ERR: (ThinkException) 非法操作:白茶6
[ 2014-05-07T20:40:28+08:00 ] ERR: (ThinkException) 非法操作:白茶6
[ 2014-05-07T20:40:28+08:00 ] ERR: (ThinkException) 非法操作:白茶10
[ 2014-05-07T20:40:41+08:00 ] ERR: (ThinkException) 非法操作:白茶6
[ 2014-05-07T20:40:41+08:00 ] ERR: (ThinkException) 非法操作:白茶10
[ 2014-05-07T20:40:54+08:00 ] ERR: (ThinkException) 非法操作:白茶6
[ 2014-05-07T20:40:54+08:00 ] ERR: (ThinkException) 非法操作:白茶10
[ 2014-05-07T20:41:18+08:00 ] ERR: (ThinkException) 非法操作:白茶6
[ 2014-05-07T20:41:18+08:00 ] ERR: (ThinkException) 非法操作:白茶10
[ 2014-05-07T20:41:30+08:00 ] ERR: (ThinkException) 非法操作:白茶10
[ 2014-05-07T20:41:30+08:00 ] ERR: (ThinkException) 非法操作:白茶6
[ 2014-05-07T20:41:38+08:00 ] ERR: (ThinkException) 非法操作:白茶10
[ 2014-05-07T20:41:38+08:00 ] ERR: (ThinkException) 非法操作:白茶6
[ 2014-05-07T20:42:15+08:00 ] ERR: (ThinkException) 非法操作:白茶10
[ 2014-05-07T20:42:15+08:00 ] ERR: (ThinkException) 非法操作:白茶6
[ 2014-05-07T20:42:15+08:00 ] ERR: (ThinkException) 非法操作:白茶10
[ 2014-05-07T20:42:50+08:00 ] ERR: (ThinkException) 非法操作:白茶10
[ 2014-05-07T20:42:51+08:00 ] ERR: (ThinkException) 非法操作:白茶6
[ 2014-05-07T20:42:54+08:00 ] ERR: (ThinkException) 非法操作:白茶10
[ 2014-05-07T20:42:54+08:00 ] ERR: (ThinkException) 非法操作:白茶6
[ 2014-05-07T20:43:05+08:00 ] ERR: (ThinkException) 非法操作:白茶6
[ 2014-05-07T20:43:06+08:00 ] ERR: (ThinkException) 非法操作:白茶10
[ 2014-05-07T20:43:06+08:00 ] ERR: (ThinkException) 非法操作:白茶6
[ 2014-05-07T20:43:06+08:00 ] ERR: (ThinkException) 非法操作:白茶10
[ 2014-05-07T20:44:08+08:00 ] ERR: (ThinkException) 非法操作:白茶10
[ 2014-05-07T20:44:08+08:00 ] ERR: (ThinkException) 非法操作:白茶6
[ 2014-05-07T20:44:23+08:00 ] ERR: (ThinkException) 非法操作:白茶10
[ 2014-05-07T20:44:23+08:00 ] ERR: (ThinkException) 非法操作:白茶6
[ 2014-05-07T20:49:01+08:00 ] 127.0.0.1 /teaShop/index.php/Reg/checkName?username=41
INFO: [ app_begin ] --START--
INFO: Run ReadHtmlCache Behavior [ RunTime:0.000692s ]
INFO: [ app_begin ] --END-- [ RunTime:0.000752s ]
SQL: DESCRIBE t_user [ RunTime:0.003703s ]
SQL: SELECT * FROM `t_user` WHERE ( `User_Name` = '41' ) LIMIT 1   [ RunTime:0.000377s ]

[ 2014-05-07T20:49:09+08:00 ] 127.0.0.1 /teaShop/index.php/Reg/checkName?username=qin
INFO: [ app_begin ] --START--
INFO: Run ReadHtmlCache Behavior [ RunTime:0.000713s ]
INFO: [ app_begin ] --END-- [ RunTime:0.000773s ]
SQL: DESCRIBE t_user [ RunTime:0.003615s ]
SQL: SELECT * FROM `t_user` WHERE ( `User_Name` = 'qin' ) LIMIT 1   [ RunTime:0.000362s ]

[ 2014-05-07T20:49:42+08:00 ] 127.0.0.1 /teaShop/index.php/Reg/checkEmail?email=1%40qq.com
INFO: [ app_begin ] --START--
INFO: Run ReadHtmlCache Behavior [ RunTime:0.000594s ]
INFO: [ app_begin ] --END-- [ RunTime:0.000648s ]
SQL: DESCRIBE t_user [ RunTime:0.003759s ]
SQL: SELECT * FROM `t_user` WHERE ( `User_Email` = '1@qq.com' ) LIMIT 1   [ RunTime:0.000367s ]

[ 2014-05-07T20:49:44+08:00 ] 127.0.0.1 /teaShop/index.php/Reg/checkEmail?email=1%40qq.com
INFO: [ app_begin ] --START--
INFO: Run ReadHtmlCache Behavior [ RunTime:0.000635s ]
INFO: [ app_begin ] --END-- [ RunTime:0.000691s ]
SQL: DESCRIBE t_user [ RunTime:0.003810s ]
SQL: SELECT * FROM `t_user` WHERE ( `User_Email` = '1@qq.com' ) LIMIT 1   [ RunTime:0.000381s ]

[ 2014-05-07T20:49:49+08:00 ] 127.0.0.1 /teaShop/index.php/Reg/checkName?username=qin
INFO: [ app_begin ] --START--
INFO: Run ReadHtmlCache Behavior [ RunTime:0.000673s ]
INFO: [ app_begin ] --END-- [ RunTime:0.000731s ]
SQL: DESCRIBE t_user [ RunTime:0.003707s ]
SQL: SELECT * FROM `t_user` WHERE ( `User_Name` = 'qin' ) LIMIT 1   [ RunTime:0.000407s ]

[ 2014-05-07T20:53:35+08:00 ] ERR: (ThinkException) 非法操作:白茶10
[ 2014-05-07T20:53:35+08:00 ] ERR: (ThinkException) 非法操作:白茶6
[ 2014-05-07T21:08:03+08:00 ] 127.0.0.1 /teaShop/index.php/Reg/checkName?username=qin
INFO: [ app_begin ] --START--
INFO: Run ReadHtmlCache Behavior [ RunTime:0.000675s ]
INFO: [ app_begin ] --END-- [ RunTime:0.000733s ]
SQL: DESCRIBE t_user [ RunTime:0.003843s ]
SQL: SELECT * FROM `t_user` WHERE ( `User_Name` = 'qin' ) LIMIT 1   [ RunTime:0.000386s ]

[ 2014-05-07T21:08:21+08:00 ] 127.0.0.1 /teaShop/index.php/Reg/checkEmail?email=123%40qq.com
INFO: [ app_begin ] --START--
INFO: Run ReadHtmlCache Behavior [ RunTime:0.000656s ]
INFO: [ app_begin ] --END-- [ RunTime:0.000716s ]
SQL: DESCRIBE t_user [ RunTime:0.003855s ]
SQL: SELECT * FROM `t_user` WHERE ( `User_Email` = '123@qq.com' ) LIMIT 1   [ RunTime:0.000410s ]

[ 2014-05-07T21:08:27+08:00 ] 127.0.0.1 /teaShop/index.php/Reg/checkEmail?email=1234%40qq.com
INFO: [ app_begin ] --START--
INFO: Run ReadHtmlCache Behavior [ RunTime:0.000638s ]
INFO: [ app_begin ] --END-- [ RunTime:0.000698s ]
SQL: DESCRIBE t_user [ RunTime:0.004714s ]
SQL: SELECT * FROM `t_user` WHERE ( `User_Email` = '1234@qq.com' ) LIMIT 1   [ RunTime:0.000389s ]

[ 2014-05-07T21:08:31+08:00 ] 127.0.0.1 /teaShop/index.php/Reg/checkCode?code=9147
INFO: [ app_begin ] --START--
INFO: Run ReadHtmlCache Behavior [ RunTime:0.000730s ]
INFO: [ app_begin ] --END-- [ RunTime:0.000793s ]

[ 2014-05-07T21:08:48+08:00 ] 127.0.0.1 /teaShop/index.php/Reg/checkName?username=qin
INFO: [ app_begin ] --START--
INFO: Run ReadHtmlCache Behavior [ RunTime:0.000627s ]
INFO: [ app_begin ] --END-- [ RunTime:0.000682s ]
SQL: DESCRIBE t_user [ RunTime:0.003791s ]
SQL: SELECT * FROM `t_user` WHERE ( `User_Name` = 'qin' ) LIMIT 1   [ RunTime:0.000407s ]

[ 2014-05-07T21:08:59+08:00 ] 127.0.0.1 /teaShop/index.php/Reg/checkEmail?email=1234%40qq.com
INFO: [ app_begin ] --START--
INFO: Run ReadHtmlCache Behavior [ RunTime:0.000570s ]
INFO: [ app_begin ] --END-- [ RunTime:0.000628s ]
SQL: DESCRIBE t_user [ RunTime:0.003659s ]
SQL: SELECT * FROM `t_user` WHERE ( `User_Email` = '1234@qq.com' ) LIMIT 1   [ RunTime:0.000321s ]

[ 2014-05-07T21:09:05+08:00 ] 127.0.0.1 /teaShop/index.php/Reg/checkCode?code=8671
INFO: [ app_begin ] --START--
INFO: Run ReadHtmlCache Behavior [ RunTime:0.000660s ]
INFO: [ app_begin ] --END-- [ RunTime:0.000720s ]

[ 2014-05-07T21:09:12+08:00 ] 127.0.0.1 /teaShop/index.php/Reg/checkCode?code=8671
INFO: [ app_begin ] --START--
INFO: Run ReadHtmlCache Behavior [ RunTime:0.000699s ]
INFO: [ app_begin ] --END-- [ RunTime:0.000763s ]

[ 2014-05-07T21:09:12+08:00 ] ERR: (ThinkException) 非法操作:白茶6
[ 2014-05-07T21:09:12+08:00 ] ERR: (ThinkException) 非法操作:白茶10
[ 2014-05-07T21:09:28+08:00 ] ERR: (ThinkException) 非法操作:白茶6
[ 2014-05-07T21:09:28+08:00 ] ERR: (ThinkException) 非法操作:白茶10
[ 2014-05-07T21:10:04+08:00 ] ERR: (ThinkException) 非法操作:白茶10
[ 2014-05-07T21:10:04+08:00 ] ERR: (ThinkException) 非法操作:白茶6
[ 2014-05-07T21:10:18+08:00 ] ERR: (ThinkException) 非法操作:白茶10
[ 2014-05-07T21:10:18+08:00 ] ERR: (ThinkException) 非法操作:白茶6
[ 2014-05-07T21:10:18+08:00 ] ERR: (ThinkException) 非法操作:白茶10
[ 2014-05-07T21:10:18+08:00 ] ERR: (ThinkException) 非法操作:白茶6
[ 2014-05-07T21:10:46+08:00 ] ERR: (ThinkException) 非法操作:白茶10
[ 2014-05-07T21:10:46+08:00 ] ERR: (ThinkException) 非法操作:白茶6
[ 2014-05-07T21:10:50+08:00 ] ERR: (ThinkException) 非法操作:白茶10
[ 2014-05-07T21:10:50+08:00 ] ERR: (ThinkException) 非法操作:白茶6
[ 2014-05-07T21:10:58+08:00 ] 127.0.0.1 /teaShop/index.php/Reg/checkName?username=qin2
INFO: [ app_begin ] --START--
INFO: Run ReadHtmlCache Behavior [ RunTime:0.000625s ]
INFO: [ app_begin ] --END-- [ RunTime:0.000685s ]
SQL: DESCRIBE t_user [ RunTime:0.003765s ]
SQL: SELECT * FROM `t_user` WHERE ( `User_Name` = 'qin2' ) LIMIT 1   [ RunTime:0.000413s ]

[ 2014-05-07T21:11:02+08:00 ] 127.0.0.1 /teaShop/index.php/Reg/checkName?username=qin3
INFO: [ app_begin ] --START--
INFO: Run ReadHtmlCache Behavior [ RunTime:0.000616s ]
INFO: [ app_begin ] --END-- [ RunTime:0.000673s ]
SQL: DESCRIBE t_user [ RunTime:0.003583s ]
SQL: SELECT * FROM `t_user` WHERE ( `User_Name` = 'qin3' ) LIMIT 1   [ RunTime:0.000357s ]

[ 2014-05-07T21:11:13+08:00 ] 127.0.0.1 /teaShop/index.php/Reg/checkEmail?email=456%40qq.com
INFO: [ app_begin ] --START--
INFO: Run ReadHtmlCache Behavior [ RunTime:0.000617s ]
INFO: [ app_begin ] --END-- [ RunTime:0.000672s ]
SQL: DESCRIBE t_user [ RunTime:0.003531s ]
SQL: SELECT * FROM `t_user` WHERE ( `User_Email` = '456@qq.com' ) LIMIT 1   [ RunTime:0.000418s ]

[ 2014-05-07T21:11:18+08:00 ] 127.0.0.1 /teaShop/index.php/Reg/checkEmail?email=4567%40qq.com
INFO: [ app_begin ] --START--
INFO: Run ReadHtmlCache Behavior [ RunTime:0.000553s ]
INFO: [ app_begin ] --END-- [ RunTime:0.000610s ]
SQL: DESCRIBE t_user [ RunTime:0.003963s ]
SQL: SELECT * FROM `t_user` WHERE ( `User_Email` = '4567@qq.com' ) LIMIT 1   [ RunTime:0.000390s ]

[ 2014-05-07T21:11:24+08:00 ] 127.0.0.1 /teaShop/index.php/Reg/checkCode?code=8929
INFO: [ app_begin ] --START--
INFO: Run ReadHtmlCache Behavior [ RunTime:0.000699s ]
INFO: [ app_begin ] --END-- [ RunTime:0.000759s ]

[ 2014-05-07T21:11:28+08:00 ] 127.0.0.1 /teaShop/index.php/Reg/checkCode?code=8929
INFO: [ app_begin ] --START--
INFO: Run ReadHtmlCache Behavior [ RunTime:0.000707s ]
INFO: [ app_begin ] --END-- [ RunTime:0.000767s ]

[ 2014-05-07T21:11:29+08:00 ] ERR: (ThinkException) 非法操作:白茶10
[ 2014-05-07T21:11:29+08:00 ] ERR: (ThinkException) 非法操作:白茶6
[ 2014-05-07T21:15:59+08:00 ] 127.0.0.1 /teaShop/index.php/Reg/checkCode?code=1111
INFO: [ app_begin ] --START--
INFO: Run ReadHtmlCache Behavior [ RunTime:0.000691s ]
INFO: [ app_begin ] --END-- [ RunTime:0.000751s ]

[ 2014-05-07T21:17:55+08:00 ] 127.0.0.1 /teaShop/index.php/Reg/checkName?username=4446
INFO: [ app_begin ] --START--
INFO: Run ReadHtmlCache Behavior [ RunTime:0.000592s ]
INFO: [ app_begin ] --END-- [ RunTime:0.000649s ]
SQL: DESCRIBE t_user [ RunTime:0.003855s ]
SQL: SELECT * FROM `t_user` WHERE ( `User_Name` = '4446' ) LIMIT 1   [ RunTime:0.000405s ]

[ 2014-05-07T21:18:10+08:00 ] 127.0.0.1 /teaShop/index.php/Reg/checkEmail?email=45%40qq.com
INFO: [ app_begin ] --START--
INFO: Run ReadHtmlCache Behavior [ RunTime:0.000670s ]
INFO: [ app_begin ] --END-- [ RunTime:0.000729s ]
SQL: DESCRIBE t_user [ RunTime:0.003801s ]
SQL: SELECT * FROM `t_user` WHERE ( `User_Email` = '45@qq.com' ) LIMIT 1   [ RunTime:0.000371s ]

[ 2014-05-07T21:18:19+08:00 ] 127.0.0.1 /teaShop/index.php/Reg/checkCode?code=6322
INFO: [ app_begin ] --START--
INFO: Run ReadHtmlCache Behavior [ RunTime:0.000604s ]
INFO: [ app_begin ] --END-- [ RunTime:0.000659s ]

[ 2014-05-07T21:19:53+08:00 ] 127.0.0.1 /teaShop/index.php/Reg/checkName?username=4444
INFO: [ app_begin ] --START--
INFO: Run ReadHtmlCache Behavior [ RunTime:0.000714s ]
INFO: [ app_begin ] --END-- [ RunTime:0.000786s ]
SQL: DESCRIBE t_user [ RunTime:0.003797s ]
SQL: SELECT * FROM `t_user` WHERE ( `User_Name` = '4444' ) LIMIT 1   [ RunTime:0.000392s ]

[ 2014-05-07T21:20:07+08:00 ] 127.0.0.1 /teaShop/index.php/Reg/checkEmail?email=12%40qq.com
INFO: [ app_begin ] --START--
INFO: Run ReadHtmlCache Behavior [ RunTime:0.000697s ]
INFO: [ app_begin ] --END-- [ RunTime:0.000757s ]
SQL: DESCRIBE t_user [ RunTime:0.003945s ]
SQL: SELECT * FROM `t_user` WHERE ( `User_Email` = '12@qq.com' ) LIMIT 1   [ RunTime:0.000395s ]

[ 2014-05-07T21:20:22+08:00 ] 127.0.0.1 /teaShop/index.php/Reg/checkCode?code=7594
INFO: [ app_begin ] --START--
INFO: Run ReadHtmlCache Behavior [ RunTime:0.000654s ]
INFO: [ app_begin ] --END-- [ RunTime:0.000712s ]

[ 2014-05-07T21:20:24+08:00 ] ERR: (ThinkException) 非法操作:白茶10
[ 2014-05-07T21:20:24+08:00 ] ERR: (ThinkException) 非法操作:白茶6
[ 2014-05-07T21:20:42+08:00 ] 127.0.0.1 /teaShop/index.php/Reg/checkName?username=hai
INFO: [ app_begin ] --START--
INFO: Run ReadHtmlCache Behavior [ RunTime:0.000643s ]
INFO: [ app_begin ] --END-- [ RunTime:0.000703s ]
SQL: DESCRIBE t_user [ RunTime:0.003594s ]
SQL: SELECT * FROM `t_user` WHERE ( `User_Name` = 'hai' ) LIMIT 1   [ RunTime:0.000380s ]

[ 2014-05-07T21:20:58+08:00 ] 127.0.0.1 /teaShop/index.php/Reg/checkEmail?email=45%40qq.com
INFO: [ app_begin ] --START--
INFO: Run ReadHtmlCache Behavior [ RunTime:0.000599s ]
INFO: [ app_begin ] --END-- [ RunTime:0.000657s ]
SQL: DESCRIBE t_user [ RunTime:0.003931s ]
SQL: SELECT * FROM `t_user` WHERE ( `User_Email` = '45@qq.com' ) LIMIT 1   [ RunTime:0.000381s ]

[ 2014-05-07T21:21:07+08:00 ] 127.0.0.1 /teaShop/index.php/Reg/checkCode?code=6073
INFO: [ app_begin ] --START--
INFO: Run ReadHtmlCache Behavior [ RunTime:0.000664s ]
INFO: [ app_begin ] --END-- [ RunTime:0.000724s ]

[ 2014-05-07T21:21:10+08:00 ] ERR: (ThinkException) 非法操作:白茶10
[ 2014-05-07T21:21:10+08:00 ] ERR: (ThinkException) 非法操作:白茶6
[ 2014-05-07T21:21:29+08:00 ] ERR: (ThinkException) 非法操作:白茶6
[ 2014-05-07T21:21:29+08:00 ] ERR: (ThinkException) 非法操作:白茶10
[ 2014-05-07T21:24:27+08:00 ] ERR: (ThinkException) 非法操作:白茶10
[ 2014-05-07T21:24:27+08:00 ] ERR: (ThinkException) 非法操作:白茶6
[ 2014-05-07T21:26:20+08:00 ] ERR: (ThinkException) 非法操作:白茶10
[ 2014-05-07T21:26:20+08:00 ] ERR: (ThinkException) 非法操作:白茶6
[ 2014-05-07T21:30:00+08:00 ] ERR: (ThinkException) 非法操作:白茶10
[ 2014-05-07T21:30:00+08:00 ] ERR: (ThinkException) 非法操作:白茶6
[ 2014-05-07T21:34:38+08:00 ] ERR: (ThinkException) 非法操作:白茶10
[ 2014-05-07T21:34:38+08:00 ] ERR: (ThinkException) 非法操作:白茶6
